00:19:44.479  INFO  manager.ApplicationManager - All tests star in Chrome Browser
00:19:46.262  INFO  manager.ApplicationManager - Current Url -->https://telranedu.web.app/home
00:19:46.269  INFO  manager.ListenerTNG - onStart ---Gradle test
00:19:46.301  INFO  tests.TestBase - The name of starts method is --->addContactSuccessAllFields
00:19:46.303  INFO  manager.ListenerWD - Before find elements --> By.xpath: //button[text()='Sign Out']
00:19:51.375  INFO  manager.ListenerWD - After find elements --> By.xpath: //button[text()='Sign Out']
00:19:51.376  INFO  manager.ListenerWD - List suze is --> 0
00:19:51.398  INFO  manager.ListenerWD - Before find element --> By.cssSelector: a[href='/login']
00:19:51.455  INFO  manager.ListenerWD - After find element --> By.cssSelector: a[href='/login']
00:19:51.490  INFO  manager.ListenerWD - Before find element --> By.cssSelector: a[href='/login']
00:19:51.523  INFO  manager.ListenerWD - After find element --> By.cssSelector: a[href='/login']
00:19:51.857  INFO  manager.ListenerWD - Before find element --> By.name: email
00:19:51.912  INFO  manager.ListenerWD - After find element --> By.name: email
00:19:52.298  INFO  manager.ListenerWD - Before find element --> By.name: password
00:19:52.358  INFO  manager.ListenerWD - After find element --> By.name: password
00:19:52.490  INFO  manager.ListenerWD - Before find element --> By.cssSelector: [name='login']
00:19:52.548  INFO  manager.ListenerWD - After find element --> By.cssSelector: [name='login']
00:19:52.632  INFO  manager.ListenerTNG - onTestStart ---addContactSuccessAllFields
00:19:52.638  INFO  tests.TestBase - Tests start with data : Contact(name=Lisa1559, lastName=Simpson, email=lisa1559@mail.ru, address=NY, phone=11111111559, description=All fields)
00:19:52.638  INFO  manager.ListenerWD - Before find element --> By.cssSelector: a[href='/add']
00:19:53.778  INFO  manager.ListenerWD - After find element --> By.cssSelector: a[href='/add']
00:19:54.128  INFO  manager.ListenerWD - Before find element --> By.cssSelector: input[placeholder='Name']
00:19:54.182  INFO  manager.ListenerWD - After find element --> By.cssSelector: input[placeholder='Name']
00:19:54.320  INFO  manager.ListenerWD - Before find element --> By.cssSelector: input[placeholder='Last Name']
00:19:54.346  INFO  manager.ListenerWD - After find element --> By.cssSelector: input[placeholder='Last Name']
00:19:54.490  INFO  manager.ListenerWD - Before find element --> By.cssSelector: input[placeholder='Phone']
00:19:54.524  INFO  manager.ListenerWD - After find element --> By.cssSelector: input[placeholder='Phone']
00:19:54.704  INFO  manager.ListenerWD - Before find element --> By.cssSelector: input[placeholder='email']
00:19:54.757  INFO  manager.ListenerWD - After find element --> By.cssSelector: input[placeholder='email']
00:19:55.012  INFO  manager.ListenerWD - Before find element --> By.cssSelector: input[placeholder='Address']
00:19:55.056  INFO  manager.ListenerWD - After find element --> By.cssSelector: input[placeholder='Address']
00:19:55.566  INFO  manager.ListenerWD - Before find element --> By.cssSelector: input[placeholder='description']
00:19:55.613  INFO  manager.ListenerWD - After find element --> By.cssSelector: input[placeholder='description']
00:19:56.438  INFO  manager.ListenerWD - Before find element --> By.xpath: //b[text()='Save']
00:19:56.604  INFO  manager.ListenerWD - After find element --> By.xpath: //b[text()='Save']
00:19:56.708  INFO  manager.ListenerWD - Before find elements --> By.cssSelector: h2
00:19:57.611  INFO  manager.ListenerWD - After find elements --> By.cssSelector: h2
00:19:57.612  INFO  manager.ListenerWD - List suze is --> 26
00:19:58.042  INFO  manager.ListenerWD - Before find elements --> By.cssSelector: h3
00:19:58.229  INFO  manager.ListenerWD - After find elements --> By.cssSelector: h3
00:19:58.229  INFO  manager.ListenerWD - List suze is --> 26
00:19:58.620  INFO  manager.ListenerWD - Before find elements --> By.cssSelector: .contact-item_card__2SOIM
00:19:58.811  INFO  manager.ListenerWD - After find elements --> By.cssSelector: .contact-item_card__2SOIM
00:19:58.812  INFO  manager.ListenerWD - List suze is --> 26
00:19:59.190  INFO  manager.ListenerWD - Before find element --> By.cssSelector: .contact-item-detailed_card__50dTS
00:19:59.216  INFO  manager.ListenerWD - After find element --> By.cssSelector: .contact-item-detailed_card__50dTS
00:19:59.527  INFO  manager.ListenerWD - Before find element --> By.cssSelector: .contact-item-detailed_card__50dTS
00:19:59.557  INFO  manager.ListenerWD - After find element --> By.cssSelector: .contact-item-detailed_card__50dTS
00:19:59.750  INFO  manager.ListenerWD - Before find element --> By.cssSelector: .contact-item-detailed_card__50dTS
00:19:59.776  INFO  manager.ListenerWD - After find element --> By.cssSelector: .contact-item-detailed_card__50dTS
00:19:59.834  INFO  manager.ListenerWD - Before find element --> By.cssSelector: .contact-item-detailed_card__50dTS
00:19:59.856  INFO  manager.ListenerWD - After find element --> By.cssSelector: .contact-item-detailed_card__50dTS
00:19:59.902  INFO  manager.ListenerWD - Before find element --> By.cssSelector: .contact-item-detailed_card__50dTS
00:19:59.942  INFO  manager.ListenerWD - After find element --> By.cssSelector: .contact-item-detailed_card__50dTS
00:20:00.017  INFO  manager.ListenerWD - Before find element --> By.cssSelector: .contact-item-detailed_card__50dTS
00:20:00.039  INFO  manager.ListenerWD - After find element --> By.cssSelector: .contact-item-detailed_card__50dTS
00:20:00.094  INFO  manager.ListenerWD - Before find element --> By.cssSelector: .contact-item-detailed_card__50dTS
00:20:00.109  INFO  manager.ListenerWD - After find element --> By.cssSelector: .contact-item-detailed_card__50dTS
00:20:00.179  INFO  manager.ListenerWD - Before find element --> By.cssSelector: .contact-item-detailed_card__50dTS
00:20:00.210  INFO  manager.ListenerWD - After find element --> By.cssSelector: .contact-item-detailed_card__50dTS
00:20:00.290  INFO  manager.ListenerWD - Before find element --> By.cssSelector: .contact-item-detailed_card__50dTS
00:20:00.319  INFO  manager.ListenerWD - After find element --> By.cssSelector: .contact-item-detailed_card__50dTS
00:20:00.496  INFO  manager.ListenerWD - Before find element --> By.cssSelector: .contact-item-detailed_card__50dTS
00:20:00.510  INFO  manager.ListenerWD - After find element --> By.cssSelector: .contact-item-detailed_card__50dTS
00:20:00.664  INFO  manager.ListenerWD - Before find element --> By.cssSelector: .contact-item-detailed_card__50dTS
00:20:00.680  INFO  manager.ListenerWD - After find element --> By.cssSelector: .contact-item-detailed_card__50dTS
00:20:00.924  INFO  manager.ListenerWD - Before find element --> By.cssSelector: .contact-item-detailed_card__50dTS
00:20:00.949  INFO  manager.ListenerWD - After find element --> By.cssSelector: .contact-item-detailed_card__50dTS
00:20:01.090  INFO  manager.ListenerWD - Before find element --> By.cssSelector: .contact-item-detailed_card__50dTS
00:20:01.109  INFO  manager.ListenerWD - After find element --> By.cssSelector: .contact-item-detailed_card__50dTS
00:20:01.359  INFO  manager.ListenerWD - Before find element --> By.cssSelector: .contact-item-detailed_card__50dTS
00:20:01.370  INFO  manager.ListenerWD - After find element --> By.cssSelector: .contact-item-detailed_card__50dTS
00:20:01.503  INFO  manager.ListenerWD - Before find element --> By.cssSelector: .contact-item-detailed_card__50dTS
00:20:01.517  INFO  manager.ListenerWD - After find element --> By.cssSelector: .contact-item-detailed_card__50dTS
00:20:01.630  INFO  manager.ListenerWD - Before find element --> By.cssSelector: .contact-item-detailed_card__50dTS
00:20:01.654  INFO  manager.ListenerWD - After find element --> By.cssSelector: .contact-item-detailed_card__50dTS
00:20:01.852  INFO  manager.ListenerWD - Before find element --> By.cssSelector: .contact-item-detailed_card__50dTS
00:20:01.862  INFO  manager.ListenerWD - After find element --> By.cssSelector: .contact-item-detailed_card__50dTS
00:20:01.921  INFO  manager.ListenerWD - Before find element --> By.cssSelector: .contact-item-detailed_card__50dTS
00:20:01.933  INFO  manager.ListenerWD - After find element --> By.cssSelector: .contact-item-detailed_card__50dTS
00:20:01.966  INFO  manager.ListenerWD - Before find element --> By.cssSelector: .contact-item-detailed_card__50dTS
00:20:02.003  INFO  manager.ListenerWD - After find element --> By.cssSelector: .contact-item-detailed_card__50dTS
00:20:02.063  INFO  manager.ListenerWD - Before find element --> By.cssSelector: .contact-item-detailed_card__50dTS
00:20:02.111  INFO  manager.ListenerWD - After find element --> By.cssSelector: .contact-item-detailed_card__50dTS
00:20:02.147  INFO  manager.ListenerWD - Before find element --> By.cssSelector: .contact-item-detailed_card__50dTS
00:20:02.246  INFO  manager.ListenerWD - After find element --> By.cssSelector: .contact-item-detailed_card__50dTS
00:20:02.329  INFO  manager.ListenerWD - Before find element --> By.cssSelector: .contact-item-detailed_card__50dTS
00:20:02.409  INFO  manager.ListenerWD - After find element --> By.cssSelector: .contact-item-detailed_card__50dTS
00:20:02.449  INFO  manager.ListenerWD - Before find element --> By.cssSelector: .contact-item-detailed_card__50dTS
00:20:02.465  INFO  manager.ListenerWD - After find element --> By.cssSelector: .contact-item-detailed_card__50dTS
00:20:02.498  INFO  manager.ListenerWD - Before find element --> By.cssSelector: .contact-item-detailed_card__50dTS
00:20:02.510  INFO  manager.ListenerWD - After find element --> By.cssSelector: .contact-item-detailed_card__50dTS
00:20:02.559  INFO  manager.ListenerWD - Before find element --> By.cssSelector: .contact-item-detailed_card__50dTS
00:20:02.588  INFO  manager.ListenerWD - After find element --> By.cssSelector: .contact-item-detailed_card__50dTS
00:20:02.615  INFO  manager.ListenerWD - Before find element --> By.cssSelector: .contact-item-detailed_card__50dTS
00:20:02.627  INFO  manager.ListenerWD - After find element --> By.cssSelector: .contact-item-detailed_card__50dTS
00:20:02.646  INFO  manager.ListenerTNG - onTestSuccessaddContactSuccessAllFields
00:20:02.652  INFO  tests.TestBase - The name of starts method is --->addContactSuccessRequiredFields
00:20:02.653  INFO  manager.ListenerWD - Before find elements --> By.xpath: //button[text()='Sign Out']
00:20:02.668  INFO  manager.ListenerWD - After find elements --> By.xpath: //button[text()='Sign Out']
00:20:02.668  INFO  manager.ListenerWD - List suze is --> 1
00:20:02.669  INFO  manager.ListenerTNG - onTestStart ---addContactSuccessRequiredFields
00:20:02.670  INFO  manager.ListenerWD - Before find element --> By.cssSelector: a[href='/add']
00:20:02.680  INFO  manager.ListenerWD - After find element --> By.cssSelector: a[href='/add']
00:20:02.738  INFO  manager.ListenerWD - Before find element --> By.cssSelector: input[placeholder='Name']
00:20:02.752  INFO  manager.ListenerWD - After find element --> By.cssSelector: input[placeholder='Name']
00:20:02.832  INFO  manager.ListenerWD - Before find element --> By.cssSelector: input[placeholder='Last Name']
00:20:02.862  INFO  manager.ListenerWD - After find element --> By.cssSelector: input[placeholder='Last Name']
00:20:02.924  INFO  manager.ListenerWD - Before find element --> By.cssSelector: input[placeholder='Phone']
00:20:02.935  INFO  manager.ListenerWD - After find element --> By.cssSelector: input[placeholder='Phone']
00:20:03.003  INFO  manager.ListenerWD - Before find element --> By.cssSelector: input[placeholder='email']
00:20:03.018  INFO  manager.ListenerWD - After find element --> By.cssSelector: input[placeholder='email']
00:20:03.101  INFO  manager.ListenerWD - Before find element --> By.cssSelector: input[placeholder='Address']
00:20:03.110  INFO  manager.ListenerWD - After find element --> By.cssSelector: input[placeholder='Address']
00:20:03.172  INFO  manager.ListenerWD - Before find element --> By.cssSelector: input[placeholder='description']
00:20:03.182  INFO  manager.ListenerWD - After find element --> By.cssSelector: input[placeholder='description']
00:20:03.235  INFO  manager.ListenerWD - Before find element --> By.xpath: //b[text()='Save']
00:20:03.245  INFO  manager.ListenerWD - After find element --> By.xpath: //b[text()='Save']
00:20:03.270  INFO  manager.ListenerWD - Before find elements --> By.cssSelector: h2
00:20:03.856  INFO  manager.ListenerWD - After find elements --> By.cssSelector: h2
00:20:03.857  INFO  manager.ListenerWD - List suze is --> 27
00:20:04.133  INFO  manager.ListenerWD - Before find elements --> By.cssSelector: h3
00:20:04.232  INFO  manager.ListenerWD - After find elements --> By.cssSelector: h3
00:20:04.234  INFO  manager.ListenerWD - List suze is --> 27
00:20:04.549  INFO  manager.ListenerTNG - onTestSuccessaddContactSuccessRequiredFields
00:20:04.550  INFO  tests.TestBase - The name of starts method is --->addNewContactWrongAddress
00:20:04.551  INFO  manager.ListenerWD - Before find elements --> By.xpath: //button[text()='Sign Out']
00:20:04.590  INFO  manager.ListenerWD - After find elements --> By.xpath: //button[text()='Sign Out']
00:20:04.592  INFO  manager.ListenerWD - List suze is --> 1
00:20:04.593  INFO  manager.ListenerTNG - onTestStart ---addNewContactWrongAddress
00:20:04.595  INFO  manager.ListenerWD - Before find element --> By.cssSelector: a[href='/add']
00:20:04.613  INFO  manager.ListenerWD - After find element --> By.cssSelector: a[href='/add']
00:20:04.648  INFO  manager.ListenerWD - Before find element --> By.cssSelector: input[placeholder='Name']
00:20:04.676  INFO  manager.ListenerWD - After find element --> By.cssSelector: input[placeholder='Name']
00:20:04.741  INFO  manager.ListenerWD - Before find element --> By.cssSelector: input[placeholder='Last Name']
00:20:04.753  INFO  manager.ListenerWD - After find element --> By.cssSelector: input[placeholder='Last Name']
00:20:04.826  INFO  manager.ListenerWD - Before find element --> By.cssSelector: input[placeholder='Phone']
00:20:04.838  INFO  manager.ListenerWD - After find element --> By.cssSelector: input[placeholder='Phone']
00:20:04.912  INFO  manager.ListenerWD - Before find element --> By.cssSelector: input[placeholder='email']
00:20:04.925  INFO  manager.ListenerWD - After find element --> By.cssSelector: input[placeholder='email']
00:20:05.001  INFO  manager.ListenerWD - Before find element --> By.cssSelector: input[placeholder='Address']
00:20:05.010  INFO  manager.ListenerWD - After find element --> By.cssSelector: input[placeholder='Address']
00:20:05.070  INFO  manager.ListenerWD - Before find element --> By.cssSelector: input[placeholder='description']
00:20:05.091  INFO  manager.ListenerWD - After find element --> By.cssSelector: input[placeholder='description']
00:20:05.170  INFO  manager.ListenerWD - Before find element --> By.xpath: //b[text()='Save']
00:20:05.183  INFO  manager.ListenerWD - After find element --> By.xpath: //b[text()='Save']
00:20:05.205  INFO  manager.ListenerWD - Before find elements --> By.cssSelector: a.active[href='/add']
00:20:05.219  INFO  manager.ListenerWD - After find elements --> By.cssSelector: a.active[href='/add']
00:20:05.219  INFO  manager.ListenerWD - List suze is --> 1
00:20:05.220  INFO  manager.ListenerTNG - onTestSuccessaddNewContactWrongAddress
00:20:05.222  INFO  tests.TestBase - The name of starts method is --->addNewContactWrongEmail
00:20:05.223  INFO  manager.ListenerWD - Before find elements --> By.xpath: //button[text()='Sign Out']
00:20:05.236  INFO  manager.ListenerWD - After find elements --> By.xpath: //button[text()='Sign Out']
00:20:05.236  INFO  manager.ListenerWD - List suze is --> 1
00:20:05.237  INFO  manager.ListenerTNG - onTestStart ---addNewContactWrongEmail
00:20:05.238  INFO  manager.ListenerWD - Before find element --> By.cssSelector: a[href='/add']
00:20:05.248  INFO  manager.ListenerWD - After find element --> By.cssSelector: a[href='/add']
00:20:05.265  INFO  manager.ListenerWD - Before find element --> By.cssSelector: input[placeholder='Name']
00:20:05.277  INFO  manager.ListenerWD - After find element --> By.cssSelector: input[placeholder='Name']
00:20:05.411  INFO  manager.ListenerWD - Before find element --> By.cssSelector: input[placeholder='Last Name']
00:20:05.419  INFO  manager.ListenerWD - After find element --> By.cssSelector: input[placeholder='Last Name']
00:20:05.564  INFO  manager.ListenerWD - Before find element --> By.cssSelector: input[placeholder='Phone']
00:20:05.572  INFO  manager.ListenerWD - After find element --> By.cssSelector: input[placeholder='Phone']
00:20:05.631  INFO  manager.ListenerWD - Before find element --> By.cssSelector: input[placeholder='email']
00:20:05.645  INFO  manager.ListenerWD - After find element --> By.cssSelector: input[placeholder='email']
00:20:05.702  INFO  manager.ListenerWD - Before find element --> By.cssSelector: input[placeholder='Address']
00:20:05.714  INFO  manager.ListenerWD - After find element --> By.cssSelector: input[placeholder='Address']
00:20:05.765  INFO  manager.ListenerWD - Before find element --> By.cssSelector: input[placeholder='description']
00:20:05.777  INFO  manager.ListenerWD - After find element --> By.cssSelector: input[placeholder='description']
00:20:05.855  INFO  manager.ListenerWD - Before find element --> By.xpath: //b[text()='Save']
00:20:05.888  INFO  manager.ListenerWD - After find element --> By.xpath: //b[text()='Save']
00:20:05.903  INFO  manager.ListenerWD - Before find elements --> By.cssSelector: a.active[href='/add']
00:20:05.914  INFO  manager.ListenerWD - After find elements --> By.cssSelector: a.active[href='/add']
00:20:05.914  INFO  manager.ListenerWD - List suze is --> 1
00:20:05.963  INFO  manager.ListenerWD - The have a 'problem'
00:20:05.963  INFO  manager.ListenerWD - ******************
00:20:05.963  INFO  manager.ListenerWD - Method method ---> alert
00:20:05.963  INFO  manager.ListenerWD - ******************
00:20:05.965  INFO  manager.ListenerWD - InvocationTargetException getTargetException()org.openqa.selenium.NoAlertPresentException: no such alert
  (Session info: chrome=109.0.5414.119)
Build info: version: '4.7.1', revision: 'c6795baf1a3'
System info: os.name: 'Mac OS X', os.arch: 'x86_64', os.version: '12.2.1', java.version: '1.8.0_361'
Driver info: org.openqa.selenium.chrome.ChromeDriver
Command: [9d71fbe37d81d0773826de57bc2ece62, getAlertText {}]
Capabilities {acceptInsecureCerts: false, browserName: chrome, browserVersion: 109.0.5414.119, chrome: {chromedriverVersion: 108.0.5359.71 (1e0e3868ee06..., userDataDir: /var/folders/2f/zzc4g9ts1j9...}, goog:chromeOptions: {debuggerAddress: localhost:58423}, networkConnectionEnabled: false, pageLoadStrategy: normal, platformName: MAC, proxy: Proxy(), se:cdp: ws://localhost:58423/devtoo..., se:cdpVersion: 109.0.5414.119, setWindowRect: true, strictFileInteractability: false, timeouts: {implicit: 0, pageLoad: 300000, script: 30000}, unhandledPromptBehavior: dismiss and notify, webauthn:extension:credBlob: true, webauthn:extension:largeBlob: true, webauthn:virtualAuthenticators: true}
Session ID: 9d71fbe37d81d0773826de57bc2ece62
00:20:05.965  INFO  manager.ListenerWD - ******************
00:20:05.965  INFO  manager.ListenerWD - Object target --->org.openqa.selenium.remote.RemoteWebDriver$RemoteTargetLocator@1b9d9a2b
00:20:05.965  INFO  manager.ListenerWD - ******************
00:20:06.526  INFO  manager.ListenerTNG - onTestSuccessaddNewContactWrongEmail
00:20:06.530  INFO  tests.TestBase - The name of starts method is --->addNewContactWrongLastName
00:20:06.533  INFO  manager.ListenerWD - Before find elements --> By.xpath: //button[text()='Sign Out']
00:20:06.552  INFO  manager.ListenerWD - After find elements --> By.xpath: //button[text()='Sign Out']
00:20:06.552  INFO  manager.ListenerWD - List suze is --> 1
00:20:06.553  INFO  manager.ListenerTNG - onTestStart ---addNewContactWrongLastName
00:20:06.553  INFO  manager.ListenerWD - Before find element --> By.cssSelector: a[href='/add']
00:20:06.562  INFO  manager.ListenerWD - After find element --> By.cssSelector: a[href='/add']
00:20:06.588  INFO  manager.ListenerWD - Before find element --> By.cssSelector: input[placeholder='Name']
00:20:06.606  INFO  manager.ListenerWD - After find element --> By.cssSelector: input[placeholder='Name']
00:20:06.663  INFO  manager.ListenerWD - Before find element --> By.cssSelector: input[placeholder='Last Name']
00:20:06.673  INFO  manager.ListenerWD - After find element --> By.cssSelector: input[placeholder='Last Name']
00:20:06.734  INFO  manager.ListenerWD - Before find element --> By.cssSelector: input[placeholder='Phone']
00:20:06.744  INFO  manager.ListenerWD - After find element --> By.cssSelector: input[placeholder='Phone']
00:20:06.801  INFO  manager.ListenerWD - Before find element --> By.cssSelector: input[placeholder='email']
00:20:06.810  INFO  manager.ListenerWD - After find element --> By.cssSelector: input[placeholder='email']
00:20:06.883  INFO  manager.ListenerWD - Before find element --> By.cssSelector: input[placeholder='Address']
00:20:06.892  INFO  manager.ListenerWD - After find element --> By.cssSelector: input[placeholder='Address']
00:20:06.955  INFO  manager.ListenerWD - Before find element --> By.cssSelector: input[placeholder='description']
00:20:06.974  INFO  manager.ListenerWD - After find element --> By.cssSelector: input[placeholder='description']
00:20:07.054  INFO  manager.ListenerWD - Before find element --> By.xpath: //b[text()='Save']
00:20:07.064  INFO  manager.ListenerWD - After find element --> By.xpath: //b[text()='Save']
00:20:07.076  INFO  manager.ListenerWD - Before find elements --> By.cssSelector: a.active[href='/add']
00:20:07.085  INFO  manager.ListenerWD - After find elements --> By.cssSelector: a.active[href='/add']
00:20:07.086  INFO  manager.ListenerWD - List suze is --> 1
00:20:07.087  INFO  manager.ListenerTNG - onTestSuccessaddNewContactWrongLastName
00:20:07.088  INFO  tests.TestBase - The name of starts method is --->addNewContactWrongName
00:20:07.089  INFO  manager.ListenerWD - Before find elements --> By.xpath: //button[text()='Sign Out']
00:20:07.097  INFO  manager.ListenerWD - After find elements --> By.xpath: //button[text()='Sign Out']
00:20:07.097  INFO  manager.ListenerWD - List suze is --> 1
00:20:07.097  INFO  manager.ListenerTNG - onTestStart ---addNewContactWrongName
00:20:07.098  INFO  manager.ListenerWD - Before find element --> By.cssSelector: a[href='/add']
00:20:07.109  INFO  manager.ListenerWD - After find element --> By.cssSelector: a[href='/add']
00:20:07.124  INFO  manager.ListenerWD - Before find element --> By.cssSelector: input[placeholder='Name']
00:20:07.133  INFO  manager.ListenerWD - After find element --> By.cssSelector: input[placeholder='Name']
00:20:07.199  INFO  manager.ListenerWD - Before find element --> By.cssSelector: input[placeholder='Last Name']
00:20:07.210  INFO  manager.ListenerWD - After find element --> By.cssSelector: input[placeholder='Last Name']
00:20:07.265  INFO  manager.ListenerWD - Before find element --> By.cssSelector: input[placeholder='Phone']
00:20:07.285  INFO  manager.ListenerWD - After find element --> By.cssSelector: input[placeholder='Phone']
00:20:07.352  INFO  manager.ListenerWD - Before find element --> By.cssSelector: input[placeholder='email']
00:20:07.362  INFO  manager.ListenerWD - After find element --> By.cssSelector: input[placeholder='email']
00:20:07.414  INFO  manager.ListenerWD - Before find element --> By.cssSelector: input[placeholder='Address']
00:20:07.422  INFO  manager.ListenerWD - After find element --> By.cssSelector: input[placeholder='Address']
00:20:07.469  INFO  manager.ListenerWD - Before find element --> By.cssSelector: input[placeholder='description']
00:20:07.477  INFO  manager.ListenerWD - After find element --> By.cssSelector: input[placeholder='description']
00:20:07.534  INFO  manager.ListenerWD - Before find element --> By.xpath: //b[text()='Save']
00:20:07.543  INFO  manager.ListenerWD - After find element --> By.xpath: //b[text()='Save']
00:20:07.564  INFO  manager.ListenerWD - Before find elements --> By.cssSelector: a.active[href='/add']
00:20:07.572  INFO  manager.ListenerWD - After find elements --> By.cssSelector: a.active[href='/add']
00:20:07.573  INFO  manager.ListenerWD - List suze is --> 1
00:20:07.573  INFO  manager.ListenerTNG - onTestSuccessaddNewContactWrongName
00:20:07.574  INFO  tests.TestBase - The name of starts method is --->addNewContactWrongPhone
00:20:07.575  INFO  manager.ListenerWD - Before find elements --> By.xpath: //button[text()='Sign Out']
00:20:07.586  INFO  manager.ListenerWD - After find elements --> By.xpath: //button[text()='Sign Out']
00:20:07.587  INFO  manager.ListenerWD - List suze is --> 1
00:20:07.588  INFO  manager.ListenerTNG - onTestStart ---addNewContactWrongPhone
00:20:07.588  INFO  manager.ListenerWD - Before find element --> By.cssSelector: a[href='/add']
00:20:07.599  INFO  manager.ListenerWD - After find element --> By.cssSelector: a[href='/add']
00:20:07.615  INFO  manager.ListenerWD - Before find element --> By.cssSelector: input[placeholder='Name']
00:20:07.623  INFO  manager.ListenerWD - After find element --> By.cssSelector: input[placeholder='Name']
00:20:07.669  INFO  manager.ListenerWD - Before find element --> By.cssSelector: input[placeholder='Last Name']
00:20:07.676  INFO  manager.ListenerWD - After find element --> By.cssSelector: input[placeholder='Last Name']
00:20:07.727  INFO  manager.ListenerWD - Before find element --> By.cssSelector: input[placeholder='Phone']
00:20:07.736  INFO  manager.ListenerWD - After find element --> By.cssSelector: input[placeholder='Phone']
00:20:07.823  INFO  manager.ListenerWD - Before find element --> By.cssSelector: input[placeholder='email']
00:20:07.855  INFO  manager.ListenerWD - After find element --> By.cssSelector: input[placeholder='email']
00:20:07.984  INFO  manager.ListenerWD - Before find element --> By.cssSelector: input[placeholder='Address']
00:20:07.992  INFO  manager.ListenerWD - After find element --> By.cssSelector: input[placeholder='Address']
00:20:08.077  INFO  manager.ListenerWD - Before find element --> By.cssSelector: input[placeholder='description']
00:20:08.087  INFO  manager.ListenerWD - After find element --> By.cssSelector: input[placeholder='description']
00:20:08.150  INFO  manager.ListenerWD - Before find element --> By.xpath: //b[text()='Save']
00:20:08.161  INFO  manager.ListenerWD - After find element --> By.xpath: //b[text()='Save']
00:20:08.177  INFO  manager.ListenerWD - Before find elements --> By.cssSelector: a.active[href='/add']
00:20:08.192  INFO  manager.ListenerWD - After find elements --> By.cssSelector: a.active[href='/add']
00:20:08.193  INFO  manager.ListenerWD - List suze is --> 1
00:20:08.205  INFO  manager.ListenerWD - The have a 'problem'
00:20:08.205  INFO  manager.ListenerWD - ******************
00:20:08.205  INFO  manager.ListenerWD - Method method ---> alert
00:20:08.205  INFO  manager.ListenerWD - ******************
00:20:08.206  INFO  manager.ListenerWD - InvocationTargetException getTargetException()org.openqa.selenium.NoAlertPresentException: no such alert
  (Session info: chrome=109.0.5414.119)
Build info: version: '4.7.1', revision: 'c6795baf1a3'
System info: os.name: 'Mac OS X', os.arch: 'x86_64', os.version: '12.2.1', java.version: '1.8.0_361'
Driver info: org.openqa.selenium.chrome.ChromeDriver
Command: [9d71fbe37d81d0773826de57bc2ece62, getAlertText {}]
Capabilities {acceptInsecureCerts: false, browserName: chrome, browserVersion: 109.0.5414.119, chrome: {chromedriverVersion: 108.0.5359.71 (1e0e3868ee06..., userDataDir: /var/folders/2f/zzc4g9ts1j9...}, goog:chromeOptions: {debuggerAddress: localhost:58423}, networkConnectionEnabled: false, pageLoadStrategy: normal, platformName: MAC, proxy: Proxy(), se:cdp: ws://localhost:58423/devtoo..., se:cdpVersion: 109.0.5414.119, setWindowRect: true, strictFileInteractability: false, timeouts: {implicit: 0, pageLoad: 300000, script: 30000}, unhandledPromptBehavior: dismiss and notify, webauthn:extension:credBlob: true, webauthn:extension:largeBlob: true, webauthn:virtualAuthenticators: true}
Session ID: 9d71fbe37d81d0773826de57bc2ece62
00:20:08.206  INFO  manager.ListenerWD - ******************
00:20:08.206  INFO  manager.ListenerWD - Object target --->org.openqa.selenium.remote.RemoteWebDriver$RemoteTargetLocator@2de9ca6
00:20:08.206  INFO  manager.ListenerWD - ******************
00:20:08.757  INFO  manager.ListenerTNG - onTestSuccessaddNewContactWrongPhone
00:20:08.775  INFO  tests.TestBase - The name of starts method is --->loginSuccess
00:20:08.776  INFO  manager.ListenerWD - Before find elements --> By.xpath: //button[text()='Sign Out']
00:20:08.788  INFO  manager.ListenerWD - After find elements --> By.xpath: //button[text()='Sign Out']
00:20:08.789  INFO  manager.ListenerWD - List suze is --> 1
00:20:08.789  INFO  manager.ListenerWD - Before find element --> By.xpath: //button[text()='Sign Out']
00:20:08.801  INFO  manager.ListenerWD - After find element --> By.xpath: //button[text()='Sign Out']
00:20:08.843  INFO  tests.TestBase -  I need logout
00:20:08.844  INFO  manager.ListenerTNG - onTestStart ---loginSuccess
00:20:08.845  INFO  tests.TestBase - Login with valid data :  email: noa@gmail.com & password: Nnoa12345$
00:20:08.845  INFO  manager.ListenerWD - Before find element --> By.cssSelector: a[href='/login']
00:20:08.856  INFO  manager.ListenerWD - After find element --> By.cssSelector: a[href='/login']
00:20:08.871  INFO  manager.ListenerWD - Before find element --> By.cssSelector: a[href='/login']
00:20:08.880  INFO  manager.ListenerWD - After find element --> By.cssSelector: a[href='/login']
00:20:08.927  INFO  manager.ListenerWD - Before find element --> By.name: email
00:20:08.945  INFO  manager.ListenerWD - After find element --> By.name: email
00:20:09.025  INFO  manager.ListenerWD - Before find element --> By.name: password
00:20:09.039  INFO  manager.ListenerWD - After find element --> By.name: password
00:20:09.114  INFO  manager.ListenerWD - Before find element --> By.cssSelector: [name='login']
00:20:09.131  INFO  manager.ListenerWD - After find element --> By.cssSelector: [name='login']
00:20:09.159  INFO  manager.ListenerWD - Before find elements --> By.xpath: //button[text()='Sign Out']
00:20:09.504  INFO  manager.ListenerWD - After find elements --> By.xpath: //button[text()='Sign Out']
00:20:09.505  INFO  manager.ListenerWD - List suze is --> 1
00:20:09.505  INFO  tests.TestBase - Tests success
00:20:09.505  INFO  manager.ListenerTNG - onTestSuccessloginSuccess
00:20:09.506  INFO  tests.TestBase - The name of starts method is --->loginSuccess
00:20:09.508  INFO  manager.ListenerWD - Before find elements --> By.xpath: //button[text()='Sign Out']
00:20:09.520  INFO  manager.ListenerWD - After find elements --> By.xpath: //button[text()='Sign Out']
00:20:09.520  INFO  manager.ListenerWD - List suze is --> 1
00:20:09.520  INFO  manager.ListenerWD - Before find element --> By.xpath: //button[text()='Sign Out']
00:20:09.528  INFO  manager.ListenerWD - After find element --> By.xpath: //button[text()='Sign Out']
00:20:09.560  INFO  tests.TestBase -  I need logout
00:20:09.561  INFO  manager.ListenerTNG - onTestStart ---loginSuccess
00:20:09.561  INFO  tests.TestBase - Login with valid data :  email: sonya@gmail.com & password: Ss12345$
00:20:09.561  INFO  manager.ListenerWD - Before find element --> By.cssSelector: a[href='/login']
00:20:09.571  INFO  manager.ListenerWD - After find element --> By.cssSelector: a[href='/login']
00:20:09.580  INFO  manager.ListenerWD - Before find element --> By.cssSelector: a[href='/login']
00:20:09.590  INFO  manager.ListenerWD - After find element --> By.cssSelector: a[href='/login']
00:20:09.611  INFO  manager.ListenerWD - Before find element --> By.name: email
00:20:09.620  INFO  manager.ListenerWD - After find element --> By.name: email
00:20:09.699  INFO  manager.ListenerWD - Before find element --> By.name: password
00:20:09.718  INFO  manager.ListenerWD - After find element --> By.name: password
00:20:09.799  INFO  manager.ListenerWD - Before find element --> By.cssSelector: [name='login']
00:20:09.812  INFO  manager.ListenerWD - After find element --> By.cssSelector: [name='login']
00:20:09.838  INFO  manager.ListenerWD - Before find elements --> By.xpath: //button[text()='Sign Out']
00:20:10.137  INFO  manager.ListenerWD - After find elements --> By.xpath: //button[text()='Sign Out']
00:20:10.147  INFO  manager.ListenerWD - List suze is --> 1
00:20:10.147  INFO  tests.TestBase - Tests success
00:20:10.147  INFO  manager.ListenerTNG - onTestSuccessloginSuccess
00:20:10.148  INFO  tests.TestBase - The name of starts method is --->loginSuccess
00:20:10.149  INFO  manager.ListenerWD - Before find elements --> By.xpath: //button[text()='Sign Out']
00:20:10.159  INFO  manager.ListenerWD - After find elements --> By.xpath: //button[text()='Sign Out']
00:20:10.159  INFO  manager.ListenerWD - List suze is --> 1
00:20:10.159  INFO  manager.ListenerWD - Before find element --> By.xpath: //button[text()='Sign Out']
00:20:10.169  INFO  manager.ListenerWD - After find element --> By.xpath: //button[text()='Sign Out']
00:20:10.210  INFO  tests.TestBase -  I need logout
00:20:10.211  INFO  manager.ListenerTNG - onTestStart ---loginSuccess
00:20:10.212  INFO  tests.TestBase - Login with valid data :  email: noa@gmail.com & password: Nnoa12345$
00:20:10.212  INFO  manager.ListenerWD - Before find element --> By.cssSelector: a[href='/login']
00:20:10.267  INFO  manager.ListenerWD - After find element --> By.cssSelector: a[href='/login']
00:20:10.285  INFO  manager.ListenerWD - Before find element --> By.cssSelector: a[href='/login']
00:20:10.304  INFO  manager.ListenerWD - After find element --> By.cssSelector: a[href='/login']
00:20:10.331  INFO  manager.ListenerWD - Before find element --> By.name: email
00:20:10.343  INFO  manager.ListenerWD - After find element --> By.name: email
00:20:10.458  INFO  manager.ListenerWD - Before find element --> By.name: password
00:20:10.475  INFO  manager.ListenerWD - After find element --> By.name: password
00:20:10.563  INFO  manager.ListenerWD - Before find element --> By.cssSelector: [name='login']
00:20:10.575  INFO  manager.ListenerWD - After find element --> By.cssSelector: [name='login']
00:20:10.597  INFO  manager.ListenerWD - Before find elements --> By.xpath: //button[text()='Sign Out']
00:20:10.908  INFO  manager.ListenerWD - After find elements --> By.xpath: //button[text()='Sign Out']
00:20:10.909  INFO  manager.ListenerWD - List suze is --> 1
00:20:10.909  INFO  tests.TestBase - Tests success
00:20:10.910  INFO  manager.ListenerTNG - onTestSuccessloginSuccess
00:20:10.916  INFO  tests.TestBase - The name of starts method is --->loginSuccess2
00:20:10.916  INFO  manager.ListenerWD - Before find elements --> By.xpath: //button[text()='Sign Out']
00:20:10.925  INFO  manager.ListenerWD - After find elements --> By.xpath: //button[text()='Sign Out']
00:20:10.926  INFO  manager.ListenerWD - List suze is --> 1
00:20:10.926  INFO  manager.ListenerWD - Before find element --> By.xpath: //button[text()='Sign Out']
00:20:10.934  INFO  manager.ListenerWD - After find element --> By.xpath: //button[text()='Sign Out']
00:20:10.986  INFO  tests.TestBase -  I need logout
00:20:10.987  INFO  manager.ListenerTNG - onTestStart ---loginSuccess2
00:20:10.988  INFO  tests.TestBase - Login with valid data :  email: noa@gmail.com & password: Nnoa12345$
00:20:10.988  INFO  manager.ListenerWD - Before find element --> By.cssSelector: a[href='/login']
00:20:10.998  INFO  manager.ListenerWD - After find element --> By.cssSelector: a[href='/login']
00:20:11.007  INFO  manager.ListenerWD - Before find element --> By.cssSelector: a[href='/login']
00:20:11.013  INFO  manager.ListenerWD - After find element --> By.cssSelector: a[href='/login']
00:20:11.034  INFO  manager.ListenerWD - Before find element --> By.name: email
00:20:11.042  INFO  manager.ListenerWD - After find element --> By.name: email
00:20:11.127  INFO  manager.ListenerWD - Before find element --> By.name: password
00:20:11.137  INFO  manager.ListenerWD - After find element --> By.name: password
00:20:11.210  INFO  manager.ListenerWD - Before find element --> By.cssSelector: [name='login']
00:20:11.219  INFO  manager.ListenerWD - After find element --> By.cssSelector: [name='login']
00:20:11.241  INFO  manager.ListenerWD - Before find elements --> By.xpath: //button[text()='Sign Out']
00:20:11.705  INFO  manager.ListenerWD - After find elements --> By.xpath: //button[text()='Sign Out']
00:20:11.706  INFO  manager.ListenerWD - List suze is --> 1
00:20:11.706  INFO  tests.TestBase - Tests success
00:20:11.706  INFO  manager.ListenerTNG - onTestSuccessloginSuccess2
00:20:11.707  INFO  tests.TestBase - The name of starts method is --->loginSuccess2
00:20:11.708  INFO  manager.ListenerWD - Before find elements --> By.xpath: //button[text()='Sign Out']
00:20:11.718  INFO  manager.ListenerWD - After find elements --> By.xpath: //button[text()='Sign Out']
00:20:11.719  INFO  manager.ListenerWD - List suze is --> 1
00:20:11.720  INFO  manager.ListenerWD - Before find element --> By.xpath: //button[text()='Sign Out']
00:20:11.729  INFO  manager.ListenerWD - After find element --> By.xpath: //button[text()='Sign Out']
00:20:11.764  INFO  tests.TestBase -  I need logout
00:20:11.765  INFO  manager.ListenerTNG - onTestStart ---loginSuccess2
00:20:11.765  INFO  tests.TestBase - Login with valid data :  email: sonya@gmail.com & password: Ss12345$
00:20:11.765  INFO  manager.ListenerWD - Before find element --> By.cssSelector: a[href='/login']
00:20:11.776  INFO  manager.ListenerWD - After find element --> By.cssSelector: a[href='/login']
00:20:11.784  INFO  manager.ListenerWD - Before find element --> By.cssSelector: a[href='/login']
00:20:11.790  INFO  manager.ListenerWD - After find element --> By.cssSelector: a[href='/login']
00:20:11.811  INFO  manager.ListenerWD - Before find element --> By.name: email
00:20:11.818  INFO  manager.ListenerWD - After find element --> By.name: email
00:20:11.891  INFO  manager.ListenerWD - Before find element --> By.name: password
00:20:11.899  INFO  manager.ListenerWD - After find element --> By.name: password
00:20:11.977  INFO  manager.ListenerWD - Before find element --> By.cssSelector: [name='login']
00:20:11.985  INFO  manager.ListenerWD - After find element --> By.cssSelector: [name='login']
00:20:12.008  INFO  manager.ListenerWD - Before find elements --> By.xpath: //button[text()='Sign Out']
00:20:12.361  INFO  manager.ListenerWD - After find elements --> By.xpath: //button[text()='Sign Out']
00:20:12.361  INFO  manager.ListenerWD - List suze is --> 1
00:20:12.361  INFO  tests.TestBase - Tests success
00:20:12.361  INFO  manager.ListenerTNG - onTestSuccessloginSuccess2
00:20:12.362  INFO  tests.TestBase - The name of starts method is --->loginSuccess2
00:20:12.363  INFO  manager.ListenerWD - Before find elements --> By.xpath: //button[text()='Sign Out']
00:20:12.375  INFO  manager.ListenerWD - After find elements --> By.xpath: //button[text()='Sign Out']
00:20:12.375  INFO  manager.ListenerWD - List suze is --> 1
00:20:12.375  INFO  manager.ListenerWD - Before find element --> By.xpath: //button[text()='Sign Out']
00:20:12.382  INFO  manager.ListenerWD - After find element --> By.xpath: //button[text()='Sign Out']
00:20:12.408  INFO  tests.TestBase -  I need logout
00:20:12.409  INFO  manager.ListenerTNG - onTestStart ---loginSuccess2
00:20:12.409  INFO  tests.TestBase - Login with valid data :  email: noa@gmail.com & password: Nnoa12345$
00:20:12.409  INFO  manager.ListenerWD - Before find element --> By.cssSelector: a[href='/login']
00:20:12.417  INFO  manager.ListenerWD - After find element --> By.cssSelector: a[href='/login']
00:20:12.424  INFO  manager.ListenerWD - Before find element --> By.cssSelector: a[href='/login']
00:20:12.432  INFO  manager.ListenerWD - After find element --> By.cssSelector: a[href='/login']
00:20:12.455  INFO  manager.ListenerWD - Before find element --> By.name: email
00:20:12.463  INFO  manager.ListenerWD - After find element --> By.name: email
00:20:12.549  INFO  manager.ListenerWD - Before find element --> By.name: password
00:20:12.564  INFO  manager.ListenerWD - After find element --> By.name: password
00:20:12.680  INFO  manager.ListenerWD - Before find element --> By.cssSelector: [name='login']
00:20:12.687  INFO  manager.ListenerWD - After find element --> By.cssSelector: [name='login']
00:20:12.708  INFO  manager.ListenerWD - Before find elements --> By.xpath: //button[text()='Sign Out']
00:20:13.015  INFO  manager.ListenerWD - After find elements --> By.xpath: //button[text()='Sign Out']
00:20:13.015  INFO  manager.ListenerWD - List suze is --> 1
00:20:13.015  INFO  tests.TestBase - Tests success
00:20:13.015  INFO  manager.ListenerTNG - onTestSuccessloginSuccess2
00:20:13.016  INFO  tests.TestBase - The name of starts method is --->loginSuccessModel
00:20:13.017  INFO  manager.ListenerWD - Before find elements --> By.xpath: //button[text()='Sign Out']
00:20:13.028  INFO  manager.ListenerWD - After find elements --> By.xpath: //button[text()='Sign Out']
00:20:13.029  INFO  manager.ListenerWD - List suze is --> 1
00:20:13.029  INFO  manager.ListenerWD - Before find element --> By.xpath: //button[text()='Sign Out']
00:20:13.039  INFO  manager.ListenerWD - After find element --> By.xpath: //button[text()='Sign Out']
00:20:13.066  INFO  tests.TestBase -  I need logout
00:20:13.067  INFO  manager.ListenerTNG - onTestStart ---loginSuccessModel
00:20:13.067  INFO  tests.TestBase - Tests start with user model ---User(email=noa@gmail.com, password=Nnoa12345$)
00:20:13.067  INFO  manager.ListenerWD - Before find element --> By.cssSelector: a[href='/login']
00:20:13.076  INFO  manager.ListenerWD - After find element --> By.cssSelector: a[href='/login']
00:20:13.083  INFO  manager.ListenerWD - Before find element --> By.cssSelector: a[href='/login']
00:20:13.090  INFO  manager.ListenerWD - After find element --> By.cssSelector: a[href='/login']
00:20:13.112  INFO  manager.ListenerWD - Before find element --> By.name: email
00:20:13.119  INFO  manager.ListenerWD - After find element --> By.name: email
00:20:13.197  INFO  manager.ListenerWD - Before find element --> By.name: password
00:20:13.206  INFO  manager.ListenerWD - After find element --> By.name: password
00:20:13.278  INFO  manager.ListenerWD - Before find element --> By.cssSelector: [name='login']
00:20:13.292  INFO  manager.ListenerWD - After find element --> By.cssSelector: [name='login']
00:20:13.314  INFO  manager.ListenerWD - Before find elements --> By.xpath: //button[text()='Sign Out']
00:20:13.625  INFO  manager.ListenerWD - After find elements --> By.xpath: //button[text()='Sign Out']
00:20:13.625  INFO  manager.ListenerWD - List suze is --> 1
00:20:13.626  INFO  manager.ListenerTNG - onTestSuccessloginSuccessModel
00:20:13.628  INFO  tests.TestBase - The name of starts method is --->loginSuccessModel
00:20:13.630  INFO  manager.ListenerWD - Before find elements --> By.xpath: //button[text()='Sign Out']
00:20:13.639  INFO  manager.ListenerWD - After find elements --> By.xpath: //button[text()='Sign Out']
00:20:13.639  INFO  manager.ListenerWD - List suze is --> 1
00:20:13.639  INFO  manager.ListenerWD - Before find element --> By.xpath: //button[text()='Sign Out']
00:20:13.647  INFO  manager.ListenerWD - After find element --> By.xpath: //button[text()='Sign Out']
00:20:13.677  INFO  tests.TestBase -  I need logout
00:20:13.678  INFO  manager.ListenerTNG - onTestStart ---loginSuccessModel
00:20:13.678  INFO  tests.TestBase - Tests start with user model ---User(email=sonya@gmail.com, password=Ss12345$)
00:20:13.678  INFO  manager.ListenerWD - Before find element --> By.cssSelector: a[href='/login']
00:20:13.688  INFO  manager.ListenerWD - After find element --> By.cssSelector: a[href='/login']
00:20:13.702  INFO  manager.ListenerWD - Before find element --> By.cssSelector: a[href='/login']
00:20:13.718  INFO  manager.ListenerWD - After find element --> By.cssSelector: a[href='/login']
00:20:13.739  INFO  manager.ListenerWD - Before find element --> By.name: email
00:20:13.748  INFO  manager.ListenerWD - After find element --> By.name: email
00:20:13.853  INFO  manager.ListenerWD - Before find element --> By.name: password
00:20:13.868  INFO  manager.ListenerWD - After find element --> By.name: password
00:20:14.079  INFO  manager.ListenerWD - Before find element --> By.cssSelector: [name='login']
00:20:14.086  INFO  manager.ListenerWD - After find element --> By.cssSelector: [name='login']
00:20:14.108  INFO  manager.ListenerWD - Before find elements --> By.xpath: //button[text()='Sign Out']
00:20:14.450  INFO  manager.ListenerWD - After find elements --> By.xpath: //button[text()='Sign Out']
00:20:14.451  INFO  manager.ListenerWD - List suze is --> 1
00:20:14.452  INFO  manager.ListenerTNG - onTestSuccessloginSuccessModel
00:20:14.453  INFO  tests.TestBase - The name of starts method is --->loginSuccessModel
00:20:14.454  INFO  manager.ListenerWD - Before find elements --> By.xpath: //button[text()='Sign Out']
00:20:14.463  INFO  manager.ListenerWD - After find elements --> By.xpath: //button[text()='Sign Out']
00:20:14.463  INFO  manager.ListenerWD - List suze is --> 1
00:20:14.463  INFO  manager.ListenerWD - Before find element --> By.xpath: //button[text()='Sign Out']
00:20:14.470  INFO  manager.ListenerWD - After find element --> By.xpath: //button[text()='Sign Out']
00:20:14.494  INFO  tests.TestBase -  I need logout
00:20:14.495  INFO  manager.ListenerTNG - onTestStart ---loginSuccessModel
00:20:14.495  INFO  tests.TestBase - Tests start with user model ---User(email=noa@gmail.com, password=Nnoa12345$)
00:20:14.496  INFO  manager.ListenerWD - Before find element --> By.cssSelector: a[href='/login']
00:20:14.520  INFO  manager.ListenerWD - After find element --> By.cssSelector: a[href='/login']
00:20:14.570  INFO  manager.ListenerWD - Before find element --> By.cssSelector: a[href='/login']
00:20:14.581  INFO  manager.ListenerWD - After find element --> By.cssSelector: a[href='/login']
00:20:14.604  INFO  manager.ListenerWD - Before find element --> By.name: email
00:20:14.611  INFO  manager.ListenerWD - After find element --> By.name: email
00:20:14.716  INFO  manager.ListenerWD - Before find element --> By.name: password
00:20:14.774  INFO  manager.ListenerWD - After find element --> By.name: password
00:20:14.876  INFO  manager.ListenerWD - Before find element --> By.cssSelector: [name='login']
00:20:14.895  INFO  manager.ListenerWD - After find element --> By.cssSelector: [name='login']
00:20:14.932  INFO  manager.ListenerWD - Before find elements --> By.xpath: //button[text()='Sign Out']
00:20:15.236  INFO  manager.ListenerWD - After find elements --> By.xpath: //button[text()='Sign Out']
00:20:15.236  INFO  manager.ListenerWD - List suze is --> 1
00:20:15.239  INFO  manager.ListenerTNG - onTestSuccessloginSuccessModel
00:20:15.246  INFO  tests.TestBase - The name of starts method is --->loginSuccessModelFromFile
00:20:15.246  INFO  manager.ListenerWD - Before find elements --> By.xpath: //button[text()='Sign Out']
00:20:15.254  INFO  manager.ListenerWD - After find elements --> By.xpath: //button[text()='Sign Out']
00:20:15.254  INFO  manager.ListenerWD - List suze is --> 1
00:20:15.254  INFO  manager.ListenerWD - Before find element --> By.xpath: //button[text()='Sign Out']
00:20:15.260  INFO  manager.ListenerWD - After find element --> By.xpath: //button[text()='Sign Out']
00:20:15.295  INFO  tests.TestBase -  I need logout
00:20:15.295  INFO  manager.ListenerTNG - onTestStart ---loginSuccessModelFromFile
00:20:15.295  INFO  tests.TestBase - Tests start with user model ---User(email=noa@gmail.com, password=Nnoa12345$)
00:20:15.296  INFO  manager.ListenerWD - Before find element --> By.cssSelector: a[href='/login']
00:20:15.304  INFO  manager.ListenerWD - After find element --> By.cssSelector: a[href='/login']
00:20:15.317  INFO  manager.ListenerWD - Before find element --> By.cssSelector: a[href='/login']
00:20:15.325  INFO  manager.ListenerWD - After find element --> By.cssSelector: a[href='/login']
00:20:15.348  INFO  manager.ListenerWD - Before find element --> By.name: email
00:20:15.356  INFO  manager.ListenerWD - After find element --> By.name: email
00:20:15.435  INFO  manager.ListenerWD - Before find element --> By.name: password
00:20:15.442  INFO  manager.ListenerWD - After find element --> By.name: password
00:20:15.521  INFO  manager.ListenerWD - Before find element --> By.cssSelector: [name='login']
00:20:15.545  INFO  manager.ListenerWD - After find element --> By.cssSelector: [name='login']
00:20:15.569  INFO  manager.ListenerWD - Before find elements --> By.xpath: //button[text()='Sign Out']
00:20:15.877  INFO  manager.ListenerWD - After find elements --> By.xpath: //button[text()='Sign Out']
00:20:15.877  INFO  manager.ListenerWD - List suze is --> 1
00:20:15.877  INFO  manager.ListenerTNG - onTestSuccessloginSuccessModelFromFile
00:20:15.878  INFO  tests.TestBase - The name of starts method is --->loginSuccessModelFromFile
00:20:15.878  INFO  manager.ListenerWD - Before find elements --> By.xpath: //button[text()='Sign Out']
00:20:15.890  INFO  manager.ListenerWD - After find elements --> By.xpath: //button[text()='Sign Out']
00:20:15.890  INFO  manager.ListenerWD - List suze is --> 1
00:20:15.890  INFO  manager.ListenerWD - Before find element --> By.xpath: //button[text()='Sign Out']
00:20:15.899  INFO  manager.ListenerWD - After find element --> By.xpath: //button[text()='Sign Out']
00:20:15.934  INFO  tests.TestBase -  I need logout
00:20:15.934  INFO  manager.ListenerTNG - onTestStart ---loginSuccessModelFromFile
00:20:15.935  INFO  tests.TestBase - Tests start with user model ---User(email=sonya@gmail.com, password=Ss12345$)
00:20:15.935  INFO  manager.ListenerWD - Before find element --> By.cssSelector: a[href='/login']
00:20:15.943  INFO  manager.ListenerWD - After find element --> By.cssSelector: a[href='/login']
00:20:15.956  INFO  manager.ListenerWD - Before find element --> By.cssSelector: a[href='/login']
00:20:15.964  INFO  manager.ListenerWD - After find element --> By.cssSelector: a[href='/login']
00:20:15.985  INFO  manager.ListenerWD - Before find element --> By.name: email
00:20:15.992  INFO  manager.ListenerWD - After find element --> By.name: email
00:20:16.095  INFO  manager.ListenerWD - Before find element --> By.name: password
00:20:16.139  INFO  manager.ListenerWD - After find element --> By.name: password
00:20:16.253  INFO  manager.ListenerWD - Before find element --> By.cssSelector: [name='login']
00:20:16.274  INFO  manager.ListenerWD - After find element --> By.cssSelector: [name='login']
00:20:16.300  INFO  manager.ListenerWD - Before find elements --> By.xpath: //button[text()='Sign Out']
00:20:16.599  INFO  manager.ListenerWD - After find elements --> By.xpath: //button[text()='Sign Out']
00:20:16.599  INFO  manager.ListenerWD - List suze is --> 1
00:20:16.601  INFO  manager.ListenerTNG - onTestSuccessloginSuccessModelFromFile
00:20:16.606  INFO  tests.TestBase - The name of starts method is --->loginSuccessModelFromFile
00:20:16.607  INFO  manager.ListenerWD - Before find elements --> By.xpath: //button[text()='Sign Out']
00:20:16.618  INFO  manager.ListenerWD - After find elements --> By.xpath: //button[text()='Sign Out']
00:20:16.618  INFO  manager.ListenerWD - List suze is --> 1
00:20:16.618  INFO  manager.ListenerWD - Before find element --> By.xpath: //button[text()='Sign Out']
00:20:16.624  INFO  manager.ListenerWD - After find element --> By.xpath: //button[text()='Sign Out']
00:20:16.650  INFO  tests.TestBase -  I need logout
00:20:16.651  INFO  manager.ListenerTNG - onTestStart ---loginSuccessModelFromFile
00:20:16.652  INFO  tests.TestBase - Tests start with user model ---User(email=noa@gmail.com, password=Nnoa12345$)
00:20:16.652  INFO  manager.ListenerWD - Before find element --> By.cssSelector: a[href='/login']
00:20:16.663  INFO  manager.ListenerWD - After find element --> By.cssSelector: a[href='/login']
00:20:16.674  INFO  manager.ListenerWD - Before find element --> By.cssSelector: a[href='/login']
00:20:16.681  INFO  manager.ListenerWD - After find element --> By.cssSelector: a[href='/login']
00:20:16.702  INFO  manager.ListenerWD - Before find element --> By.name: email
00:20:16.710  INFO  manager.ListenerWD - After find element --> By.name: email
00:20:16.785  INFO  manager.ListenerWD - Before find element --> By.name: password
00:20:16.801  INFO  manager.ListenerWD - After find element --> By.name: password
00:20:16.877  INFO  manager.ListenerWD - Before find element --> By.cssSelector: [name='login']
00:20:16.884  INFO  manager.ListenerWD - After find element --> By.cssSelector: [name='login']
00:20:16.905  INFO  manager.ListenerWD - Before find elements --> By.xpath: //button[text()='Sign Out']
00:20:17.212  INFO  manager.ListenerWD - After find elements --> By.xpath: //button[text()='Sign Out']
00:20:17.213  INFO  manager.ListenerWD - List suze is --> 1
00:20:17.213  INFO  manager.ListenerTNG - onTestSuccessloginSuccessModelFromFile
00:20:17.214  INFO  tests.TestBase - The name of starts method is --->loginSuccessNew
00:20:17.214  INFO  manager.ListenerWD - Before find elements --> By.xpath: //button[text()='Sign Out']
00:20:17.223  INFO  manager.ListenerWD - After find elements --> By.xpath: //button[text()='Sign Out']
00:20:17.223  INFO  manager.ListenerWD - List suze is --> 1
00:20:17.223  INFO  manager.ListenerWD - Before find element --> By.xpath: //button[text()='Sign Out']
00:20:17.231  INFO  manager.ListenerWD - After find element --> By.xpath: //button[text()='Sign Out']
00:20:17.257  INFO  tests.TestBase -  I need logout
00:20:17.268  INFO  manager.ListenerTNG - onTestStart ---loginSuccessNew
00:20:17.268  INFO  manager.ListenerWD - Before find element --> By.cssSelector: a[href='/login']
00:20:17.276  INFO  manager.ListenerWD - After find element --> By.cssSelector: a[href='/login']
00:20:17.284  INFO  manager.ListenerWD - Before find element --> By.cssSelector: a[href='/login']
00:20:17.290  INFO  manager.ListenerWD - After find element --> By.cssSelector: a[href='/login']
00:20:17.320  INFO  manager.ListenerWD - Before find element --> By.name: email
00:20:17.327  INFO  manager.ListenerWD - After find element --> By.name: email
00:20:17.404  INFO  manager.ListenerWD - Before find element --> By.name: password
00:20:17.411  INFO  manager.ListenerWD - After find element --> By.name: password
00:20:17.482  INFO  manager.ListenerWD - Before find element --> By.cssSelector: [name='login']
00:20:17.492  INFO  manager.ListenerWD - After find element --> By.cssSelector: [name='login']
00:20:17.513  INFO  manager.ListenerWD - Before find elements --> By.xpath: //button[text()='Sign Out']
00:20:17.812  INFO  manager.ListenerWD - After find elements --> By.xpath: //button[text()='Sign Out']
00:20:17.812  INFO  manager.ListenerWD - List suze is --> 1
00:20:17.812  INFO  manager.ListenerTNG - onTestSuccessloginSuccessNew
00:20:17.813  INFO  tests.TestBase - The name of starts method is --->loginSuccessNew
00:20:17.814  INFO  manager.ListenerWD - Before find elements --> By.xpath: //button[text()='Sign Out']
00:20:17.822  INFO  manager.ListenerWD - After find elements --> By.xpath: //button[text()='Sign Out']
00:20:17.822  INFO  manager.ListenerWD - List suze is --> 1
00:20:17.822  INFO  manager.ListenerWD - Before find element --> By.xpath: //button[text()='Sign Out']
00:20:17.829  INFO  manager.ListenerWD - After find element --> By.xpath: //button[text()='Sign Out']
00:20:17.861  INFO  tests.TestBase -  I need logout
00:20:17.861  INFO  manager.ListenerTNG - onTestStart ---loginSuccessNew
00:20:17.862  INFO  manager.ListenerWD - Before find element --> By.cssSelector: a[href='/login']
00:20:17.869  INFO  manager.ListenerWD - After find element --> By.cssSelector: a[href='/login']
00:20:17.877  INFO  manager.ListenerWD - Before find element --> By.cssSelector: a[href='/login']
00:20:17.884  INFO  manager.ListenerWD - After find element --> By.cssSelector: a[href='/login']
00:20:17.908  INFO  manager.ListenerWD - Before find element --> By.name: email
00:20:17.921  INFO  manager.ListenerWD - After find element --> By.name: email
00:20:18.003  INFO  manager.ListenerWD - Before find element --> By.name: password
00:20:18.018  INFO  manager.ListenerWD - After find element --> By.name: password
00:20:18.091  INFO  manager.ListenerWD - Before find element --> By.cssSelector: [name='login']
00:20:18.101  INFO  manager.ListenerWD - After find element --> By.cssSelector: [name='login']
00:20:18.160  INFO  manager.ListenerWD - Before find elements --> By.xpath: //button[text()='Sign Out']
00:20:18.501  INFO  manager.ListenerWD - After find elements --> By.xpath: //button[text()='Sign Out']
00:20:18.501  INFO  manager.ListenerWD - List suze is --> 1
00:20:18.502  INFO  manager.ListenerTNG - onTestSuccessloginSuccessNew
00:20:18.504  INFO  tests.TestBase - The name of starts method is --->loginUnregisterUser
00:20:18.505  INFO  manager.ListenerWD - Before find elements --> By.xpath: //button[text()='Sign Out']
00:20:18.515  INFO  manager.ListenerWD - After find elements --> By.xpath: //button[text()='Sign Out']
00:20:18.515  INFO  manager.ListenerWD - List suze is --> 1
00:20:18.515  INFO  manager.ListenerWD - Before find element --> By.xpath: //button[text()='Sign Out']
00:20:18.522  INFO  manager.ListenerWD - After find element --> By.xpath: //button[text()='Sign Out']
00:20:18.552  INFO  tests.TestBase -  I need logout
00:20:18.553  INFO  manager.ListenerTNG - onTestStart ---loginUnregisterUser
00:20:18.553  INFO  manager.ListenerWD - Before find element --> By.cssSelector: a[href='/login']
00:20:18.562  INFO  manager.ListenerWD - After find element --> By.cssSelector: a[href='/login']
00:20:18.571  INFO  manager.ListenerWD - Before find element --> By.cssSelector: a[href='/login']
00:20:18.578  INFO  manager.ListenerWD - After find element --> By.cssSelector: a[href='/login']
00:20:18.600  INFO  manager.ListenerWD - Before find element --> By.name: email
00:20:18.608  INFO  manager.ListenerWD - After find element --> By.name: email
00:20:18.685  INFO  manager.ListenerWD - Before find element --> By.name: password
00:20:18.695  INFO  manager.ListenerWD - After find element --> By.name: password
00:20:18.766  INFO  manager.ListenerWD - Before find element --> By.cssSelector: [name='login']
00:20:18.774  INFO  manager.ListenerWD - After find element --> By.cssSelector: [name='login']
00:20:18.799  INFO  manager.ListenerWD - Before find elements --> By.xpath: //button[text()='Sign Out']
00:20:19.215  INFO  manager.ListenerWD - After find elements --> By.xpath: //button[text()='Sign Out']
00:20:19.215  INFO  manager.ListenerWD - List suze is --> 0
00:20:19.262  INFO  manager.ListenerTNG - onTestSuccessloginUnregisterUser
00:20:19.263  INFO  tests.TestBase - The name of starts method is --->loginWrongEmail
00:20:19.264  INFO  manager.ListenerWD - Before find elements --> By.xpath: //button[text()='Sign Out']
00:20:24.330  INFO  manager.ListenerWD - After find elements --> By.xpath: //button[text()='Sign Out']
00:20:24.331  INFO  manager.ListenerWD - List suze is --> 0
00:20:24.332  INFO  manager.ListenerTNG - onTestStart ---loginWrongEmail
00:20:24.332  INFO  manager.ListenerWD - Before find element --> By.cssSelector: a[href='/login']
00:20:24.348  INFO  manager.ListenerWD - After find element --> By.cssSelector: a[href='/login']
00:20:24.357  INFO  manager.ListenerWD - Before find element --> By.cssSelector: a[href='/login']
00:20:24.363  INFO  manager.ListenerWD - After find element --> By.cssSelector: a[href='/login']
00:20:24.399  INFO  manager.ListenerWD - Before find element --> By.name: email
00:20:24.408  INFO  manager.ListenerWD - After find element --> By.name: email
00:20:24.486  INFO  manager.ListenerWD - Before find element --> By.name: password
00:20:24.496  INFO  manager.ListenerWD - After find element --> By.name: password
00:20:24.564  INFO  manager.ListenerWD - Before find element --> By.cssSelector: [name='login']
00:20:24.573  INFO  manager.ListenerWD - After find element --> By.cssSelector: [name='login']
00:20:24.596  INFO  manager.ListenerWD - Before find elements --> By.xpath: //button[text()='Sign Out']
00:20:25.054  INFO  manager.ListenerWD - After find elements --> By.xpath: //button[text()='Sign Out']
00:20:25.055  INFO  manager.ListenerWD - List suze is --> 0
00:20:25.070  INFO  tests.TestBase - Error message is : 'Wrong email or password' 
00:20:25.071  INFO  manager.ListenerTNG - onTestSuccessloginWrongEmail
00:20:25.072  INFO  tests.TestBase - The name of starts method is --->loginWrongPassword
00:20:25.072  INFO  manager.ListenerWD - Before find elements --> By.xpath: //button[text()='Sign Out']
00:20:30.122  INFO  manager.ListenerWD - After find elements --> By.xpath: //button[text()='Sign Out']
00:20:30.123  INFO  manager.ListenerWD - List suze is --> 0
00:20:30.124  INFO  manager.ListenerTNG - onTestStart ---loginWrongPassword
00:20:30.124  INFO  manager.ListenerWD - Before find element --> By.cssSelector: a[href='/login']
00:20:30.139  INFO  manager.ListenerWD - After find element --> By.cssSelector: a[href='/login']
00:20:30.152  INFO  manager.ListenerWD - Before find element --> By.cssSelector: a[href='/login']
00:20:30.159  INFO  manager.ListenerWD - After find element --> By.cssSelector: a[href='/login']
00:20:30.176  INFO  manager.ListenerWD - Before find element --> By.name: email
00:20:30.188  INFO  manager.ListenerWD - After find element --> By.name: email
00:20:30.263  INFO  manager.ListenerWD - Before find element --> By.name: password
00:20:30.272  INFO  manager.ListenerWD - After find element --> By.name: password
00:20:30.347  INFO  manager.ListenerWD - Before find element --> By.cssSelector: [name='login']
00:20:30.359  INFO  manager.ListenerWD - After find element --> By.cssSelector: [name='login']
00:20:30.382  INFO  manager.ListenerWD - Before find elements --> By.xpath: //button[text()='Sign Out']
00:20:30.836  INFO  manager.ListenerWD - After find elements --> By.xpath: //button[text()='Sign Out']
00:20:30.837  INFO  manager.ListenerWD - List suze is --> 0
00:20:30.870  INFO  manager.ListenerTNG - onTestSuccessloginWrongPassword
00:20:30.872  INFO  tests.TestBase - The name of starts method is --->registrationSuccess
00:20:30.873  INFO  manager.ListenerWD - Before find elements --> By.xpath: //button[text()='Sign Out']
00:20:35.885  INFO  manager.ListenerWD - After find elements --> By.xpath: //button[text()='Sign Out']
00:20:35.885  INFO  manager.ListenerWD - List suze is --> 0
00:20:35.890  INFO  manager.ListenerTNG - onTestStart ---registrationSuccess
00:20:35.891  INFO  manager.ListenerWD - Before find element --> By.cssSelector: a[href='/login']
00:20:35.921  INFO  manager.ListenerWD - After find element --> By.cssSelector: a[href='/login']
00:20:35.928  INFO  manager.ListenerWD - Before find element --> By.cssSelector: a[href='/login']
00:20:35.935  INFO  manager.ListenerWD - After find element --> By.cssSelector: a[href='/login']
00:20:35.951  INFO  manager.ListenerWD - Before find element --> By.name: email
00:20:35.976  INFO  manager.ListenerWD - After find element --> By.name: email
00:20:36.060  INFO  manager.ListenerWD - Before find element --> By.name: password
00:20:36.068  INFO  manager.ListenerWD - After find element --> By.name: password
00:20:36.151  INFO  manager.ListenerWD - Before find element --> By.cssSelector: [name='registration']
00:20:36.160  INFO  manager.ListenerWD - After find element --> By.cssSelector: [name='registration']
00:20:36.226  INFO  manager.ListenerWD - Before find elements --> By.xpath: //button[text()='Sign Out']
00:20:36.754  INFO  manager.ListenerWD - After find elements --> By.xpath: //button[text()='Sign Out']
00:20:36.754  INFO  manager.ListenerWD - List suze is --> 1
00:20:36.755  INFO  manager.ListenerTNG - onTestSuccessregistrationSuccess
00:20:36.756  INFO  tests.TestBase - The name of starts method is --->registrationUserAlreadyExists
00:20:36.757  INFO  manager.ListenerWD - Before find elements --> By.xpath: //button[text()='Sign Out']
00:20:36.775  INFO  manager.ListenerWD - After find elements --> By.xpath: //button[text()='Sign Out']
00:20:36.776  INFO  manager.ListenerWD - List suze is --> 1
00:20:36.777  INFO  manager.ListenerWD - Before find element --> By.xpath: //button[text()='Sign Out']
00:20:36.787  INFO  manager.ListenerWD - After find element --> By.xpath: //button[text()='Sign Out']
00:20:36.816  INFO  manager.ListenerTNG - onTestStart ---registrationUserAlreadyExists
00:20:36.816  INFO  manager.ListenerWD - Before find element --> By.cssSelector: a[href='/login']
00:20:36.824  INFO  manager.ListenerWD - After find element --> By.cssSelector: a[href='/login']
00:20:36.832  INFO  manager.ListenerWD - Before find element --> By.cssSelector: a[href='/login']
00:20:36.839  INFO  manager.ListenerWD - After find element --> By.cssSelector: a[href='/login']
00:20:36.862  INFO  manager.ListenerWD - Before find element --> By.name: email
00:20:36.869  INFO  manager.ListenerWD - After find element --> By.name: email
00:20:36.961  INFO  manager.ListenerWD - Before find element --> By.name: password
00:20:36.977  INFO  manager.ListenerWD - After find element --> By.name: password
00:20:37.050  INFO  manager.ListenerWD - Before find element --> By.cssSelector: [name='registration']
00:20:37.078  INFO  manager.ListenerWD - After find element --> By.cssSelector: [name='registration']
00:20:37.142  INFO  manager.ListenerWD - The have a 'problem'
00:20:37.142  INFO  manager.ListenerWD - ******************
00:20:37.142  INFO  manager.ListenerWD - Method method ---> alert
00:20:37.142  INFO  manager.ListenerWD - ******************
00:20:37.142  INFO  manager.ListenerWD - InvocationTargetException getTargetException()org.openqa.selenium.NoAlertPresentException: no such alert
  (Session info: chrome=109.0.5414.119)
Build info: version: '4.7.1', revision: 'c6795baf1a3'
System info: os.name: 'Mac OS X', os.arch: 'x86_64', os.version: '12.2.1', java.version: '1.8.0_361'
Driver info: org.openqa.selenium.chrome.ChromeDriver
Command: [9d71fbe37d81d0773826de57bc2ece62, getAlertText {}]
Capabilities {acceptInsecureCerts: false, browserName: chrome, browserVersion: 109.0.5414.119, chrome: {chromedriverVersion: 108.0.5359.71 (1e0e3868ee06..., userDataDir: /var/folders/2f/zzc4g9ts1j9...}, goog:chromeOptions: {debuggerAddress: localhost:58423}, networkConnectionEnabled: false, pageLoadStrategy: normal, platformName: MAC, proxy: Proxy(), se:cdp: ws://localhost:58423/devtoo..., se:cdpVersion: 109.0.5414.119, setWindowRect: true, strictFileInteractability: false, timeouts: {implicit: 0, pageLoad: 300000, script: 30000}, unhandledPromptBehavior: dismiss and notify, webauthn:extension:credBlob: true, webauthn:extension:largeBlob: true, webauthn:virtualAuthenticators: true}
Session ID: 9d71fbe37d81d0773826de57bc2ece62
00:20:37.143  INFO  manager.ListenerWD - ******************
00:20:37.143  INFO  manager.ListenerWD - Object target --->org.openqa.selenium.remote.RemoteWebDriver$RemoteTargetLocator@5e7e7a7e
00:20:37.143  INFO  manager.ListenerWD - ******************
00:20:37.676  INFO  manager.ListenerTNG - onTestSuccessregistrationUserAlreadyExists
00:20:37.677  INFO  tests.TestBase - The name of starts method is --->registrationWrongEmail
00:20:37.678  INFO  manager.ListenerWD - Before find elements --> By.xpath: //button[text()='Sign Out']
00:20:42.700  INFO  manager.ListenerWD - After find elements --> By.xpath: //button[text()='Sign Out']
00:20:42.700  INFO  manager.ListenerWD - List suze is --> 0
00:20:42.701  INFO  manager.ListenerTNG - onTestStart ---registrationWrongEmail
00:20:42.701  INFO  manager.ListenerWD - Before find element --> By.cssSelector: a[href='/login']
00:20:42.715  INFO  manager.ListenerWD - After find element --> By.cssSelector: a[href='/login']
00:20:42.725  INFO  manager.ListenerWD - Before find element --> By.cssSelector: a[href='/login']
00:20:42.734  INFO  manager.ListenerWD - After find element --> By.cssSelector: a[href='/login']
00:20:42.752  INFO  manager.ListenerWD - Before find element --> By.name: email
00:20:42.762  INFO  manager.ListenerWD - After find element --> By.name: email
00:20:42.836  INFO  manager.ListenerWD - Before find element --> By.name: password
00:20:42.843  INFO  manager.ListenerWD - After find element --> By.name: password
00:20:42.962  INFO  manager.ListenerWD - Before find element --> By.cssSelector: [name='registration']
00:20:42.969  INFO  manager.ListenerWD - After find element --> By.cssSelector: [name='registration']
00:20:42.999  INFO  manager.ListenerWD - The have a 'problem'
00:20:42.999  INFO  manager.ListenerWD - ******************
00:20:42.999  INFO  manager.ListenerWD - Method method ---> alert
00:20:42.999  INFO  manager.ListenerWD - ******************
00:20:42.999  INFO  manager.ListenerWD - InvocationTargetException getTargetException()org.openqa.selenium.NoAlertPresentException: no such alert
  (Session info: chrome=109.0.5414.119)
Build info: version: '4.7.1', revision: 'c6795baf1a3'
System info: os.name: 'Mac OS X', os.arch: 'x86_64', os.version: '12.2.1', java.version: '1.8.0_361'
Driver info: org.openqa.selenium.chrome.ChromeDriver
Command: [9d71fbe37d81d0773826de57bc2ece62, getAlertText {}]
Capabilities {acceptInsecureCerts: false, browserName: chrome, browserVersion: 109.0.5414.119, chrome: {chromedriverVersion: 108.0.5359.71 (1e0e3868ee06..., userDataDir: /var/folders/2f/zzc4g9ts1j9...}, goog:chromeOptions: {debuggerAddress: localhost:58423}, networkConnectionEnabled: false, pageLoadStrategy: normal, platformName: MAC, proxy: Proxy(), se:cdp: ws://localhost:58423/devtoo..., se:cdpVersion: 109.0.5414.119, setWindowRect: true, strictFileInteractability: false, timeouts: {implicit: 0, pageLoad: 300000, script: 30000}, unhandledPromptBehavior: dismiss and notify, webauthn:extension:credBlob: true, webauthn:extension:largeBlob: true, webauthn:virtualAuthenticators: true}
Session ID: 9d71fbe37d81d0773826de57bc2ece62
00:20:42.999  INFO  manager.ListenerWD - ******************
00:20:42.999  INFO  manager.ListenerWD - Object target --->org.openqa.selenium.remote.RemoteWebDriver$RemoteTargetLocator@df6f19b
00:20:42.999  INFO  manager.ListenerWD - ******************
00:20:43.519  INFO  manager.ListenerTNG - onTestSuccessregistrationWrongEmail
00:20:43.520  INFO  tests.TestBase - The name of starts method is --->registrationWrongPassword
00:20:43.520  INFO  manager.ListenerWD - Before find elements --> By.xpath: //button[text()='Sign Out']
00:20:48.568  INFO  manager.ListenerWD - After find elements --> By.xpath: //button[text()='Sign Out']
00:20:48.569  INFO  manager.ListenerWD - List suze is --> 0
00:20:48.571  INFO  manager.ListenerTNG - onTestStart ---registrationWrongPassword
00:20:48.572  INFO  manager.ListenerWD - Before find element --> By.cssSelector: a[href='/login']
00:20:48.593  INFO  manager.ListenerWD - After find element --> By.cssSelector: a[href='/login']
00:20:48.605  INFO  manager.ListenerWD - Before find element --> By.cssSelector: a[href='/login']
00:20:48.612  INFO  manager.ListenerWD - After find element --> By.cssSelector: a[href='/login']
00:20:48.659  INFO  manager.ListenerWD - Before find element --> By.name: email
00:20:48.667  INFO  manager.ListenerWD - After find element --> By.name: email
00:20:48.746  INFO  manager.ListenerWD - Before find element --> By.name: password
00:20:48.758  INFO  manager.ListenerWD - After find element --> By.name: password
00:20:48.862  INFO  manager.ListenerWD - Before find element --> By.cssSelector: [name='registration']
00:20:48.880  INFO  manager.ListenerWD - After find element --> By.cssSelector: [name='registration']
00:20:48.934  INFO  manager.ListenerWD - The have a 'problem'
00:20:48.934  INFO  manager.ListenerWD - ******************
00:20:48.935  INFO  manager.ListenerWD - Method method ---> alert
00:20:48.935  INFO  manager.ListenerWD - ******************
00:20:48.935  INFO  manager.ListenerWD - InvocationTargetException getTargetException()org.openqa.selenium.NoAlertPresentException: no such alert
  (Session info: chrome=109.0.5414.119)
Build info: version: '4.7.1', revision: 'c6795baf1a3'
System info: os.name: 'Mac OS X', os.arch: 'x86_64', os.version: '12.2.1', java.version: '1.8.0_361'
Driver info: org.openqa.selenium.chrome.ChromeDriver
Command: [9d71fbe37d81d0773826de57bc2ece62, getAlertText {}]
Capabilities {acceptInsecureCerts: false, browserName: chrome, browserVersion: 109.0.5414.119, chrome: {chromedriverVersion: 108.0.5359.71 (1e0e3868ee06..., userDataDir: /var/folders/2f/zzc4g9ts1j9...}, goog:chromeOptions: {debuggerAddress: localhost:58423}, networkConnectionEnabled: false, pageLoadStrategy: normal, platformName: MAC, proxy: Proxy(), se:cdp: ws://localhost:58423/devtoo..., se:cdpVersion: 109.0.5414.119, setWindowRect: true, strictFileInteractability: false, timeouts: {implicit: 0, pageLoad: 300000, script: 30000}, unhandledPromptBehavior: dismiss and notify, webauthn:extension:credBlob: true, webauthn:extension:largeBlob: true, webauthn:virtualAuthenticators: true}
Session ID: 9d71fbe37d81d0773826de57bc2ece62
00:20:48.935  INFO  manager.ListenerWD - ******************
00:20:48.935  INFO  manager.ListenerWD - Object target --->org.openqa.selenium.remote.RemoteWebDriver$RemoteTargetLocator@1aaaabd1
00:20:48.935  INFO  manager.ListenerWD - ******************
00:20:49.499  INFO  manager.ListenerTNG - onTestSuccessregistrationWrongPassword
00:20:49.516  INFO  manager.ListenerTNG - onFinish ---Gradle test
