18:44:35.926  INFO  manager.ApplicationManager - All tests star in Chrome Browser
18:44:37.416  INFO  manager.ApplicationManager - Current Url -->https://telranedu.web.app/home
18:44:37.421  INFO  manager.ListenerTNG - onStart ---Nopackage
18:44:37.434  INFO  tests.TestBase - The name of starts method is --->registrationSuccess
18:44:37.435  INFO  manager.ListenerWD - Before find elements --> By.xpath: //button[text()='Sign Out']
18:44:42.502  INFO  manager.ListenerWD - After find elements --> By.xpath: //button[text()='Sign Out']
18:44:42.505  INFO  manager.ListenerWD - List suze is --> 0
18:44:42.506  INFO  manager.ListenerTNG - onTestStart ---registrationSuccess
18:44:42.510  INFO  manager.ListenerWD - Before find element --> By.cssSelector: a[href='/login']
18:44:42.537  INFO  manager.ListenerWD - After find element --> By.cssSelector: a[href='/login']
18:44:42.566  INFO  manager.ListenerWD - Before find element --> By.cssSelector: a[href='/login']
18:44:42.576  INFO  manager.ListenerWD - After find element --> By.cssSelector: a[href='/login']
18:44:42.933  INFO  manager.ListenerWD - Before find element --> By.name: email
18:44:42.947  INFO  manager.ListenerWD - After find element --> By.name: email
18:44:43.419  INFO  manager.ListenerWD - Before find element --> By.name: password
18:44:43.451  INFO  manager.ListenerWD - After find element --> By.name: password
18:44:43.555  INFO  manager.ListenerWD - Before find element --> By.cssSelector: [name='registration']
18:44:43.583  INFO  manager.ListenerWD - After find element --> By.cssSelector: [name='registration']
18:44:43.651  INFO  manager.ListenerWD - Before find elements --> By.xpath: //button[text()='Sign Out']
18:44:45.173  INFO  manager.ListenerWD - After find elements --> By.xpath: //button[text()='Sign Out']
18:44:45.174  INFO  manager.ListenerWD - List suze is --> 1
18:44:45.176  INFO  manager.ListenerTNG - onTestSuccessregistrationSuccess
18:44:45.178  INFO  manager.ListenerTNG - onFinish ---Nopackage
