18:34:28.904  INFO  manager.ApplicationManager - All tests star in Chrome Browser
18:34:34.521  INFO  manager.ApplicationManager - Current Url -->https://telranedu.web.app/home
18:34:34.529  INFO  manager.ListenerTNG - onStart ---Gradle test
18:34:34.581  INFO  tests.TestBase - The name of starts method is --->loginSuccess
18:34:34.585  INFO  manager.ListenerWD - Before find elements --> By.xpath: //button[text()='Sign Out']
18:34:39.643  INFO  manager.ListenerWD - After find elements --> By.xpath: //button[text()='Sign Out']
18:34:39.644  INFO  manager.ListenerWD - List suze is --> 0
18:34:39.645  INFO  manager.ListenerTNG - onTestStart ---loginSuccess
18:34:39.646  INFO  tests.TestBase - Login with valid data :  email: noa@gmail.com & password: Nnoa12345$
18:34:39.646  INFO  manager.ListenerWD - Before find element --> By.cssSelector: a[href='/login']
18:34:39.698  INFO  manager.ListenerWD - After find element --> By.cssSelector: a[href='/login']
18:34:39.944  INFO  manager.ListenerWD - Before find element --> By.name: email
18:34:40.032  INFO  manager.ListenerWD - After find element --> By.name: email
18:34:40.804  INFO  manager.ListenerWD - Before find element --> By.name: password
18:34:40.860  INFO  manager.ListenerWD - After find element --> By.name: password
18:34:41.392  INFO  manager.ListenerWD - Before find element --> By.cssSelector: [name='login']
18:34:41.444  INFO  manager.ListenerWD - After find element --> By.cssSelector: [name='login']
18:34:41.639  INFO  manager.ListenerWD - Before find elements --> By.xpath: //button[text()='Sign Out']
18:34:42.638  INFO  manager.ListenerWD - After find elements --> By.xpath: //button[text()='Sign Out']
18:34:42.639  INFO  manager.ListenerWD - List suze is --> 1
18:34:42.646  INFO  tests.TestBase - Tests success
18:34:42.650  INFO  manager.ListenerTNG - onTestSuccessloginSuccess
18:34:42.652  INFO  tests.TestBase - The name of starts method is --->loginSuccess
18:34:42.653  INFO  manager.ListenerWD - Before find elements --> By.xpath: //button[text()='Sign Out']
18:34:42.737  INFO  manager.ListenerWD - After find elements --> By.xpath: //button[text()='Sign Out']
18:34:42.737  INFO  manager.ListenerWD - List suze is --> 1
18:34:42.738  INFO  manager.ListenerWD - Before find element --> By.xpath: //button[text()='Sign Out']
18:34:42.911  INFO  manager.ListenerWD - After find element --> By.xpath: //button[text()='Sign Out']
18:34:43.017  INFO  tests.TestBase -  I need logout
18:34:43.025  INFO  manager.ListenerTNG - onTestStart ---loginSuccess
18:34:43.028  INFO  tests.TestBase - Login with valid data :  email: sony@gmail.com & password: Ss12345$
18:34:43.029  INFO  manager.ListenerWD - Before find element --> By.cssSelector: a[href='/login']
18:34:43.112  INFO  manager.ListenerWD - After find element --> By.cssSelector: a[href='/login']
18:34:43.213  INFO  manager.ListenerWD - Before find element --> By.name: email
18:34:43.257  INFO  manager.ListenerWD - After find element --> By.name: email
18:34:43.880  INFO  manager.ListenerWD - Before find element --> By.name: password
18:34:44.198  INFO  manager.ListenerWD - After find element --> By.name: password
18:34:44.691  INFO  manager.ListenerWD - Before find element --> By.cssSelector: [name='login']
18:34:44.733  INFO  manager.ListenerWD - After find element --> By.cssSelector: [name='login']
18:34:45.039  INFO  manager.ListenerWD - Before find elements --> By.xpath: //button[text()='Sign Out']
18:34:45.453  INFO  manager.ListenerWD - After find elements --> By.xpath: //button[text()='Sign Out']
18:34:45.453  INFO  manager.ListenerWD - List suze is --> 0
18:34:45.460  INFO  manager.ListenerTNG - onTestFailure ---loginSuccess
18:34:45.463  INFO  tests.TestBase - The name of starts method is --->loginSuccess
18:34:45.466  INFO  manager.ListenerWD - Before find elements --> By.xpath: //button[text()='Sign Out']
18:34:45.571  INFO  manager.ListenerWD - The have a 'problem'
18:34:45.574  INFO  manager.ListenerWD - ******************
18:34:45.574  INFO  manager.ListenerWD - Method method ---> findElements
18:34:45.575  INFO  manager.ListenerWD - ******************
18:34:45.578  INFO  manager.ListenerWD - InvocationTargetException getTargetException()org.openqa.selenium.UnhandledAlertException: unexpected alert open: {Alert text : Wrong email or password}
  (Session info: chrome=109.0.5414.119): Wrong email or password
Build info: version: '4.7.1', revision: 'c6795baf1a3'
System info: os.name: 'Mac OS X', os.arch: 'x86_64', os.version: '10.16', java.version: '1.8.0_151'
Driver info: org.openqa.selenium.chrome.ChromeDriver
Command: [5abcbebcd1b5021e05dc524c25579aab, findElements {using=xpath, value=//button[text()='Sign Out']}]
Capabilities {acceptInsecureCerts: false, browserName: chrome, browserVersion: 109.0.5414.119, chrome: {chromedriverVersion: 108.0.5359.71 (1e0e3868ee06..., userDataDir: /var/folders/s_/hl4vhy0959g...}, goog:chromeOptions: {debuggerAddress: localhost:51449}, networkConnectionEnabled: false, pageLoadStrategy: normal, platformName: MAC, proxy: Proxy(), se:cdp: ws://localhost:51449/devtoo..., se:cdpVersion: 109.0.5414.119, setWindowRect: true, strictFileInteractability: false, timeouts: {implicit: 0, pageLoad: 300000, script: 30000}, unhandledPromptBehavior: dismiss and notify, webauthn:extension:credBlob: true, webauthn:extension:largeBlob: true, webauthn:virtualAuthenticators: true}
Session ID: 5abcbebcd1b5021e05dc524c25579aab
18:34:45.580  INFO  manager.ListenerWD - ******************
18:34:45.580  INFO  manager.ListenerWD - Object target --->ChromeDriver: chrome on MAC (5abcbebcd1b5021e05dc524c25579aab)
18:34:45.581  INFO  manager.ListenerWD - ******************
18:34:45.581  INFO  manager.ListenerWD - Screen with error is --->src/test/screenshots/screen-190.png
18:34:49.980  INFO  manager.ListenerTNG - onTestStart ---loginSuccess
18:34:49.993  INFO  manager.ListenerTNG - onTestSkipped ---loginSuccess
18:34:50.019  INFO  manager.ListenerTNG - onFinish ---Gradle test
