00:04:56.885  INFO  manager.ApplicationManager - All tests star in Chrome Browser
00:04:58.382  INFO  manager.ApplicationManager - Current Url -->https://telranedu.web.app/home
00:04:58.393  INFO  tests.TestBase - The name of starts method is --->registrationSuccess
00:04:58.394  INFO  manager.ListenerWD - Before find elements --> By.xpath: //button[text()='Sign Out']
00:05:03.426  INFO  manager.ListenerWD - After find elements --> By.xpath: //button[text()='Sign Out']
00:05:03.429  INFO  manager.ListenerWD - List suze is --> 0
00:05:03.434  INFO  manager.ListenerWD - Before find element --> By.cssSelector: a[href='/login']
00:05:03.458  INFO  manager.ListenerWD - After find element --> By.cssSelector: a[href='/login']
00:05:03.487  INFO  manager.ListenerWD - Before find element --> By.cssSelector: a[href='/login']
00:05:03.497  INFO  manager.ListenerWD - After find element --> By.cssSelector: a[href='/login']
00:05:03.811  INFO  manager.ListenerWD - Before find element --> By.name: email
00:05:03.826  INFO  manager.ListenerWD - After find element --> By.name: email
00:05:04.223  INFO  manager.ListenerWD - Before find element --> By.name: password
00:05:04.235  INFO  manager.ListenerWD - After find element --> By.name: password
00:05:04.335  INFO  manager.ListenerWD - Before find element --> By.cssSelector: [name='registration']
00:05:04.347  INFO  manager.ListenerWD - After find element --> By.cssSelector: [name='registration']
00:05:04.444  INFO  manager.ListenerWD - Before find elements --> By.xpath: //button[text()='Sign Out']
00:05:05.796  INFO  manager.ListenerWD - After find elements --> By.xpath: //button[text()='Sign Out']
00:05:05.797  INFO  manager.ListenerWD - List suze is --> 1
00:05:05.799  INFO  tests.TestBase - The name of starts method is --->registrationUserAlreadyExists
00:05:05.800  INFO  manager.ListenerWD - Before find elements --> By.xpath: //button[text()='Sign Out']
00:05:05.809  INFO  manager.ListenerWD - After find elements --> By.xpath: //button[text()='Sign Out']
00:05:05.822  INFO  manager.ListenerWD - List suze is --> 1
00:05:05.822  INFO  manager.ListenerWD - Before find element --> By.xpath: //button[text()='Sign Out']
00:05:05.833  INFO  manager.ListenerWD - After find element --> By.xpath: //button[text()='Sign Out']
00:05:05.885  INFO  manager.ListenerWD - Before find element --> By.cssSelector: a[href='/login']
00:05:05.894  INFO  manager.ListenerWD - After find element --> By.cssSelector: a[href='/login']
00:05:05.905  INFO  manager.ListenerWD - Before find element --> By.cssSelector: a[href='/login']
00:05:05.914  INFO  manager.ListenerWD - After find element --> By.cssSelector: a[href='/login']
00:05:05.957  INFO  manager.ListenerWD - Before find element --> By.name: email
00:05:05.965  INFO  manager.ListenerWD - After find element --> By.name: email
00:05:06.057  INFO  manager.ListenerWD - Before find element --> By.name: password
00:05:06.071  INFO  manager.ListenerWD - After find element --> By.name: password
00:05:06.204  INFO  manager.ListenerWD - Before find element --> By.cssSelector: [name='registration']
00:05:06.233  INFO  manager.ListenerWD - After find element --> By.cssSelector: [name='registration']
00:05:06.291  INFO  manager.ListenerWD - Before find elements --> By.xpath: //button[text()='Sign Out']
00:05:06.499  INFO  manager.ListenerWD - After find elements --> By.xpath: //button[text()='Sign Out']
00:05:06.499  INFO  manager.ListenerWD - List suze is --> 0
00:05:06.513  INFO  tests.TestBase - The name of starts method is --->registrationWrongEmail
00:05:06.514  INFO  manager.ListenerWD - Before find elements --> By.xpath: //button[text()='Sign Out']
00:05:11.575  INFO  manager.ListenerWD - After find elements --> By.xpath: //button[text()='Sign Out']
00:05:11.575  INFO  manager.ListenerWD - List suze is --> 0
00:05:11.576  INFO  manager.ListenerWD - Before find element --> By.cssSelector: a[href='/login']
00:05:11.589  INFO  manager.ListenerWD - After find element --> By.cssSelector: a[href='/login']
00:05:11.602  INFO  manager.ListenerWD - Before find element --> By.cssSelector: a[href='/login']
00:05:11.610  INFO  manager.ListenerWD - After find element --> By.cssSelector: a[href='/login']
00:05:11.648  INFO  manager.ListenerWD - Before find element --> By.name: email
00:05:11.657  INFO  manager.ListenerWD - After find element --> By.name: email
00:05:11.778  INFO  manager.ListenerWD - Before find element --> By.name: password
00:05:11.798  INFO  manager.ListenerWD - After find element --> By.name: password
00:05:12.130  INFO  manager.ListenerWD - Before find element --> By.cssSelector: [name='registration']
00:05:12.139  INFO  manager.ListenerWD - After find element --> By.cssSelector: [name='registration']
00:05:22.259  INFO  manager.ListenerWD - Before find elements --> By.xpath: //button[text()='Sign Out']
00:05:22.275  INFO  manager.ListenerWD - The have a 'problem'
00:05:22.275  INFO  manager.ListenerWD - ******************
00:05:22.275  INFO  manager.ListenerWD - Method method ---> findElements
00:05:22.275  INFO  manager.ListenerWD - ******************
00:05:22.276  INFO  manager.ListenerWD - InvocationTargetException getTargetException()org.openqa.selenium.UnhandledAlertException: unexpected alert open: {Alert text : Wrong email or password format
            Email must contains one @ and minimum 2 symbols after last dot
            Password must contain at least one uppercase letter!
            Password must contain at least one lowercase letter!
            Password must contain at least one digit!
            Password must contain at least one special symbol from [‘$’,’~’,’-‘,’_’]!}
  (Session info: chrome=109.0.5414.119): Wrong email or password format
            Email must contains one @ and minimum 2 symbols after last dot
            Password must contain at least one uppercase letter!
            Password must contain at least one lowercase letter!
            Password must contain at least one digit!
            Password must contain at least one special symbol from [‘$’,’~’,’-‘,’_’]!
Build info: version: '4.7.1', revision: 'c6795baf1a3'
System info: os.name: 'Mac OS X', os.arch: 'aarch64', os.version: '12.2.1', java.version: '11.0.18'
Driver info: org.openqa.selenium.chrome.ChromeDriver
Command: [0079d9cf7abf9c4e9334bb885fb99317, findElements {using=xpath, value=//button[text()='Sign Out']}]
Capabilities {acceptInsecureCerts: false, browserName: chrome, browserVersion: 109.0.5414.119, chrome: {chromedriverVersion: 108.0.5359.71 (1e0e3868ee06..., userDataDir: /var/folders/2f/zzc4g9ts1j9...}, goog:chromeOptions: {debuggerAddress: localhost:58252}, networkConnectionEnabled: false, pageLoadStrategy: normal, platformName: MAC, proxy: Proxy(), se:cdp: ws://localhost:58252/devtoo..., se:cdpVersion: 109.0.5414.119, setWindowRect: true, strictFileInteractability: false, timeouts: {implicit: 0, pageLoad: 300000, script: 30000}, unhandledPromptBehavior: dismiss and notify, webauthn:extension:credBlob: true, webauthn:extension:largeBlob: true, webauthn:virtualAuthenticators: true}
Session ID: 0079d9cf7abf9c4e9334bb885fb99317
00:05:22.277  INFO  manager.ListenerWD - ******************
00:05:22.277  INFO  manager.ListenerWD - Object target --->ChromeDriver: chrome on MAC (0079d9cf7abf9c4e9334bb885fb99317)
00:05:22.277  INFO  manager.ListenerWD - ******************
00:05:22.278  INFO  manager.ListenerWD - Screen with error is --->src/test/screenshots/screen-397.png
00:05:23.335  INFO  tests.TestBase - The name of starts method is --->registrationWrongPassword
00:05:23.335  INFO  manager.ListenerWD - Before find elements --> By.xpath: //button[text()='Sign Out']
00:05:28.369  INFO  manager.ListenerWD - After find elements --> By.xpath: //button[text()='Sign Out']
00:05:28.370  INFO  manager.ListenerWD - List suze is --> 0
00:05:38.376  INFO  manager.ListenerWD - Before find element --> By.cssSelector: a[href='/login']
00:05:38.400  INFO  manager.ListenerWD - After find element --> By.cssSelector: a[href='/login']
00:05:38.411  INFO  manager.ListenerWD - Before find element --> By.cssSelector: a[href='/login']
00:05:38.420  INFO  manager.ListenerWD - After find element --> By.cssSelector: a[href='/login']
00:05:38.437  INFO  manager.ListenerWD - Before find element --> By.name: email
00:05:38.451  INFO  manager.ListenerWD - After find element --> By.name: email
00:05:38.531  INFO  manager.ListenerWD - Before find element --> By.name: password
00:05:38.540  INFO  manager.ListenerWD - After find element --> By.name: password
00:05:38.874  INFO  manager.ListenerWD - Before find element --> By.cssSelector: [name='registration']
00:05:38.883  INFO  manager.ListenerWD - After find element --> By.cssSelector: [name='registration']
00:05:49.002  INFO  manager.ListenerWD - Before find elements --> By.xpath: //button[text()='Sign Out']
00:05:49.010  INFO  manager.ListenerWD - The have a 'problem'
00:05:49.010  INFO  manager.ListenerWD - ******************
00:05:49.010  INFO  manager.ListenerWD - Method method ---> findElements
00:05:49.011  INFO  manager.ListenerWD - ******************
00:05:49.011  INFO  manager.ListenerWD - InvocationTargetException getTargetException()org.openqa.selenium.UnhandledAlertException: unexpected alert open: {Alert text : Wrong email or password format
            Email must contains one @ and minimum 2 symbols after last dot
            Password must contain at least one uppercase letter!
            Password must contain at least one lowercase letter!
            Password must contain at least one digit!
            Password must contain at least one special symbol from [‘$’,’~’,’-‘,’_’]!}
  (Session info: chrome=109.0.5414.119): Wrong email or password format
            Email must contains one @ and minimum 2 symbols after last dot
            Password must contain at least one uppercase letter!
            Password must contain at least one lowercase letter!
            Password must contain at least one digit!
            Password must contain at least one special symbol from [‘$’,’~’,’-‘,’_’]!
Build info: version: '4.7.1', revision: 'c6795baf1a3'
System info: os.name: 'Mac OS X', os.arch: 'aarch64', os.version: '12.2.1', java.version: '11.0.18'
Driver info: org.openqa.selenium.chrome.ChromeDriver
Command: [0079d9cf7abf9c4e9334bb885fb99317, findElements {using=xpath, value=//button[text()='Sign Out']}]
Capabilities {acceptInsecureCerts: false, browserName: chrome, browserVersion: 109.0.5414.119, chrome: {chromedriverVersion: 108.0.5359.71 (1e0e3868ee06..., userDataDir: /var/folders/2f/zzc4g9ts1j9...}, goog:chromeOptions: {debuggerAddress: localhost:58252}, networkConnectionEnabled: false, pageLoadStrategy: normal, platformName: MAC, proxy: Proxy(), se:cdp: ws://localhost:58252/devtoo..., se:cdpVersion: 109.0.5414.119, setWindowRect: true, strictFileInteractability: false, timeouts: {implicit: 0, pageLoad: 300000, script: 30000}, unhandledPromptBehavior: dismiss and notify, webauthn:extension:credBlob: true, webauthn:extension:largeBlob: true, webauthn:virtualAuthenticators: true}
Session ID: 0079d9cf7abf9c4e9334bb885fb99317
00:05:49.012  INFO  manager.ListenerWD - ******************
00:05:49.012  INFO  manager.ListenerWD - Object target --->ChromeDriver: chrome on MAC (0079d9cf7abf9c4e9334bb885fb99317)
00:05:49.012  INFO  manager.ListenerWD - ******************
00:05:49.013  INFO  manager.ListenerWD - Screen with error is --->src/test/screenshots/screen-586.png
