20:30:49.683  INFO  manager.ApplicationManager - All tests star in Chrome Browser
20:30:51.360  INFO  manager.ApplicationManager - Current Url -->https://telranedu.web.app/home
20:30:51.364  INFO  manager.ListenerTNG - onStart ---Nopackage
20:30:51.376  INFO  tests.TestBase - The name of starts method is --->registrationSuccess
20:30:51.377  INFO  manager.ListenerWD - Before find elements --> By.xpath: //button[text()='Sign Out']
20:30:56.387  INFO  manager.ListenerWD - After find elements --> By.xpath: //button[text()='Sign Out']
20:30:56.388  INFO  manager.ListenerWD - List suze is --> 0
20:30:56.388  INFO  manager.ListenerTNG - onTestStart ---registrationSuccess
20:30:56.391  INFO  manager.ListenerWD - Before find element --> By.cssSelector: a[href='/login']
20:30:56.412  INFO  manager.ListenerWD - After find element --> By.cssSelector: a[href='/login']
20:30:56.442  INFO  manager.ListenerWD - Before find element --> By.cssSelector: a[href='/l']
20:31:01.497  INFO  manager.ListenerWD - The have a 'problem'
20:31:01.497  INFO  manager.ListenerWD - ******************
20:31:01.498  INFO  manager.ListenerWD - Method method ---> findElement
20:31:01.498  INFO  manager.ListenerWD - ******************
20:31:01.498  INFO  manager.ListenerWD - InvocationTargetException getTargetException()org.openqa.selenium.NoSuchElementException: no such element: Unable to locate element: {"method":"css selector","selector":"a[href='/l']"}
  (Session info: chrome=109.0.5414.119)
For documentation on this error, please visit: https://selenium.dev/exceptions/#no_such_element
Build info: version: '4.7.1', revision: 'c6795baf1a3'
System info: os.name: 'Mac OS X', os.arch: 'aarch64', os.version: '12.2.1', java.version: '11.0.18'
Driver info: org.openqa.selenium.chrome.ChromeDriver
Command: [ebcd6e97337531af95e33ce3d8c22040, findElement {using=css selector, value=a[href='/l']}]
Capabilities {acceptInsecureCerts: false, browserName: chrome, browserVersion: 109.0.5414.119, chrome: {chromedriverVersion: 108.0.5359.71 (1e0e3868ee06..., userDataDir: /var/folders/2f/zzc4g9ts1j9...}, goog:chromeOptions: {debuggerAddress: localhost:49435}, networkConnectionEnabled: false, pageLoadStrategy: normal, platformName: MAC, proxy: Proxy(), se:cdp: ws://localhost:49435/devtoo..., se:cdpVersion: 109.0.5414.119, setWindowRect: true, strictFileInteractability: false, timeouts: {implicit: 0, pageLoad: 300000, script: 30000}, unhandledPromptBehavior: dismiss and notify, webauthn:extension:credBlob: true, webauthn:extension:largeBlob: true, webauthn:virtualAuthenticators: true}
Session ID: ebcd6e97337531af95e33ce3d8c22040
20:31:01.498  INFO  manager.ListenerWD - ******************
20:31:01.498  INFO  manager.ListenerWD - Object target --->ChromeDriver: chrome on MAC (ebcd6e97337531af95e33ce3d8c22040)
20:31:01.499  INFO  manager.ListenerWD - ******************
20:31:01.499  INFO  manager.ListenerWD - Screen with error is --->src/test/screenshots/screen-635.png
20:31:02.596  INFO  manager.ListenerTNG - onTestFailure ---registrationSuccess
20:31:02.599  INFO  manager.ListenerTNG - onFinish ---Nopackage
