10:15:03.222  INFO  manager.ApplicationManager - All tests star in Chrome Browser
10:15:05.112  INFO  manager.ApplicationManager - Current Url -->https://telranedu.web.app/home
10:15:05.187  INFO  tests.TestBase - The name of starts method is --->addContactSuccessAllFields
10:15:05.191  INFO  manager.ListenerWD - Before find elements --> By.xpath: //button[text()='Sign Out']
10:15:10.219  INFO  manager.ListenerWD - After find elements --> By.xpath: //button[text()='Sign Out']
10:15:10.220  INFO  manager.ListenerWD - List suze is --> 0
10:15:10.242  INFO  manager.ListenerWD - Before find element --> By.cssSelector: a[href='/login']
10:15:10.305  INFO  manager.ListenerWD - After find element --> By.cssSelector: a[href='/login']
10:15:10.346  INFO  manager.ListenerWD - Before find element --> By.cssSelector: a[href='/login']
10:15:10.395  INFO  manager.ListenerWD - After find element --> By.cssSelector: a[href='/login']
10:15:10.741  INFO  manager.ListenerWD - Before find element --> By.name: email
10:15:10.786  INFO  manager.ListenerWD - After find element --> By.name: email
10:15:11.252  INFO  manager.ListenerWD - Before find element --> By.name: password
10:15:11.330  INFO  manager.ListenerWD - After find element --> By.name: password
10:15:11.446  INFO  manager.ListenerWD - Before find element --> By.cssSelector: [name='login']
10:15:11.500  INFO  manager.ListenerWD - After find element --> By.cssSelector: [name='login']
10:15:11.606  INFO  tests.TestBase - Tests start with data : Contact(name=Lisa1977, lastName=Simpson, email=lisa1977@mail.ru, address=NY, phone=11111111977, description=All fields)
10:15:11.610  INFO  manager.ListenerWD - Before find element --> By.cssSelector: a[href='/add']
10:15:12.782  INFO  manager.ListenerWD - After find element --> By.cssSelector: a[href='/add']
10:15:13.175  INFO  manager.ListenerWD - Before find element --> By.cssSelector: input[placeholder='Name']
10:15:13.244  INFO  manager.ListenerWD - After find element --> By.cssSelector: input[placeholder='Name']
10:15:13.386  INFO  manager.ListenerWD - Before find element --> By.cssSelector: input[placeholder='Last Name']
10:15:13.413  INFO  manager.ListenerWD - After find element --> By.cssSelector: input[placeholder='Last Name']
10:15:13.609  INFO  manager.ListenerWD - Before find element --> By.cssSelector: input[placeholder='Phone']
10:15:13.658  INFO  manager.ListenerWD - After find element --> By.cssSelector: input[placeholder='Phone']
10:15:13.863  INFO  manager.ListenerWD - Before find element --> By.cssSelector: input[placeholder='email']
10:15:13.898  INFO  manager.ListenerWD - After find element --> By.cssSelector: input[placeholder='email']
10:15:14.139  INFO  manager.ListenerWD - Before find element --> By.cssSelector: input[placeholder='Address']
10:15:14.222  INFO  manager.ListenerWD - After find element --> By.cssSelector: input[placeholder='Address']
10:15:14.726  INFO  manager.ListenerWD - Before find element --> By.cssSelector: input[placeholder='description']
10:15:14.780  INFO  manager.ListenerWD - After find element --> By.cssSelector: input[placeholder='description']
10:15:15.587  INFO  manager.ListenerWD - Before find element --> By.xpath: //b[text()='Save']
10:15:15.693  INFO  manager.ListenerWD - After find element --> By.xpath: //b[text()='Save']
10:15:15.862  INFO  manager.ListenerWD - Before find elements --> By.cssSelector: h2
10:15:16.613  INFO  manager.ListenerWD - After find elements --> By.cssSelector: h2
10:15:16.616  INFO  manager.ListenerWD - List suze is --> 6
10:15:16.725  INFO  manager.ListenerWD - Before find elements --> By.cssSelector: h3
10:15:16.822  INFO  manager.ListenerWD - After find elements --> By.cssSelector: h3
10:15:16.823  INFO  manager.ListenerWD - List suze is --> 6
10:15:16.898  INFO  manager.ListenerWD - Before find elements --> By.cssSelector: .contact-item_card__2SOIM
10:15:16.964  INFO  manager.ListenerWD - After find elements --> By.cssSelector: .contact-item_card__2SOIM
10:15:16.965  INFO  manager.ListenerWD - List suze is --> 6
10:15:17.055  INFO  manager.ListenerWD - Before find element --> By.cssSelector: .contact-item-detailed_card__50dTS
10:15:17.073  INFO  manager.ListenerWD - After find element --> By.cssSelector: .contact-item-detailed_card__50dTS
10:15:17.185  INFO  manager.ListenerWD - Before find element --> By.cssSelector: .contact-item-detailed_card__50dTS
10:15:17.210  INFO  manager.ListenerWD - After find element --> By.cssSelector: .contact-item-detailed_card__50dTS
10:15:17.300  INFO  manager.ListenerWD - Before find element --> By.cssSelector: .contact-item-detailed_card__50dTS
10:15:17.337  INFO  manager.ListenerWD - After find element --> By.cssSelector: .contact-item-detailed_card__50dTS
10:15:17.440  INFO  manager.ListenerWD - Before find element --> By.cssSelector: .contact-item-detailed_card__50dTS
10:15:17.484  INFO  manager.ListenerWD - After find element --> By.cssSelector: .contact-item-detailed_card__50dTS
10:15:17.609  INFO  manager.ListenerWD - Before find element --> By.cssSelector: .contact-item-detailed_card__50dTS
10:15:17.629  INFO  manager.ListenerWD - After find element --> By.cssSelector: .contact-item-detailed_card__50dTS
10:15:17.711  INFO  manager.ListenerWD - Before find element --> By.cssSelector: .contact-item-detailed_card__50dTS
10:15:17.728  INFO  manager.ListenerWD - After find element --> By.cssSelector: .contact-item-detailed_card__50dTS
10:15:17.763  INFO  tests.TestBase - The name of starts method is --->addContactSuccessRequiredFields
10:15:17.763  INFO  manager.ListenerWD - Before find elements --> By.xpath: //button[text()='Sign Out']
10:15:17.798  INFO  manager.ListenerWD - After find elements --> By.xpath: //button[text()='Sign Out']
10:15:17.798  INFO  manager.ListenerWD - List suze is --> 1
10:15:17.799  INFO  manager.ListenerWD - Before find element --> By.cssSelector: a[href='/add']
10:15:17.812  INFO  manager.ListenerWD - After find element --> By.cssSelector: a[href='/add']
10:15:17.898  INFO  manager.ListenerWD - Before find element --> By.cssSelector: input[placeholder='Name']
10:15:17.925  INFO  manager.ListenerWD - After find element --> By.cssSelector: input[placeholder='Name']
10:15:18.618  INFO  manager.ListenerWD - Before find element --> By.cssSelector: input[placeholder='Last Name']
10:15:18.639  INFO  manager.ListenerWD - After find element --> By.cssSelector: input[placeholder='Last Name']
10:15:18.941  INFO  manager.ListenerWD - Before find element --> By.cssSelector: input[placeholder='Phone']
10:15:18.978  INFO  manager.ListenerWD - After find element --> By.cssSelector: input[placeholder='Phone']
10:15:19.080  INFO  manager.ListenerWD - Before find element --> By.cssSelector: input[placeholder='email']
10:15:19.116  INFO  manager.ListenerWD - After find element --> By.cssSelector: input[placeholder='email']
10:15:19.439  INFO  manager.ListenerWD - Before find element --> By.cssSelector: input[placeholder='Address']
10:15:19.459  INFO  manager.ListenerWD - After find element --> By.cssSelector: input[placeholder='Address']
10:15:19.558  INFO  manager.ListenerWD - Before find element --> By.cssSelector: input[placeholder='description']
10:15:19.574  INFO  manager.ListenerWD - After find element --> By.cssSelector: input[placeholder='description']
10:15:19.658  INFO  manager.ListenerWD - Before find element --> By.xpath: //b[text()='Save']
10:15:19.677  INFO  manager.ListenerWD - After find element --> By.xpath: //b[text()='Save']
10:15:19.721  INFO  manager.ListenerWD - Before find elements --> By.cssSelector: h2
10:15:20.336  INFO  manager.ListenerWD - After find elements --> By.cssSelector: h2
10:15:20.339  INFO  manager.ListenerWD - List suze is --> 7
10:15:20.443  INFO  manager.ListenerWD - Before find elements --> By.cssSelector: h3
10:15:20.499  INFO  manager.ListenerWD - After find elements --> By.cssSelector: h3
10:15:20.500  INFO  manager.ListenerWD - List suze is --> 7
10:15:20.601  INFO  tests.TestBase - The name of starts method is --->addNewContactWrongAddress
10:15:20.613  INFO  manager.ListenerWD - Before find elements --> By.xpath: //button[text()='Sign Out']
10:15:20.681  INFO  manager.ListenerWD - After find elements --> By.xpath: //button[text()='Sign Out']
10:15:20.682  INFO  manager.ListenerWD - List suze is --> 1
10:15:20.683  INFO  manager.ListenerWD - Before find element --> By.cssSelector: a[href='/add']
10:15:20.698  INFO  manager.ListenerWD - After find element --> By.cssSelector: a[href='/add']
10:15:20.729  INFO  manager.ListenerWD - Before find element --> By.cssSelector: input[placeholder='Name']
10:15:20.755  INFO  manager.ListenerWD - After find element --> By.cssSelector: input[placeholder='Name']
10:15:20.836  INFO  manager.ListenerWD - Before find element --> By.cssSelector: input[placeholder='Last Name']
10:15:20.845  INFO  manager.ListenerWD - After find element --> By.cssSelector: input[placeholder='Last Name']
10:15:20.923  INFO  manager.ListenerWD - Before find element --> By.cssSelector: input[placeholder='Phone']
10:15:20.933  INFO  manager.ListenerWD - After find element --> By.cssSelector: input[placeholder='Phone']
10:15:21.020  INFO  manager.ListenerWD - Before find element --> By.cssSelector: input[placeholder='email']
10:15:21.041  INFO  manager.ListenerWD - After find element --> By.cssSelector: input[placeholder='email']
10:15:21.119  INFO  manager.ListenerWD - Before find element --> By.cssSelector: input[placeholder='Address']
10:15:21.143  INFO  manager.ListenerWD - After find element --> By.cssSelector: input[placeholder='Address']
10:15:21.224  INFO  manager.ListenerWD - Before find element --> By.cssSelector: input[placeholder='description']
10:15:21.242  INFO  manager.ListenerWD - After find element --> By.cssSelector: input[placeholder='description']
10:15:21.331  INFO  manager.ListenerWD - Before find element --> By.xpath: //b[text()='Save']
10:15:21.365  INFO  manager.ListenerWD - After find element --> By.xpath: //b[text()='Save']
10:15:21.413  INFO  manager.ListenerWD - Before find elements --> By.cssSelector: a.active[href='/add']
10:15:21.438  INFO  manager.ListenerWD - After find elements --> By.cssSelector: a.active[href='/add']
10:15:21.438  INFO  manager.ListenerWD - List suze is --> 1
10:15:21.440  INFO  tests.TestBase - The name of starts method is --->addNewContactWrongEmail
10:15:21.443  INFO  manager.ListenerWD - Before find elements --> By.xpath: //button[text()='Sign Out']
10:15:21.459  INFO  manager.ListenerWD - After find elements --> By.xpath: //button[text()='Sign Out']
10:15:21.459  INFO  manager.ListenerWD - List suze is --> 1
10:15:21.460  INFO  manager.ListenerWD - Before find element --> By.cssSelector: a[href='/add']
10:15:21.481  INFO  manager.ListenerWD - After find element --> By.cssSelector: a[href='/add']
10:15:21.534  INFO  manager.ListenerWD - Before find element --> By.cssSelector: input[placeholder='Name']
10:15:21.553  INFO  manager.ListenerWD - After find element --> By.cssSelector: input[placeholder='Name']
10:15:21.711  INFO  manager.ListenerWD - Before find element --> By.cssSelector: input[placeholder='Last Name']
10:15:21.731  INFO  manager.ListenerWD - After find element --> By.cssSelector: input[placeholder='Last Name']
10:15:21.802  INFO  manager.ListenerWD - Before find element --> By.cssSelector: input[placeholder='Phone']
10:15:21.814  INFO  manager.ListenerWD - After find element --> By.cssSelector: input[placeholder='Phone']
10:15:21.886  INFO  manager.ListenerWD - Before find element --> By.cssSelector: input[placeholder='email']
10:15:21.901  INFO  manager.ListenerWD - After find element --> By.cssSelector: input[placeholder='email']
10:15:22.080  INFO  manager.ListenerWD - Before find element --> By.cssSelector: input[placeholder='Address']
10:15:22.091  INFO  manager.ListenerWD - After find element --> By.cssSelector: input[placeholder='Address']
10:15:22.147  INFO  manager.ListenerWD - Before find element --> By.cssSelector: input[placeholder='description']
10:15:22.164  INFO  manager.ListenerWD - After find element --> By.cssSelector: input[placeholder='description']
10:15:22.256  INFO  manager.ListenerWD - Before find element --> By.xpath: //b[text()='Save']
10:15:22.271  INFO  manager.ListenerWD - After find element --> By.xpath: //b[text()='Save']
10:15:22.314  INFO  manager.ListenerWD - Before find elements --> By.cssSelector: a.active[href='/add']
10:15:22.335  INFO  manager.ListenerWD - After find elements --> By.cssSelector: a.active[href='/add']
10:15:22.336  INFO  manager.ListenerWD - List suze is --> 1
10:15:22.383  INFO  manager.ListenerWD - The have a 'problem'
10:15:22.384  INFO  manager.ListenerWD - ******************
10:15:22.384  INFO  manager.ListenerWD - Method method ---> alert
10:15:22.384  INFO  manager.ListenerWD - ******************
10:15:22.385  INFO  manager.ListenerWD - InvocationTargetException getTargetException()org.openqa.selenium.NoAlertPresentException: no such alert
  (Session info: chrome=109.0.5414.119)
Build info: version: '4.7.1', revision: 'c6795baf1a3'
System info: os.name: 'Mac OS X', os.arch: 'x86_64', os.version: '12.2.1', java.version: '1.8.0_361'
Driver info: org.openqa.selenium.chrome.ChromeDriver
Command: [96933c0752a501147f31d5f425728f69, getAlertText {}]
Capabilities {acceptInsecureCerts: false, browserName: chrome, browserVersion: 109.0.5414.119, chrome: {chromedriverVersion: 108.0.5359.71 (1e0e3868ee06..., userDataDir: /var/folders/2f/zzc4g9ts1j9...}, goog:chromeOptions: {debuggerAddress: localhost:54305}, networkConnectionEnabled: false, pageLoadStrategy: normal, platformName: MAC, proxy: Proxy(), se:cdp: ws://localhost:54305/devtoo..., se:cdpVersion: 109.0.5414.119, setWindowRect: true, strictFileInteractability: false, timeouts: {implicit: 0, pageLoad: 300000, script: 30000}, unhandledPromptBehavior: dismiss and notify, webauthn:extension:credBlob: true, webauthn:extension:largeBlob: true, webauthn:virtualAuthenticators: true}
Session ID: 96933c0752a501147f31d5f425728f69
10:15:22.386  INFO  manager.ListenerWD - ******************
10:15:22.386  INFO  manager.ListenerWD - Object target --->org.openqa.selenium.remote.RemoteWebDriver$RemoteTargetLocator@23a918c7
10:15:22.386  INFO  manager.ListenerWD - ******************
10:15:22.945  INFO  tests.TestBase - The name of starts method is --->addNewContactWrongLastName
10:15:22.947  INFO  manager.ListenerWD - Before find elements --> By.xpath: //button[text()='Sign Out']
10:15:22.960  INFO  manager.ListenerWD - After find elements --> By.xpath: //button[text()='Sign Out']
10:15:22.960  INFO  manager.ListenerWD - List suze is --> 1
10:15:22.961  INFO  manager.ListenerWD - Before find element --> By.cssSelector: a[href='/add']
10:15:22.972  INFO  manager.ListenerWD - After find element --> By.cssSelector: a[href='/add']
10:15:22.991  INFO  manager.ListenerWD - Before find element --> By.cssSelector: input[placeholder='Name']
10:15:23.001  INFO  manager.ListenerWD - After find element --> By.cssSelector: input[placeholder='Name']
10:15:23.069  INFO  manager.ListenerWD - Before find element --> By.cssSelector: input[placeholder='Last Name']
10:15:23.082  INFO  manager.ListenerWD - After find element --> By.cssSelector: input[placeholder='Last Name']
10:15:23.160  INFO  manager.ListenerWD - Before find element --> By.cssSelector: input[placeholder='Phone']
10:15:23.177  INFO  manager.ListenerWD - After find element --> By.cssSelector: input[placeholder='Phone']
10:15:23.289  INFO  manager.ListenerWD - Before find element --> By.cssSelector: input[placeholder='email']
10:15:23.392  INFO  manager.ListenerWD - After find element --> By.cssSelector: input[placeholder='email']
10:15:23.544  INFO  manager.ListenerWD - Before find element --> By.cssSelector: input[placeholder='Address']
10:15:23.631  INFO  manager.ListenerWD - After find element --> By.cssSelector: input[placeholder='Address']
10:15:23.707  INFO  manager.ListenerWD - Before find element --> By.cssSelector: input[placeholder='description']
10:15:23.747  INFO  manager.ListenerWD - After find element --> By.cssSelector: input[placeholder='description']
10:15:23.836  INFO  manager.ListenerWD - Before find element --> By.xpath: //b[text()='Save']
10:15:23.856  INFO  manager.ListenerWD - After find element --> By.xpath: //b[text()='Save']
10:15:23.873  INFO  manager.ListenerWD - Before find elements --> By.cssSelector: a.active[href='/add']
10:15:23.884  INFO  manager.ListenerWD - After find elements --> By.cssSelector: a.active[href='/add']
10:15:23.885  INFO  manager.ListenerWD - List suze is --> 1
10:15:23.893  INFO  tests.TestBase - The name of starts method is --->addNewContactWrongName
10:15:23.894  INFO  manager.ListenerWD - Before find elements --> By.xpath: //button[text()='Sign Out']
10:15:23.907  INFO  manager.ListenerWD - After find elements --> By.xpath: //button[text()='Sign Out']
10:15:23.908  INFO  manager.ListenerWD - List suze is --> 1
10:15:23.909  INFO  manager.ListenerWD - Before find element --> By.cssSelector: a[href='/add']
10:15:23.925  INFO  manager.ListenerWD - After find element --> By.cssSelector: a[href='/add']
10:15:23.945  INFO  manager.ListenerWD - Before find element --> By.cssSelector: input[placeholder='Name']
10:15:23.976  INFO  manager.ListenerWD - After find element --> By.cssSelector: input[placeholder='Name']
10:15:24.060  INFO  manager.ListenerWD - Before find element --> By.cssSelector: input[placeholder='Last Name']
10:15:24.072  INFO  manager.ListenerWD - After find element --> By.cssSelector: input[placeholder='Last Name']
10:15:24.133  INFO  manager.ListenerWD - Before find element --> By.cssSelector: input[placeholder='Phone']
10:15:24.147  INFO  manager.ListenerWD - After find element --> By.cssSelector: input[placeholder='Phone']
10:15:24.208  INFO  manager.ListenerWD - Before find element --> By.cssSelector: input[placeholder='email']
10:15:24.217  INFO  manager.ListenerWD - After find element --> By.cssSelector: input[placeholder='email']
10:15:24.283  INFO  manager.ListenerWD - Before find element --> By.cssSelector: input[placeholder='Address']
10:15:24.298  INFO  manager.ListenerWD - After find element --> By.cssSelector: input[placeholder='Address']
10:15:24.357  INFO  manager.ListenerWD - Before find element --> By.cssSelector: input[placeholder='description']
10:15:24.367  INFO  manager.ListenerWD - After find element --> By.cssSelector: input[placeholder='description']
10:15:24.434  INFO  manager.ListenerWD - Before find element --> By.xpath: //b[text()='Save']
10:15:24.444  INFO  manager.ListenerWD - After find element --> By.xpath: //b[text()='Save']
10:15:24.464  INFO  manager.ListenerWD - Before find elements --> By.cssSelector: a.active[href='/add']
10:15:24.477  INFO  manager.ListenerWD - After find elements --> By.cssSelector: a.active[href='/add']
10:15:24.481  INFO  manager.ListenerWD - List suze is --> 1
10:15:24.483  INFO  tests.TestBase - The name of starts method is --->addNewContactWrongPhone
10:15:24.485  INFO  manager.ListenerWD - Before find elements --> By.xpath: //button[text()='Sign Out']
10:15:24.496  INFO  manager.ListenerWD - After find elements --> By.xpath: //button[text()='Sign Out']
10:15:24.499  INFO  manager.ListenerWD - List suze is --> 1
10:15:24.500  INFO  manager.ListenerWD - Before find element --> By.cssSelector: a[href='/add']
10:15:24.512  INFO  manager.ListenerWD - After find element --> By.cssSelector: a[href='/add']
10:15:24.528  INFO  manager.ListenerWD - Before find element --> By.cssSelector: input[placeholder='Name']
10:15:24.548  INFO  manager.ListenerWD - After find element --> By.cssSelector: input[placeholder='Name']
10:15:24.612  INFO  manager.ListenerWD - Before find element --> By.cssSelector: input[placeholder='Last Name']
10:15:24.630  INFO  manager.ListenerWD - After find element --> By.cssSelector: input[placeholder='Last Name']
10:15:24.693  INFO  manager.ListenerWD - Before find element --> By.cssSelector: input[placeholder='Phone']
10:15:24.705  INFO  manager.ListenerWD - After find element --> By.cssSelector: input[placeholder='Phone']
10:15:24.754  INFO  manager.ListenerWD - Before find element --> By.cssSelector: input[placeholder='email']
10:15:24.778  INFO  manager.ListenerWD - After find element --> By.cssSelector: input[placeholder='email']
10:15:24.842  INFO  manager.ListenerWD - Before find element --> By.cssSelector: input[placeholder='Address']
10:15:24.856  INFO  manager.ListenerWD - After find element --> By.cssSelector: input[placeholder='Address']
10:15:24.934  INFO  manager.ListenerWD - Before find element --> By.cssSelector: input[placeholder='description']
10:15:24.947  INFO  manager.ListenerWD - After find element --> By.cssSelector: input[placeholder='description']
10:15:25.081  INFO  manager.ListenerWD - Before find element --> By.xpath: //b[text()='Save']
10:15:25.094  INFO  manager.ListenerWD - After find element --> By.xpath: //b[text()='Save']
10:15:25.112  INFO  manager.ListenerWD - Before find elements --> By.cssSelector: a.active[href='/add']
10:15:25.125  INFO  manager.ListenerWD - After find elements --> By.cssSelector: a.active[href='/add']
10:15:25.125  INFO  manager.ListenerWD - List suze is --> 1
10:15:25.143  INFO  manager.ListenerWD - The have a 'problem'
10:15:25.143  INFO  manager.ListenerWD - ******************
10:15:25.143  INFO  manager.ListenerWD - Method method ---> alert
10:15:25.143  INFO  manager.ListenerWD - ******************
10:15:25.144  INFO  manager.ListenerWD - InvocationTargetException getTargetException()org.openqa.selenium.NoAlertPresentException: no such alert
  (Session info: chrome=109.0.5414.119)
Build info: version: '4.7.1', revision: 'c6795baf1a3'
System info: os.name: 'Mac OS X', os.arch: 'x86_64', os.version: '12.2.1', java.version: '1.8.0_361'
Driver info: org.openqa.selenium.chrome.ChromeDriver
Command: [96933c0752a501147f31d5f425728f69, getAlertText {}]
Capabilities {acceptInsecureCerts: false, browserName: chrome, browserVersion: 109.0.5414.119, chrome: {chromedriverVersion: 108.0.5359.71 (1e0e3868ee06..., userDataDir: /var/folders/2f/zzc4g9ts1j9...}, goog:chromeOptions: {debuggerAddress: localhost:54305}, networkConnectionEnabled: false, pageLoadStrategy: normal, platformName: MAC, proxy: Proxy(), se:cdp: ws://localhost:54305/devtoo..., se:cdpVersion: 109.0.5414.119, setWindowRect: true, strictFileInteractability: false, timeouts: {implicit: 0, pageLoad: 300000, script: 30000}, unhandledPromptBehavior: dismiss and notify, webauthn:extension:credBlob: true, webauthn:extension:largeBlob: true, webauthn:virtualAuthenticators: true}
Session ID: 96933c0752a501147f31d5f425728f69
10:15:25.145  INFO  manager.ListenerWD - ******************
10:15:25.145  INFO  manager.ListenerWD - Object target --->org.openqa.selenium.remote.RemoteWebDriver$RemoteTargetLocator@61ffd148
10:15:25.145  INFO  manager.ListenerWD - ******************
10:15:25.723  INFO  tests.TestBase - The name of starts method is --->registrationSuccess
10:15:25.724  INFO  manager.ListenerWD - Before find elements --> By.xpath: //button[text()='Sign Out']
10:15:25.736  INFO  manager.ListenerWD - After find elements --> By.xpath: //button[text()='Sign Out']
10:15:25.737  INFO  manager.ListenerWD - List suze is --> 1
10:15:25.737  INFO  manager.ListenerWD - Before find element --> By.xpath: //button[text()='Sign Out']
10:15:25.752  INFO  manager.ListenerWD - After find element --> By.xpath: //button[text()='Sign Out']
10:15:25.797  INFO  manager.ListenerWD - Before find element --> By.cssSelector: a[href='/login']
10:15:25.832  INFO  manager.ListenerWD - After find element --> By.cssSelector: a[href='/login']
10:15:25.850  INFO  manager.ListenerWD - Before find element --> By.cssSelector: a[href='/login']
10:15:25.873  INFO  manager.ListenerWD - After find element --> By.cssSelector: a[href='/login']
10:15:25.912  INFO  manager.ListenerWD - Before find element --> By.name: email
10:15:25.924  INFO  manager.ListenerWD - After find element --> By.name: email
10:15:26.024  INFO  manager.ListenerWD - Before find element --> By.name: password
10:15:26.052  INFO  manager.ListenerWD - After find element --> By.name: password
10:15:26.150  INFO  manager.ListenerWD - Before find element --> By.cssSelector: [name='registration']
10:15:26.164  INFO  manager.ListenerWD - After find element --> By.cssSelector: [name='registration']
10:15:26.190  INFO  manager.ListenerWD - Before find elements --> By.xpath: //button[text()='Sign Out']
10:15:26.705  INFO  manager.ListenerWD - After find elements --> By.xpath: //button[text()='Sign Out']
10:15:26.706  INFO  manager.ListenerWD - List suze is --> 1
10:15:26.709  INFO  tests.TestBase - The name of starts method is --->registrationUserAlreadyExists
10:15:26.710  INFO  manager.ListenerWD - Before find elements --> By.xpath: //button[text()='Sign Out']
10:15:26.724  INFO  manager.ListenerWD - After find elements --> By.xpath: //button[text()='Sign Out']
10:15:26.724  INFO  manager.ListenerWD - List suze is --> 1
10:15:26.724  INFO  manager.ListenerWD - Before find element --> By.xpath: //button[text()='Sign Out']
10:15:26.734  INFO  manager.ListenerWD - After find element --> By.xpath: //button[text()='Sign Out']
10:15:26.779  INFO  manager.ListenerWD - Before find element --> By.cssSelector: a[href='/login']
10:15:26.793  INFO  manager.ListenerWD - After find element --> By.cssSelector: a[href='/login']
10:15:26.805  INFO  manager.ListenerWD - Before find element --> By.cssSelector: a[href='/login']
10:15:26.813  INFO  manager.ListenerWD - After find element --> By.cssSelector: a[href='/login']
10:15:26.840  INFO  manager.ListenerWD - Before find element --> By.name: email
10:15:26.858  INFO  manager.ListenerWD - After find element --> By.name: email
10:15:26.953  INFO  manager.ListenerWD - Before find element --> By.name: password
10:15:26.968  INFO  manager.ListenerWD - After find element --> By.name: password
10:15:27.052  INFO  manager.ListenerWD - Before find element --> By.cssSelector: [name='registration']
10:15:27.067  INFO  manager.ListenerWD - After find element --> By.cssSelector: [name='registration']
10:15:27.099  INFO  manager.ListenerWD - The have a 'problem'
10:15:27.099  INFO  manager.ListenerWD - ******************
10:15:27.099  INFO  manager.ListenerWD - Method method ---> alert
10:15:27.099  INFO  manager.ListenerWD - ******************
10:15:27.099  INFO  manager.ListenerWD - InvocationTargetException getTargetException()org.openqa.selenium.NoAlertPresentException: no such alert
  (Session info: chrome=109.0.5414.119)
Build info: version: '4.7.1', revision: 'c6795baf1a3'
System info: os.name: 'Mac OS X', os.arch: 'x86_64', os.version: '12.2.1', java.version: '1.8.0_361'
Driver info: org.openqa.selenium.chrome.ChromeDriver
Command: [96933c0752a501147f31d5f425728f69, getAlertText {}]
Capabilities {acceptInsecureCerts: false, browserName: chrome, browserVersion: 109.0.5414.119, chrome: {chromedriverVersion: 108.0.5359.71 (1e0e3868ee06..., userDataDir: /var/folders/2f/zzc4g9ts1j9...}, goog:chromeOptions: {debuggerAddress: localhost:54305}, networkConnectionEnabled: false, pageLoadStrategy: normal, platformName: MAC, proxy: Proxy(), se:cdp: ws://localhost:54305/devtoo..., se:cdpVersion: 109.0.5414.119, setWindowRect: true, strictFileInteractability: false, timeouts: {implicit: 0, pageLoad: 300000, script: 30000}, unhandledPromptBehavior: dismiss and notify, webauthn:extension:credBlob: true, webauthn:extension:largeBlob: true, webauthn:virtualAuthenticators: true}
Session ID: 96933c0752a501147f31d5f425728f69
10:15:27.100  INFO  manager.ListenerWD - ******************
10:15:27.100  INFO  manager.ListenerWD - Object target --->org.openqa.selenium.remote.RemoteWebDriver$RemoteTargetLocator@60e1d87c
10:15:27.100  INFO  manager.ListenerWD - ******************
10:15:27.622  INFO  tests.TestBase - The name of starts method is --->registrationWrongEmail
10:15:27.628  INFO  manager.ListenerWD - Before find elements --> By.xpath: //button[text()='Sign Out']
10:15:32.682  INFO  manager.ListenerWD - After find elements --> By.xpath: //button[text()='Sign Out']
10:15:32.685  INFO  manager.ListenerWD - List suze is --> 0
10:15:32.690  INFO  manager.ListenerWD - Before find element --> By.cssSelector: a[href='/login']
10:15:32.714  INFO  manager.ListenerWD - After find element --> By.cssSelector: a[href='/login']
10:15:32.728  INFO  manager.ListenerWD - Before find element --> By.cssSelector: a[href='/login']
10:15:32.738  INFO  manager.ListenerWD - After find element --> By.cssSelector: a[href='/login']
10:15:32.785  INFO  manager.ListenerWD - Before find element --> By.name: email
10:15:32.801  INFO  manager.ListenerWD - After find element --> By.name: email
10:15:32.924  INFO  manager.ListenerWD - Before find element --> By.name: password
10:15:32.940  INFO  manager.ListenerWD - After find element --> By.name: password
10:15:33.084  INFO  manager.ListenerWD - Before find element --> By.cssSelector: [name='registration']
10:15:33.103  INFO  manager.ListenerWD - After find element --> By.cssSelector: [name='registration']
10:15:33.136  INFO  manager.ListenerWD - The have a 'problem'
10:15:33.136  INFO  manager.ListenerWD - ******************
10:15:33.136  INFO  manager.ListenerWD - Method method ---> alert
10:15:33.136  INFO  manager.ListenerWD - ******************
10:15:33.138  INFO  manager.ListenerWD - InvocationTargetException getTargetException()org.openqa.selenium.NoAlertPresentException: no such alert
  (Session info: chrome=109.0.5414.119)
Build info: version: '4.7.1', revision: 'c6795baf1a3'
System info: os.name: 'Mac OS X', os.arch: 'x86_64', os.version: '12.2.1', java.version: '1.8.0_361'
Driver info: org.openqa.selenium.chrome.ChromeDriver
Command: [96933c0752a501147f31d5f425728f69, getAlertText {}]
Capabilities {acceptInsecureCerts: false, browserName: chrome, browserVersion: 109.0.5414.119, chrome: {chromedriverVersion: 108.0.5359.71 (1e0e3868ee06..., userDataDir: /var/folders/2f/zzc4g9ts1j9...}, goog:chromeOptions: {debuggerAddress: localhost:54305}, networkConnectionEnabled: false, pageLoadStrategy: normal, platformName: MAC, proxy: Proxy(), se:cdp: ws://localhost:54305/devtoo..., se:cdpVersion: 109.0.5414.119, setWindowRect: true, strictFileInteractability: false, timeouts: {implicit: 0, pageLoad: 300000, script: 30000}, unhandledPromptBehavior: dismiss and notify, webauthn:extension:credBlob: true, webauthn:extension:largeBlob: true, webauthn:virtualAuthenticators: true}
Session ID: 96933c0752a501147f31d5f425728f69
10:15:33.138  INFO  manager.ListenerWD - ******************
10:15:33.138  INFO  manager.ListenerWD - Object target --->org.openqa.selenium.remote.RemoteWebDriver$RemoteTargetLocator@1e545821
10:15:33.138  INFO  manager.ListenerWD - ******************
10:15:33.678  INFO  tests.TestBase - The name of starts method is --->registrationWrongPassword
10:15:33.680  INFO  manager.ListenerWD - Before find elements --> By.xpath: //button[text()='Sign Out']
10:15:38.717  INFO  manager.ListenerWD - After find elements --> By.xpath: //button[text()='Sign Out']
10:15:38.718  INFO  manager.ListenerWD - List suze is --> 0
10:15:38.720  INFO  manager.ListenerWD - Before find element --> By.cssSelector: a[href='/login']
10:15:38.744  INFO  manager.ListenerWD - After find element --> By.cssSelector: a[href='/login']
10:15:38.758  INFO  manager.ListenerWD - Before find element --> By.cssSelector: a[href='/login']
10:15:38.774  INFO  manager.ListenerWD - After find element --> By.cssSelector: a[href='/login']
10:15:38.797  INFO  manager.ListenerWD - Before find element --> By.name: email
10:15:38.822  INFO  manager.ListenerWD - After find element --> By.name: email
10:15:38.909  INFO  manager.ListenerWD - Before find element --> By.name: password
10:15:38.924  INFO  manager.ListenerWD - After find element --> By.name: password
10:15:39.002  INFO  manager.ListenerWD - Before find element --> By.cssSelector: [name='registration']
10:15:39.013  INFO  manager.ListenerWD - After find element --> By.cssSelector: [name='registration']
10:15:39.044  INFO  manager.ListenerWD - The have a 'problem'
10:15:39.045  INFO  manager.ListenerWD - ******************
10:15:39.045  INFO  manager.ListenerWD - Method method ---> alert
10:15:39.045  INFO  manager.ListenerWD - ******************
10:15:39.045  INFO  manager.ListenerWD - InvocationTargetException getTargetException()org.openqa.selenium.NoAlertPresentException: no such alert
  (Session info: chrome=109.0.5414.119)
Build info: version: '4.7.1', revision: 'c6795baf1a3'
System info: os.name: 'Mac OS X', os.arch: 'x86_64', os.version: '12.2.1', java.version: '1.8.0_361'
Driver info: org.openqa.selenium.chrome.ChromeDriver
Command: [96933c0752a501147f31d5f425728f69, getAlertText {}]
Capabilities {acceptInsecureCerts: false, browserName: chrome, browserVersion: 109.0.5414.119, chrome: {chromedriverVersion: 108.0.5359.71 (1e0e3868ee06..., userDataDir: /var/folders/2f/zzc4g9ts1j9...}, goog:chromeOptions: {debuggerAddress: localhost:54305}, networkConnectionEnabled: false, pageLoadStrategy: normal, platformName: MAC, proxy: Proxy(), se:cdp: ws://localhost:54305/devtoo..., se:cdpVersion: 109.0.5414.119, setWindowRect: true, strictFileInteractability: false, timeouts: {implicit: 0, pageLoad: 300000, script: 30000}, unhandledPromptBehavior: dismiss and notify, webauthn:extension:credBlob: true, webauthn:extension:largeBlob: true, webauthn:virtualAuthenticators: true}
Session ID: 96933c0752a501147f31d5f425728f69
10:15:39.045  INFO  manager.ListenerWD - ******************
10:15:39.045  INFO  manager.ListenerWD - Object target --->org.openqa.selenium.remote.RemoteWebDriver$RemoteTargetLocator@3b4086c1
10:15:39.045  INFO  manager.ListenerWD - ******************
