11:27:11.656  INFO  manager.ApplicationManager - All tests star in Chrome Browser
11:27:15.839  INFO  manager.ApplicationManager - Current Url -->https://telranedu.web.app/home
11:27:15.859  INFO  manager.ListenerTNG - onStart ---Gradle test
11:27:15.917  INFO  tests.TestBase - The name of starts method is --->loginSuccess
11:27:15.919  INFO  manager.ListenerWD - Before find elements --> By.xpath: //button[text()='Sign Out']
11:27:21.001  INFO  manager.ListenerWD - After find elements --> By.xpath: //button[text()='Sign Out']
11:27:21.001  INFO  manager.ListenerWD - List suze is --> 0
11:27:21.003  INFO  manager.ListenerTNG - onTestStart ---loginSuccess
11:27:21.004  INFO  tests.TestBase - Login with valid data :  email: 'noa@gmail.com' & password: 'Nnoa12345$' 
11:27:21.004  INFO  manager.ListenerWD - Before find element --> By.cssSelector: a[href='/login']
11:27:21.070  INFO  manager.ListenerWD - After find element --> By.cssSelector: a[href='/login']
11:27:21.242  INFO  manager.ListenerWD - Before find element --> By.name: email
11:27:21.359  INFO  manager.ListenerWD - After find element --> By.name: email
11:27:21.878  INFO  manager.ListenerWD - Before find element --> By.name: password
11:27:21.941  INFO  manager.ListenerWD - After find element --> By.name: password
11:27:22.256  INFO  manager.ListenerWD - Before find element --> By.cssSelector: [name='login']
11:27:22.309  INFO  manager.ListenerWD - After find element --> By.cssSelector: [name='login']
11:27:22.455  INFO  manager.ListenerWD - Before find elements --> By.xpath: //button[text()='Sign Out']
11:27:23.403  INFO  manager.ListenerWD - After find elements --> By.xpath: //button[text()='Sign Out']
11:27:23.403  INFO  manager.ListenerWD - List suze is --> 1
11:27:23.409  INFO  tests.TestBase - Tests success
11:27:23.414  INFO  manager.ListenerTNG - onFinish ---Gradle test
