20:26:04.872  INFO  manager.ApplicationManager - All tests star in Chrome Browser
20:26:06.579  INFO  manager.ApplicationManager - Current Url -->https://telranedu.web.app/home
20:26:06.582  INFO  manager.ListenerTNG - onStart ---Nopackage
20:26:06.598  INFO  tests.TestBase - The name of starts method is --->registrationSuccess
20:26:06.599  INFO  manager.ListenerWD - Before find elements --> By.xpath: //button[text()='Sign Out']
20:26:11.644  INFO  manager.ListenerWD - After find elements --> By.xpath: //button[text()='Sign Out']
20:26:11.645  INFO  manager.ListenerWD - List suze is --> 0
20:26:11.646  INFO  manager.ListenerTNG - onTestStart ---registrationSuccess
20:26:11.649  INFO  manager.ListenerWD - Before find element --> By.cssSelector: a[href='/login']
20:26:11.672  INFO  manager.ListenerWD - After find element --> By.cssSelector: a[href='/login']
20:26:11.703  INFO  manager.ListenerWD - Before find element --> By.cssSelector: a[href='/login']
20:26:11.716  INFO  manager.ListenerWD - After find element --> By.cssSelector: a[href='/login']
20:26:12.101  INFO  manager.ListenerWD - Before find element --> By.name: email
20:26:12.117  INFO  manager.ListenerWD - After find element --> By.name: email
20:26:12.646  INFO  manager.ListenerWD - Before find element --> By.name: password
20:26:12.679  INFO  manager.ListenerWD - After find element --> By.name: password
20:26:12.798  INFO  manager.ListenerWD - Before find element --> By.cssSelector: [name='registration']
20:26:12.811  INFO  manager.ListenerWD - After find element --> By.cssSelector: [name='registration']
20:26:12.899  INFO  manager.ListenerWD - Before find elements --> By.xpath: //button[text()='Sign Out']
20:26:14.444  INFO  manager.ListenerWD - After find elements --> By.xpath: //button[text()='Sign Out']
20:26:14.444  INFO  manager.ListenerWD - List suze is --> 1
20:26:14.446  INFO  manager.ListenerTNG - onTestSuccessregistrationSuccess
20:26:14.449  INFO  manager.ListenerTNG - onFinish ---Nopackage
