10:11:36.883  INFO  manager.ApplicationManager - All tests star in Chrome Browser
10:11:41.127  INFO  manager.ApplicationManager - Current Url -->https://telranedu.web.app/home
10:11:41.226  INFO  tests.TestBase - The name of starts method is --->loginSuccess
10:11:41.245  INFO  manager.ListenerWD - Before find elements --> By.xpath: //button[text()='Sign Out']
10:11:46.305  INFO  manager.ListenerWD - After find elements --> By.xpath: //button[text()='Sign Out']
10:11:46.306  INFO  manager.ListenerWD - List suze is --> 0
10:11:46.307  INFO  tests.TestBase - Login with valid data :  email: 'noa@gmail.com' & password: 'Nnoa12345$' 
10:11:46.308  INFO  manager.ListenerWD - Before find element --> By.cssSelector: a[href='/l']
10:11:51.465  INFO  manager.ListenerWD - Tests ends with error
10:11:51.465  INFO  manager.ListenerWD - ******************
10:11:51.465  INFO  manager.ListenerWD - Method methodfindElement
10:11:51.465  INFO  manager.ListenerWD - ******************
10:11:51.466  INFO  manager.ListenerWD - InvocationTargetException getMessage()null
10:11:51.466  INFO  manager.ListenerWD - ******************
10:11:51.468  INFO  manager.ListenerWD - InvocationTargetException getTargetException()org.openqa.selenium.NoSuchElementException: no such element: Unable to locate element: {"method":"css selector","selector":"a[href='/l']"}
  (Session info: chrome=109.0.5414.119)
For documentation on this error, please visit: https://selenium.dev/exceptions/#no_such_element
Build info: version: '4.7.1', revision: 'c6795baf1a3'
System info: os.name: 'Mac OS X', os.arch: 'x86_64', os.version: '10.16', java.version: '1.8.0_151'
Driver info: org.openqa.selenium.chrome.ChromeDriver
Command: [71bccb7e03106c84ce1b46c075cdec80, findElement {using=css selector, value=a[href='/l']}]
Capabilities {acceptInsecureCerts: false, browserName: chrome, browserVersion: 109.0.5414.119, chrome: {chromedriverVersion: 108.0.5359.71 (1e0e3868ee06..., userDataDir: /var/folders/s_/hl4vhy0959g...}, goog:chromeOptions: {debuggerAddress: localhost:60100}, networkConnectionEnabled: false, pageLoadStrategy: normal, platformName: MAC, proxy: Proxy(), se:cdp: ws://localhost:60100/devtoo..., se:cdpVersion: 109.0.5414.119, setWindowRect: true, strictFileInteractability: false, timeouts: {implicit: 0, pageLoad: 300000, script: 30000}, unhandledPromptBehavior: dismiss and notify, webauthn:extension:credBlob: true, webauthn:extension:largeBlob: true, webauthn:virtualAuthenticators: true}
Session ID: 71bccb7e03106c84ce1b46c075cdec80
10:11:51.469  INFO  manager.ListenerWD - ******************
10:11:51.470  INFO  manager.ListenerWD - InvocationTargetException Cause()org.openqa.selenium.NoSuchElementException: no such element: Unable to locate element: {"method":"css selector","selector":"a[href='/l']"}
  (Session info: chrome=109.0.5414.119)
For documentation on this error, please visit: https://selenium.dev/exceptions/#no_such_element
Build info: version: '4.7.1', revision: 'c6795baf1a3'
System info: os.name: 'Mac OS X', os.arch: 'x86_64', os.version: '10.16', java.version: '1.8.0_151'
Driver info: org.openqa.selenium.chrome.ChromeDriver
Command: [71bccb7e03106c84ce1b46c075cdec80, findElement {using=css selector, value=a[href='/l']}]
Capabilities {acceptInsecureCerts: false, browserName: chrome, browserVersion: 109.0.5414.119, chrome: {chromedriverVersion: 108.0.5359.71 (1e0e3868ee06..., userDataDir: /var/folders/s_/hl4vhy0959g...}, goog:chromeOptions: {debuggerAddress: localhost:60100}, networkConnectionEnabled: false, pageLoadStrategy: normal, platformName: MAC, proxy: Proxy(), se:cdp: ws://localhost:60100/devtoo..., se:cdpVersion: 109.0.5414.119, setWindowRect: true, strictFileInteractability: false, timeouts: {implicit: 0, pageLoad: 300000, script: 30000}, unhandledPromptBehavior: dismiss and notify, webauthn:extension:credBlob: true, webauthn:extension:largeBlob: true, webauthn:virtualAuthenticators: true}
Session ID: 71bccb7e03106c84ce1b46c075cdec80
10:11:51.471  INFO  manager.ListenerWD - ******************
10:11:51.471  INFO  manager.ListenerWD - Object targetChromeDriver: chrome on MAC (71bccb7e03106c84ce1b46c075cdec80)
10:11:51.471  INFO  manager.ListenerWD - ******************
