13:33:50.350  INFO  manager.ApplicationManager - All tests star in Chrome Browser
13:33:52.128  INFO  manager.ApplicationManager - Current Url -->https://telranedu.web.app/home
13:33:52.135  INFO  manager.ListenerTNG - onStart ---Gradle test
13:33:52.167  INFO  tests.TestBase - The name of starts method is --->addContactSuccessAllFields
13:33:52.170  INFO  manager.ListenerWD - Before find elements --> By.xpath: //button[text()='Sign Out']
13:33:57.198  INFO  manager.ListenerWD - After find elements --> By.xpath: //button[text()='Sign Out']
13:33:57.198  INFO  manager.ListenerWD - List suze is --> 0
13:33:57.201  INFO  manager.ListenerWD - Before find element --> By.cssSelector: a[href='/login']
13:33:57.257  INFO  manager.ListenerWD - After find element --> By.cssSelector: a[href='/login']
13:33:57.602  INFO  manager.ListenerWD - Before find element --> By.name: email
13:33:57.651  INFO  manager.ListenerWD - After find element --> By.name: email
13:33:58.087  INFO  manager.ListenerWD - Before find element --> By.name: password
13:33:58.143  INFO  manager.ListenerWD - After find element --> By.name: password
13:33:58.252  INFO  manager.ListenerWD - Before find element --> By.cssSelector: [name='login']
13:33:58.303  INFO  manager.ListenerWD - After find element --> By.cssSelector: [name='login']
13:33:58.390  INFO  manager.ListenerTNG - onTestStart ---addContactSuccessAllFields
13:33:58.394  INFO  tests.TestBase - Tests start with data : Contact(name=Lisa1488, lastName=Simpson, email=lisa1488@mail.ru, address=NY, phone=11111111488, description=All fields)
13:33:58.394  INFO  manager.ListenerWD - Before find element --> By.cssSelector: a[href='/add']
13:33:59.783  INFO  manager.ListenerWD - After find element --> By.cssSelector: a[href='/add']
13:33:59.869  INFO  manager.ListenerWD - Before find element --> By.cssSelector: input[placeholder='Name']
13:33:59.954  INFO  manager.ListenerWD - After find element --> By.cssSelector: input[placeholder='Name']
13:34:00.127  INFO  manager.ListenerWD - Before find element --> By.cssSelector: input[placeholder='Last Name']
13:34:00.185  INFO  manager.ListenerWD - After find element --> By.cssSelector: input[placeholder='Last Name']
13:34:00.371  INFO  manager.ListenerWD - Before find element --> By.cssSelector: input[placeholder='Phone']
13:34:00.407  INFO  manager.ListenerWD - After find element --> By.cssSelector: input[placeholder='Phone']
13:34:00.587  INFO  manager.ListenerWD - Before find element --> By.cssSelector: input[placeholder='email']
13:34:00.650  INFO  manager.ListenerWD - After find element --> By.cssSelector: input[placeholder='email']
13:34:00.902  INFO  manager.ListenerWD - Before find element --> By.cssSelector: input[placeholder='Address']
13:34:00.966  INFO  manager.ListenerWD - After find element --> By.cssSelector: input[placeholder='Address']
13:34:01.584  INFO  manager.ListenerWD - Before find element --> By.cssSelector: input[placeholder='description']
13:34:01.683  INFO  manager.ListenerWD - After find element --> By.cssSelector: input[placeholder='description']
13:34:02.164  INFO  manager.ListenerWD - Before find element --> By.xpath: //b[text()='Save']
13:34:02.240  INFO  manager.ListenerWD - After find element --> By.xpath: //b[text()='Save']
13:34:02.433  INFO  manager.ListenerWD - Before find elements --> By.cssSelector: h2
13:34:03.251  INFO  manager.ListenerWD - After find elements --> By.cssSelector: h2
13:34:03.254  INFO  manager.ListenerWD - List suze is --> 17
13:34:03.504  INFO  manager.ListenerWD - Before find elements --> By.cssSelector: h3
13:34:03.651  INFO  manager.ListenerWD - After find elements --> By.cssSelector: h3
13:34:03.657  INFO  manager.ListenerWD - List suze is --> 17
13:34:03.849  INFO  manager.ListenerWD - Before find elements --> By.cssSelector: .contact-item_card__2SOIM
13:34:04.094  INFO  manager.ListenerWD - After find elements --> By.cssSelector: .contact-item_card__2SOIM
13:34:04.095  INFO  manager.ListenerWD - List suze is --> 17
13:34:04.474  INFO  manager.ListenerWD - Before find element --> By.cssSelector: .contact-item-detailed_card__50dTS
13:34:04.490  INFO  manager.ListenerWD - After find element --> By.cssSelector: .contact-item-detailed_card__50dTS
13:34:04.545  INFO  manager.ListenerWD - Before find element --> By.cssSelector: .contact-item-detailed_card__50dTS
13:34:04.566  INFO  manager.ListenerWD - After find element --> By.cssSelector: .contact-item-detailed_card__50dTS
13:34:04.608  INFO  manager.ListenerWD - Before find element --> By.cssSelector: .contact-item-detailed_card__50dTS
13:34:04.618  INFO  manager.ListenerWD - After find element --> By.cssSelector: .contact-item-detailed_card__50dTS
13:34:04.670  INFO  manager.ListenerWD - Before find element --> By.cssSelector: .contact-item-detailed_card__50dTS
13:34:04.699  INFO  manager.ListenerWD - After find element --> By.cssSelector: .contact-item-detailed_card__50dTS
13:34:04.732  INFO  manager.ListenerWD - Before find element --> By.cssSelector: .contact-item-detailed_card__50dTS
13:34:04.746  INFO  manager.ListenerWD - After find element --> By.cssSelector: .contact-item-detailed_card__50dTS
13:34:04.812  INFO  manager.ListenerWD - Before find element --> By.cssSelector: .contact-item-detailed_card__50dTS
13:34:04.841  INFO  manager.ListenerWD - After find element --> By.cssSelector: .contact-item-detailed_card__50dTS
13:34:05.102  INFO  manager.ListenerWD - Before find element --> By.cssSelector: .contact-item-detailed_card__50dTS
13:34:05.149  INFO  manager.ListenerWD - After find element --> By.cssSelector: .contact-item-detailed_card__50dTS
13:34:05.300  INFO  manager.ListenerWD - Before find element --> By.cssSelector: .contact-item-detailed_card__50dTS
13:34:05.375  INFO  manager.ListenerWD - After find element --> By.cssSelector: .contact-item-detailed_card__50dTS
13:34:05.691  INFO  manager.ListenerWD - Before find element --> By.cssSelector: .contact-item-detailed_card__50dTS
13:34:05.747  INFO  manager.ListenerWD - After find element --> By.cssSelector: .contact-item-detailed_card__50dTS
13:34:06.038  INFO  manager.ListenerWD - Before find element --> By.cssSelector: .contact-item-detailed_card__50dTS
13:34:06.122  INFO  manager.ListenerWD - After find element --> By.cssSelector: .contact-item-detailed_card__50dTS
13:34:06.268  INFO  manager.ListenerWD - Before find element --> By.cssSelector: .contact-item-detailed_card__50dTS
13:34:06.311  INFO  manager.ListenerWD - After find element --> By.cssSelector: .contact-item-detailed_card__50dTS
13:34:06.435  INFO  manager.ListenerWD - Before find element --> By.cssSelector: .contact-item-detailed_card__50dTS
13:34:06.452  INFO  manager.ListenerWD - After find element --> By.cssSelector: .contact-item-detailed_card__50dTS
13:34:06.545  INFO  manager.ListenerWD - Before find element --> By.cssSelector: .contact-item-detailed_card__50dTS
13:34:06.556  INFO  manager.ListenerWD - After find element --> By.cssSelector: .contact-item-detailed_card__50dTS
13:34:06.621  INFO  manager.ListenerWD - Before find element --> By.cssSelector: .contact-item-detailed_card__50dTS
13:34:06.629  INFO  manager.ListenerWD - After find element --> By.cssSelector: .contact-item-detailed_card__50dTS
13:34:06.682  INFO  manager.ListenerWD - Before find element --> By.cssSelector: .contact-item-detailed_card__50dTS
13:34:06.704  INFO  manager.ListenerWD - After find element --> By.cssSelector: .contact-item-detailed_card__50dTS
13:34:06.824  INFO  manager.ListenerWD - Before find element --> By.cssSelector: .contact-item-detailed_card__50dTS
13:34:06.847  INFO  manager.ListenerWD - After find element --> By.cssSelector: .contact-item-detailed_card__50dTS
13:34:06.897  INFO  manager.ListenerWD - Before find element --> By.cssSelector: .contact-item-detailed_card__50dTS
13:34:06.921  INFO  manager.ListenerWD - After find element --> By.cssSelector: .contact-item-detailed_card__50dTS
13:34:06.945  INFO  manager.ListenerTNG - onTestSuccessaddContactSuccessAllFields
13:34:06.977  INFO  tests.TestBase - The name of starts method is --->addContactSuccessRequiredFields
13:34:06.993  INFO  manager.ListenerWD - Before find elements --> By.xpath: //button[text()='Sign Out']
13:34:07.025  INFO  manager.ListenerWD - After find elements --> By.xpath: //button[text()='Sign Out']
13:34:07.028  INFO  manager.ListenerWD - List suze is --> 1
13:34:07.029  INFO  manager.ListenerTNG - onTestStart ---addContactSuccessRequiredFields
13:34:07.029  INFO  manager.ListenerWD - Before find element --> By.cssSelector: a[href='/add']
13:34:07.039  INFO  manager.ListenerWD - After find element --> By.cssSelector: a[href='/add']
13:34:07.087  INFO  manager.ListenerWD - Before find element --> By.cssSelector: input[placeholder='Name']
13:34:07.103  INFO  manager.ListenerWD - After find element --> By.cssSelector: input[placeholder='Name']
13:34:07.205  INFO  manager.ListenerWD - Before find element --> By.cssSelector: input[placeholder='Last Name']
13:34:07.226  INFO  manager.ListenerWD - After find element --> By.cssSelector: input[placeholder='Last Name']
13:34:07.297  INFO  manager.ListenerWD - Before find element --> By.cssSelector: input[placeholder='Phone']
13:34:07.307  INFO  manager.ListenerWD - After find element --> By.cssSelector: input[placeholder='Phone']
13:34:07.373  INFO  manager.ListenerWD - Before find element --> By.cssSelector: input[placeholder='email']
13:34:07.401  INFO  manager.ListenerWD - After find element --> By.cssSelector: input[placeholder='email']
13:34:07.611  INFO  manager.ListenerWD - Before find element --> By.cssSelector: input[placeholder='Address']
13:34:07.656  INFO  manager.ListenerWD - After find element --> By.cssSelector: input[placeholder='Address']
13:34:07.723  INFO  manager.ListenerWD - Before find element --> By.cssSelector: input[placeholder='description']
13:34:07.733  INFO  manager.ListenerWD - After find element --> By.cssSelector: input[placeholder='description']
13:34:07.791  INFO  manager.ListenerWD - Before find element --> By.xpath: //b[text()='Save']
13:34:07.801  INFO  manager.ListenerWD - After find element --> By.xpath: //b[text()='Save']
13:34:07.827  INFO  manager.ListenerWD - Before find elements --> By.cssSelector: h2
13:34:08.346  INFO  manager.ListenerWD - After find elements --> By.cssSelector: h2
13:34:08.347  INFO  manager.ListenerWD - List suze is --> 18
13:34:08.544  INFO  manager.ListenerWD - Before find elements --> By.cssSelector: h3
13:34:08.768  INFO  manager.ListenerWD - After find elements --> By.cssSelector: h3
13:34:08.772  INFO  manager.ListenerWD - List suze is --> 18
13:34:08.966  INFO  manager.ListenerTNG - onTestSuccessaddContactSuccessRequiredFields
13:34:08.970  INFO  tests.TestBase - The name of starts method is --->addNewContactWrongAddress
13:34:08.971  INFO  manager.ListenerWD - Before find elements --> By.xpath: //button[text()='Sign Out']
13:34:08.989  INFO  manager.ListenerWD - After find elements --> By.xpath: //button[text()='Sign Out']
13:34:08.989  INFO  manager.ListenerWD - List suze is --> 1
13:34:08.989  INFO  manager.ListenerTNG - onTestStart ---addNewContactWrongAddress
13:34:08.990  INFO  manager.ListenerWD - Before find element --> By.cssSelector: a[href='/add']
13:34:09.003  INFO  manager.ListenerWD - After find element --> By.cssSelector: a[href='/add']
13:34:09.153  INFO  manager.ListenerWD - Before find element --> By.cssSelector: input[placeholder='Name']
13:34:09.245  INFO  manager.ListenerWD - After find element --> By.cssSelector: input[placeholder='Name']
13:34:09.313  INFO  manager.ListenerWD - Before find element --> By.cssSelector: input[placeholder='Last Name']
13:34:09.324  INFO  manager.ListenerWD - After find element --> By.cssSelector: input[placeholder='Last Name']
13:34:09.394  INFO  manager.ListenerWD - Before find element --> By.cssSelector: input[placeholder='Phone']
13:34:09.411  INFO  manager.ListenerWD - After find element --> By.cssSelector: input[placeholder='Phone']
13:34:09.494  INFO  manager.ListenerWD - Before find element --> By.cssSelector: input[placeholder='email']
13:34:09.515  INFO  manager.ListenerWD - After find element --> By.cssSelector: input[placeholder='email']
13:34:09.586  INFO  manager.ListenerWD - Before find element --> By.cssSelector: input[placeholder='Address']
13:34:09.596  INFO  manager.ListenerWD - After find element --> By.cssSelector: input[placeholder='Address']
13:34:09.656  INFO  manager.ListenerWD - Before find element --> By.cssSelector: input[placeholder='description']
13:34:09.664  INFO  manager.ListenerWD - After find element --> By.cssSelector: input[placeholder='description']
13:34:09.738  INFO  manager.ListenerWD - Before find element --> By.xpath: //b[text()='Save']
13:34:09.758  INFO  manager.ListenerWD - After find element --> By.xpath: //b[text()='Save']
13:34:09.800  INFO  manager.ListenerWD - Before find elements --> By.cssSelector: a.active[href='/add']
13:34:09.817  INFO  manager.ListenerWD - After find elements --> By.cssSelector: a.active[href='/add']
13:34:09.818  INFO  manager.ListenerWD - List suze is --> 1
13:34:09.821  INFO  manager.ListenerTNG - onTestSuccessaddNewContactWrongAddress
13:34:09.827  INFO  tests.TestBase - The name of starts method is --->addNewContactWrongEmail
13:34:09.829  INFO  manager.ListenerWD - Before find elements --> By.xpath: //button[text()='Sign Out']
13:34:09.841  INFO  manager.ListenerWD - After find elements --> By.xpath: //button[text()='Sign Out']
13:34:09.842  INFO  manager.ListenerWD - List suze is --> 1
13:34:09.843  INFO  manager.ListenerTNG - onTestStart ---addNewContactWrongEmail
13:34:09.843  INFO  manager.ListenerWD - Before find element --> By.cssSelector: a[href='/add']
13:34:09.856  INFO  manager.ListenerWD - After find element --> By.cssSelector: a[href='/add']
13:34:09.884  INFO  manager.ListenerWD - Before find element --> By.cssSelector: input[placeholder='Name']
13:34:09.908  INFO  manager.ListenerWD - After find element --> By.cssSelector: input[placeholder='Name']
13:34:10.163  INFO  manager.ListenerWD - Before find element --> By.cssSelector: input[placeholder='Last Name']
13:34:10.174  INFO  manager.ListenerWD - After find element --> By.cssSelector: input[placeholder='Last Name']
13:34:10.230  INFO  manager.ListenerWD - Before find element --> By.cssSelector: input[placeholder='Phone']
13:34:10.243  INFO  manager.ListenerWD - After find element --> By.cssSelector: input[placeholder='Phone']
13:34:10.298  INFO  manager.ListenerWD - Before find element --> By.cssSelector: input[placeholder='email']
13:34:10.312  INFO  manager.ListenerWD - After find element --> By.cssSelector: input[placeholder='email']
13:34:10.486  INFO  manager.ListenerWD - Before find element --> By.cssSelector: input[placeholder='Address']
13:34:10.513  INFO  manager.ListenerWD - After find element --> By.cssSelector: input[placeholder='Address']
13:34:10.572  INFO  manager.ListenerWD - Before find element --> By.cssSelector: input[placeholder='description']
13:34:10.587  INFO  manager.ListenerWD - After find element --> By.cssSelector: input[placeholder='description']
13:34:10.656  INFO  manager.ListenerWD - Before find element --> By.xpath: //b[text()='Save']
13:34:10.668  INFO  manager.ListenerWD - After find element --> By.xpath: //b[text()='Save']
13:34:10.684  INFO  manager.ListenerWD - Before find elements --> By.cssSelector: a.active[href='/add']
13:34:10.694  INFO  manager.ListenerWD - After find elements --> By.cssSelector: a.active[href='/add']
13:34:10.695  INFO  manager.ListenerWD - List suze is --> 1
13:34:10.767  INFO  manager.ListenerWD - The have a 'problem'
13:34:10.767  INFO  manager.ListenerWD - ******************
13:34:10.767  INFO  manager.ListenerWD - Method method ---> alert
13:34:10.767  INFO  manager.ListenerWD - ******************
13:34:10.769  INFO  manager.ListenerWD - InvocationTargetException getTargetException()org.openqa.selenium.NoAlertPresentException: no such alert
  (Session info: chrome=109.0.5414.119)
Build info: version: '4.7.1', revision: 'c6795baf1a3'
System info: os.name: 'Mac OS X', os.arch: 'x86_64', os.version: '12.2.1', java.version: '1.8.0_361'
Driver info: org.openqa.selenium.chrome.ChromeDriver
Command: [50d7653ec6bc3de99bef3274e7176767, getAlertText {}]
Capabilities {acceptInsecureCerts: false, browserName: chrome, browserVersion: 109.0.5414.119, chrome: {chromedriverVersion: 108.0.5359.71 (1e0e3868ee06..., userDataDir: /var/folders/2f/zzc4g9ts1j9...}, goog:chromeOptions: {debuggerAddress: localhost:52682}, networkConnectionEnabled: false, pageLoadStrategy: normal, platformName: MAC, proxy: Proxy(), se:cdp: ws://localhost:52682/devtoo..., se:cdpVersion: 109.0.5414.119, setWindowRect: true, strictFileInteractability: false, timeouts: {implicit: 0, pageLoad: 300000, script: 30000}, unhandledPromptBehavior: dismiss and notify, webauthn:extension:credBlob: true, webauthn:extension:largeBlob: true, webauthn:virtualAuthenticators: true}
Session ID: 50d7653ec6bc3de99bef3274e7176767
13:34:10.769  INFO  manager.ListenerWD - ******************
13:34:10.769  INFO  manager.ListenerWD - Object target --->org.openqa.selenium.remote.RemoteWebDriver$RemoteTargetLocator@6587305a
13:34:10.769  INFO  manager.ListenerWD - ******************
13:34:11.323  INFO  manager.ListenerTNG - onTestSuccessaddNewContactWrongEmail
13:34:11.324  INFO  tests.TestBase - The name of starts method is --->addNewContactWrongLastName
13:34:11.327  INFO  manager.ListenerWD - Before find elements --> By.xpath: //button[text()='Sign Out']
13:34:11.345  INFO  manager.ListenerWD - After find elements --> By.xpath: //button[text()='Sign Out']
13:34:11.345  INFO  manager.ListenerWD - List suze is --> 1
13:34:11.347  INFO  manager.ListenerTNG - onTestStart ---addNewContactWrongLastName
13:34:11.348  INFO  manager.ListenerWD - Before find element --> By.cssSelector: a[href='/add']
13:34:11.360  INFO  manager.ListenerWD - After find element --> By.cssSelector: a[href='/add']
13:34:11.380  INFO  manager.ListenerWD - Before find element --> By.cssSelector: input[placeholder='Name']
13:34:11.392  INFO  manager.ListenerWD - After find element --> By.cssSelector: input[placeholder='Name']
13:34:11.450  INFO  manager.ListenerWD - Before find element --> By.cssSelector: input[placeholder='Last Name']
13:34:11.473  INFO  manager.ListenerWD - After find element --> By.cssSelector: input[placeholder='Last Name']
13:34:11.536  INFO  manager.ListenerWD - Before find element --> By.cssSelector: input[placeholder='Phone']
13:34:11.549  INFO  manager.ListenerWD - After find element --> By.cssSelector: input[placeholder='Phone']
13:34:11.604  INFO  manager.ListenerWD - Before find element --> By.cssSelector: input[placeholder='email']
13:34:11.613  INFO  manager.ListenerWD - After find element --> By.cssSelector: input[placeholder='email']
13:34:11.678  INFO  manager.ListenerWD - Before find element --> By.cssSelector: input[placeholder='Address']
13:34:11.687  INFO  manager.ListenerWD - After find element --> By.cssSelector: input[placeholder='Address']
13:34:11.743  INFO  manager.ListenerWD - Before find element --> By.cssSelector: input[placeholder='description']
13:34:11.755  INFO  manager.ListenerWD - After find element --> By.cssSelector: input[placeholder='description']
13:34:11.817  INFO  manager.ListenerWD - Before find element --> By.xpath: //b[text()='Save']
13:34:11.828  INFO  manager.ListenerWD - After find element --> By.xpath: //b[text()='Save']
13:34:11.844  INFO  manager.ListenerWD - Before find elements --> By.cssSelector: a.active[href='/add']
13:34:11.852  INFO  manager.ListenerWD - After find elements --> By.cssSelector: a.active[href='/add']
13:34:11.852  INFO  manager.ListenerWD - List suze is --> 1
13:34:11.853  INFO  manager.ListenerTNG - onTestSuccessaddNewContactWrongLastName
13:34:11.854  INFO  tests.TestBase - The name of starts method is --->addNewContactWrongName
13:34:11.855  INFO  manager.ListenerWD - Before find elements --> By.xpath: //button[text()='Sign Out']
13:34:11.862  INFO  manager.ListenerWD - After find elements --> By.xpath: //button[text()='Sign Out']
13:34:11.863  INFO  manager.ListenerWD - List suze is --> 1
13:34:11.863  INFO  manager.ListenerTNG - onTestStart ---addNewContactWrongName
13:34:11.863  INFO  manager.ListenerWD - Before find element --> By.cssSelector: a[href='/add']
13:34:11.873  INFO  manager.ListenerWD - After find element --> By.cssSelector: a[href='/add']
13:34:11.889  INFO  manager.ListenerWD - Before find element --> By.cssSelector: input[placeholder='Name']
13:34:11.898  INFO  manager.ListenerWD - After find element --> By.cssSelector: input[placeholder='Name']
13:34:11.955  INFO  manager.ListenerWD - Before find element --> By.cssSelector: input[placeholder='Last Name']
13:34:11.961  INFO  manager.ListenerWD - After find element --> By.cssSelector: input[placeholder='Last Name']
13:34:12.014  INFO  manager.ListenerWD - Before find element --> By.cssSelector: input[placeholder='Phone']
13:34:12.026  INFO  manager.ListenerWD - After find element --> By.cssSelector: input[placeholder='Phone']
13:34:12.085  INFO  manager.ListenerWD - Before find element --> By.cssSelector: input[placeholder='email']
13:34:12.095  INFO  manager.ListenerWD - After find element --> By.cssSelector: input[placeholder='email']
13:34:12.163  INFO  manager.ListenerWD - Before find element --> By.cssSelector: input[placeholder='Address']
13:34:12.173  INFO  manager.ListenerWD - After find element --> By.cssSelector: input[placeholder='Address']
13:34:12.345  INFO  manager.ListenerWD - Before find element --> By.cssSelector: input[placeholder='description']
13:34:12.354  INFO  manager.ListenerWD - After find element --> By.cssSelector: input[placeholder='description']
13:34:12.426  INFO  manager.ListenerWD - Before find element --> By.xpath: //b[text()='Save']
13:34:12.493  INFO  manager.ListenerWD - After find element --> By.xpath: //b[text()='Save']
13:34:12.509  INFO  manager.ListenerWD - Before find elements --> By.cssSelector: a.active[href='/add']
13:34:12.518  INFO  manager.ListenerWD - After find elements --> By.cssSelector: a.active[href='/add']
13:34:12.519  INFO  manager.ListenerWD - List suze is --> 1
13:34:12.519  INFO  manager.ListenerTNG - onTestSuccessaddNewContactWrongName
13:34:12.519  INFO  tests.TestBase - The name of starts method is --->addNewContactWrongPhone
13:34:12.521  INFO  manager.ListenerWD - Before find elements --> By.xpath: //button[text()='Sign Out']
13:34:12.547  INFO  manager.ListenerWD - After find elements --> By.xpath: //button[text()='Sign Out']
13:34:12.548  INFO  manager.ListenerWD - List suze is --> 1
13:34:12.549  INFO  manager.ListenerTNG - onTestStart ---addNewContactWrongPhone
13:34:12.550  INFO  manager.ListenerWD - Before find element --> By.cssSelector: a[href='/add']
13:34:12.558  INFO  manager.ListenerWD - After find element --> By.cssSelector: a[href='/add']
13:34:12.578  INFO  manager.ListenerWD - Before find element --> By.cssSelector: input[placeholder='Name']
13:34:12.595  INFO  manager.ListenerWD - After find element --> By.cssSelector: input[placeholder='Name']
13:34:12.647  INFO  manager.ListenerWD - Before find element --> By.cssSelector: input[placeholder='Last Name']
13:34:12.665  INFO  manager.ListenerWD - After find element --> By.cssSelector: input[placeholder='Last Name']
13:34:12.715  INFO  manager.ListenerWD - Before find element --> By.cssSelector: input[placeholder='Phone']
13:34:12.728  INFO  manager.ListenerWD - After find element --> By.cssSelector: input[placeholder='Phone']
13:34:12.786  INFO  manager.ListenerWD - Before find element --> By.cssSelector: input[placeholder='email']
13:34:12.801  INFO  manager.ListenerWD - After find element --> By.cssSelector: input[placeholder='email']
13:34:12.916  INFO  manager.ListenerWD - Before find element --> By.cssSelector: input[placeholder='Address']
13:34:12.943  INFO  manager.ListenerWD - After find element --> By.cssSelector: input[placeholder='Address']
13:34:13.009  INFO  manager.ListenerWD - Before find element --> By.cssSelector: input[placeholder='description']
13:34:13.021  INFO  manager.ListenerWD - After find element --> By.cssSelector: input[placeholder='description']
13:34:13.079  INFO  manager.ListenerWD - Before find element --> By.xpath: //b[text()='Save']
13:34:13.089  INFO  manager.ListenerWD - After find element --> By.xpath: //b[text()='Save']
13:34:13.107  INFO  manager.ListenerWD - Before find elements --> By.cssSelector: a.active[href='/add']
13:34:13.116  INFO  manager.ListenerWD - After find elements --> By.cssSelector: a.active[href='/add']
13:34:13.116  INFO  manager.ListenerWD - List suze is --> 1
13:34:13.124  INFO  manager.ListenerWD - The have a 'problem'
13:34:13.124  INFO  manager.ListenerWD - ******************
13:34:13.124  INFO  manager.ListenerWD - Method method ---> alert
13:34:13.125  INFO  manager.ListenerWD - ******************
13:34:13.125  INFO  manager.ListenerWD - InvocationTargetException getTargetException()org.openqa.selenium.NoAlertPresentException: no such alert
  (Session info: chrome=109.0.5414.119)
Build info: version: '4.7.1', revision: 'c6795baf1a3'
System info: os.name: 'Mac OS X', os.arch: 'x86_64', os.version: '12.2.1', java.version: '1.8.0_361'
Driver info: org.openqa.selenium.chrome.ChromeDriver
Command: [50d7653ec6bc3de99bef3274e7176767, getAlertText {}]
Capabilities {acceptInsecureCerts: false, browserName: chrome, browserVersion: 109.0.5414.119, chrome: {chromedriverVersion: 108.0.5359.71 (1e0e3868ee06..., userDataDir: /var/folders/2f/zzc4g9ts1j9...}, goog:chromeOptions: {debuggerAddress: localhost:52682}, networkConnectionEnabled: false, pageLoadStrategy: normal, platformName: MAC, proxy: Proxy(), se:cdp: ws://localhost:52682/devtoo..., se:cdpVersion: 109.0.5414.119, setWindowRect: true, strictFileInteractability: false, timeouts: {implicit: 0, pageLoad: 300000, script: 30000}, unhandledPromptBehavior: dismiss and notify, webauthn:extension:credBlob: true, webauthn:extension:largeBlob: true, webauthn:virtualAuthenticators: true}
Session ID: 50d7653ec6bc3de99bef3274e7176767
13:34:13.125  INFO  manager.ListenerWD - ******************
13:34:13.125  INFO  manager.ListenerWD - Object target --->org.openqa.selenium.remote.RemoteWebDriver$RemoteTargetLocator@1c628f6a
13:34:13.125  INFO  manager.ListenerWD - ******************
13:34:13.684  INFO  manager.ListenerTNG - onTestSuccessaddNewContactWrongPhone
13:34:13.699  INFO  tests.TestBase - The name of starts method is --->loginSuccess
13:34:13.703  INFO  manager.ListenerTNG - onTestStart ---loginSuccess
13:34:13.703  INFO  manager.ListenerTNG - onTestSkipped ---loginSuccess
13:34:13.704  INFO  manager.ListenerTNG - onTestStart ---loginSuccess
13:34:13.704  INFO  manager.ListenerTNG - onTestSkipped ---loginSuccess
13:34:13.709  INFO  manager.ListenerTNG - onTestStart ---loginSuccess
13:34:13.709  INFO  manager.ListenerTNG - onTestSkipped ---loginSuccess
13:34:13.717  INFO  manager.ListenerTNG - onTestStart ---loginSuccess2
13:34:13.718  INFO  manager.ListenerTNG - onTestSkipped ---loginSuccess2
13:34:13.718  INFO  manager.ListenerTNG - onTestStart ---loginSuccess2
13:34:13.719  INFO  manager.ListenerTNG - onTestSkipped ---loginSuccess2
13:34:13.720  INFO  manager.ListenerTNG - onTestStart ---loginSuccess2
13:34:13.722  INFO  manager.ListenerTNG - onTestSkipped ---loginSuccess2
13:34:13.726  INFO  manager.ListenerTNG - onTestStart ---loginSuccessModel
13:34:13.728  INFO  manager.ListenerTNG - onTestSkipped ---loginSuccessModel
13:34:13.732  INFO  manager.ListenerTNG - onTestStart ---loginSuccessModel
13:34:13.732  INFO  manager.ListenerTNG - onTestSkipped ---loginSuccessModel
13:34:13.733  INFO  manager.ListenerTNG - onTestStart ---loginSuccessModel
13:34:13.733  INFO  manager.ListenerTNG - onTestSkipped ---loginSuccessModel
13:34:13.737  INFO  manager.ListenerTNG - onTestStart ---loginSuccessModelFromFile
13:34:13.738  INFO  manager.ListenerTNG - onTestSkipped ---loginSuccessModelFromFile
13:34:13.739  INFO  manager.ListenerTNG - onTestStart ---loginSuccessModelFromFile
13:34:13.739  INFO  manager.ListenerTNG - onTestSkipped ---loginSuccessModelFromFile
13:34:13.740  INFO  manager.ListenerTNG - onTestStart ---loginSuccessModelFromFile
13:34:13.740  INFO  manager.ListenerTNG - onTestSkipped ---loginSuccessModelFromFile
13:34:13.740  INFO  manager.ListenerTNG - onTestStart ---loginSuccessNew
13:34:13.741  INFO  manager.ListenerTNG - onTestSkipped ---loginSuccessNew
13:34:13.742  INFO  manager.ListenerTNG - onTestStart ---loginSuccessNew
13:34:13.742  INFO  manager.ListenerTNG - onTestSkipped ---loginSuccessNew
13:34:13.744  INFO  manager.ListenerTNG - onTestStart ---loginUnregisterUser
13:34:13.744  INFO  manager.ListenerTNG - onTestSkipped ---loginUnregisterUser
13:34:13.744  INFO  manager.ListenerTNG - onTestStart ---loginWrongEmail
13:34:13.745  INFO  manager.ListenerTNG - onTestSkipped ---loginWrongEmail
13:34:13.746  INFO  manager.ListenerTNG - onTestStart ---loginWrongPassword
13:34:13.746  INFO  manager.ListenerTNG - onTestSkipped ---loginWrongPassword
13:34:13.747  INFO  tests.TestBase - The name of starts method is --->registrationSuccess
13:34:13.748  INFO  manager.ListenerTNG - onTestStart ---registrationSuccess
13:34:13.748  INFO  manager.ListenerTNG - onTestFailure ---registrationSuccess
13:34:13.749  INFO  tests.TestBase - The name of starts method is --->registrationUserAlreadyExists
13:34:13.751  INFO  manager.ListenerTNG - onTestStart ---registrationUserAlreadyExists
13:34:13.751  INFO  manager.ListenerTNG - onTestFailure ---registrationUserAlreadyExists
13:34:13.753  INFO  tests.TestBase - The name of starts method is --->registrationWrongEmail
13:34:13.753  INFO  manager.ListenerTNG - onTestStart ---registrationWrongEmail
13:34:13.753  INFO  manager.ListenerTNG - onTestFailure ---registrationWrongEmail
13:34:13.753  INFO  tests.TestBase - The name of starts method is --->registrationWrongPassword
13:34:13.753  INFO  manager.ListenerTNG - onTestStart ---registrationWrongPassword
13:34:13.754  INFO  manager.ListenerTNG - onTestFailure ---registrationWrongPassword
13:34:13.759  INFO  manager.ListenerTNG - onFinish ---Gradle test
