00:16:15.719  INFO  manager.ApplicationManager - All tests star in Chrome Browser
00:16:17.318  INFO  manager.ApplicationManager - Current Url -->https://telranedu.web.app/home
00:16:17.341  INFO  tests.TestBase - The name of starts method is --->registrationSuccess
00:16:17.342  INFO  manager.ListenerWD - Before find elements --> By.xpath: //button[text()='Sign Out']
00:16:22.406  INFO  manager.ListenerWD - After find elements --> By.xpath: //button[text()='Sign Out']
00:16:22.408  INFO  manager.ListenerWD - List suze is --> 0
00:16:22.413  INFO  manager.ListenerWD - Before find element --> By.cssSelector: a[href='/login']
00:16:22.438  INFO  manager.ListenerWD - After find element --> By.cssSelector: a[href='/login']
00:16:22.465  INFO  manager.ListenerWD - Before find element --> By.cssSelector: a[href='/login']
00:16:22.475  INFO  manager.ListenerWD - After find element --> By.cssSelector: a[href='/login']
00:16:22.814  INFO  manager.ListenerWD - Before find element --> By.name: email
00:16:22.829  INFO  manager.ListenerWD - After find element --> By.name: email
00:16:23.240  INFO  manager.ListenerWD - Before find element --> By.name: password
00:16:23.267  INFO  manager.ListenerWD - After find element --> By.name: password
00:16:23.375  INFO  manager.ListenerWD - Before find element --> By.cssSelector: [name='registration']
00:16:23.387  INFO  manager.ListenerWD - After find element --> By.cssSelector: [name='registration']
00:16:23.459  INFO  manager.ListenerWD - Before find elements --> By.xpath: //button[text()='Sign Out']
00:16:24.878  INFO  manager.ListenerWD - After find elements --> By.xpath: //button[text()='Sign Out']
00:16:24.878  INFO  manager.ListenerWD - List suze is --> 1
00:16:24.881  INFO  tests.TestBase - The name of starts method is --->registrationUserAlreadyExists
00:16:24.881  INFO  manager.ListenerWD - Before find elements --> By.xpath: //button[text()='Sign Out']
00:16:24.890  INFO  manager.ListenerWD - After find elements --> By.xpath: //button[text()='Sign Out']
00:16:24.890  INFO  manager.ListenerWD - List suze is --> 1
00:16:24.890  INFO  manager.ListenerWD - Before find element --> By.xpath: //button[text()='Sign Out']
00:16:24.902  INFO  manager.ListenerWD - After find element --> By.xpath: //button[text()='Sign Out']
00:16:24.950  INFO  manager.ListenerWD - Before find element --> By.cssSelector: a[href='/login']
00:16:24.961  INFO  manager.ListenerWD - After find element --> By.cssSelector: a[href='/login']
00:16:24.972  INFO  manager.ListenerWD - Before find element --> By.cssSelector: a[href='/login']
00:16:24.980  INFO  manager.ListenerWD - After find element --> By.cssSelector: a[href='/login']
00:16:25.017  INFO  manager.ListenerWD - Before find element --> By.name: email
00:16:25.025  INFO  manager.ListenerWD - After find element --> By.name: email
00:16:25.174  INFO  manager.ListenerWD - Before find element --> By.name: password
00:16:25.187  INFO  manager.ListenerWD - After find element --> By.name: password
00:16:25.333  INFO  manager.ListenerWD - Before find element --> By.cssSelector: [name='registration']
00:16:25.349  INFO  manager.ListenerWD - After find element --> By.cssSelector: [name='registration']
00:16:25.462  INFO  manager.ListenerWD - Before find elements --> By.xpath: //button[text()='Sign Out']
00:16:25.616  INFO  manager.ListenerWD - After find elements --> By.xpath: //button[text()='Sign Out']
00:16:25.616  INFO  manager.ListenerWD - List suze is --> 0
00:16:25.631  INFO  tests.TestBase - The name of starts method is --->registrationWrongEmail
00:16:25.632  INFO  manager.ListenerWD - Before find elements --> By.xpath: //button[text()='Sign Out']
00:16:30.712  INFO  manager.ListenerWD - After find elements --> By.xpath: //button[text()='Sign Out']
00:16:30.713  INFO  manager.ListenerWD - List suze is --> 0
00:16:30.713  INFO  manager.ListenerWD - Before find element --> By.cssSelector: a[href='/login']
00:16:30.733  INFO  manager.ListenerWD - After find element --> By.cssSelector: a[href='/login']
00:16:30.745  INFO  manager.ListenerWD - Before find element --> By.cssSelector: a[href='/login']
00:16:30.754  INFO  manager.ListenerWD - After find element --> By.cssSelector: a[href='/login']
00:16:30.775  INFO  manager.ListenerWD - Before find element --> By.name: email
00:16:30.800  INFO  manager.ListenerWD - After find element --> By.name: email
00:16:30.928  INFO  manager.ListenerWD - Before find element --> By.name: password
00:16:30.951  INFO  manager.ListenerWD - After find element --> By.name: password
00:16:31.310  INFO  manager.ListenerWD - Before find element --> By.cssSelector: [name='registration']
00:16:31.318  INFO  manager.ListenerWD - After find element --> By.cssSelector: [name='registration']
00:16:41.400  INFO  tests.TestBase - The name of starts method is --->registrationWrongPassword
00:16:41.400  INFO  manager.ListenerWD - Before find elements --> By.xpath: //button[text()='Sign Out']
00:16:46.420  INFO  manager.ListenerWD - After find elements --> By.xpath: //button[text()='Sign Out']
00:16:46.421  INFO  manager.ListenerWD - List suze is --> 0
00:16:56.427  INFO  manager.ListenerWD - Before find element --> By.cssSelector: a[href='/login']
00:16:56.448  INFO  manager.ListenerWD - After find element --> By.cssSelector: a[href='/login']
00:16:56.460  INFO  manager.ListenerWD - Before find element --> By.cssSelector: a[href='/login']
00:16:56.469  INFO  manager.ListenerWD - After find element --> By.cssSelector: a[href='/login']
00:16:56.494  INFO  manager.ListenerWD - Before find element --> By.name: email
00:16:56.505  INFO  manager.ListenerWD - After find element --> By.name: email
00:16:56.596  INFO  manager.ListenerWD - Before find element --> By.name: password
00:16:56.603  INFO  manager.ListenerWD - After find element --> By.name: password
00:16:56.947  INFO  manager.ListenerWD - Before find element --> By.cssSelector: [name='registration']
00:16:56.954  INFO  manager.ListenerWD - After find element --> By.cssSelector: [name='registration']
