20:04:44.528  INFO  manager.ApplicationManager - All tests star in Chrome Browser
20:04:53.134  INFO  manager.ApplicationManager - Current Url -->https://telranedu.web.app/home
20:04:53.148  INFO  manager.ListenerTNG - onStart ---Gradle test
20:04:53.207  INFO  tests.TestBase - The name of starts method is --->loginSuccessModelFromFile
20:04:53.210  INFO  manager.ListenerWD - Before find elements --> By.xpath: //button[text()='Sign Out']
20:04:58.258  INFO  manager.ListenerWD - After find elements --> By.xpath: //button[text()='Sign Out']
20:04:58.259  INFO  manager.ListenerWD - List suze is --> 0
20:04:58.261  INFO  manager.ListenerTNG - onTestStart ---loginSuccessModelFromFile
20:04:58.262  INFO  tests.TestBase - Tests start with user model ---User(email=noa@gmail.com, password=Nnoa12345$)
20:04:58.263  INFO  manager.ListenerWD - Before find element --> By.cssSelector: a[href='/login']
20:04:58.312  INFO  manager.ListenerWD - After find element --> By.cssSelector: a[href='/login']
20:04:58.551  INFO  manager.ListenerWD - Before find element --> By.name: email
20:04:58.725  INFO  manager.ListenerWD - After find element --> By.name: email
20:04:59.339  INFO  manager.ListenerWD - Before find element --> By.name: password
20:04:59.396  INFO  manager.ListenerWD - After find element --> By.name: password
20:04:59.779  INFO  manager.ListenerWD - Before find element --> By.cssSelector: [name='login']
20:04:59.816  INFO  manager.ListenerWD - After find element --> By.cssSelector: [name='login']
20:05:00.032  INFO  manager.ListenerWD - Before find elements --> By.xpath: //button[text()='Sign Out']
20:05:00.965  INFO  manager.ListenerWD - After find elements --> By.xpath: //button[text()='Sign Out']
20:05:00.966  INFO  manager.ListenerWD - List suze is --> 1
20:05:00.984  INFO  manager.ListenerTNG - onTestSuccessloginSuccessModelFromFile
20:05:00.987  INFO  tests.TestBase - The name of starts method is --->loginSuccessModelFromFile
20:05:00.991  INFO  manager.ListenerWD - Before find elements --> By.xpath: //button[text()='Sign Out']
20:05:01.051  INFO  manager.ListenerWD - After find elements --> By.xpath: //button[text()='Sign Out']
20:05:01.053  INFO  manager.ListenerWD - List suze is --> 1
20:05:01.054  INFO  manager.ListenerWD - Before find element --> By.xpath: //button[text()='Sign Out']
20:05:01.146  INFO  manager.ListenerWD - After find element --> By.xpath: //button[text()='Sign Out']
20:05:01.357  INFO  tests.TestBase -  I need logout
20:05:01.365  INFO  manager.ListenerTNG - onTestStart ---loginSuccessModelFromFile
20:05:01.369  INFO  tests.TestBase - Tests start with user model ---User(email=sonya@gmail.com, password=Ss12345$)
20:05:01.372  INFO  manager.ListenerWD - Before find element --> By.cssSelector: a[href='/login']
20:05:01.428  INFO  manager.ListenerWD - After find element --> By.cssSelector: a[href='/login']
20:05:01.647  INFO  manager.ListenerWD - Before find element --> By.name: email
20:05:01.685  INFO  manager.ListenerWD - After find element --> By.name: email
20:05:02.388  INFO  manager.ListenerWD - Before find element --> By.name: password
20:05:02.506  INFO  manager.ListenerWD - After find element --> By.name: password
20:05:03.052  INFO  manager.ListenerWD - Before find element --> By.cssSelector: [name='login']
20:05:03.098  INFO  manager.ListenerWD - After find element --> By.cssSelector: [name='login']
20:05:03.366  INFO  manager.ListenerWD - Before find elements --> By.xpath: //button[text()='Sign Out']
20:05:03.755  INFO  manager.ListenerWD - After find elements --> By.xpath: //button[text()='Sign Out']
20:05:03.763  INFO  manager.ListenerWD - List suze is --> 1
20:05:03.766  INFO  manager.ListenerTNG - onTestSuccessloginSuccessModelFromFile
20:05:03.774  INFO  tests.TestBase - The name of starts method is --->loginSuccessModelFromFile
20:05:03.778  INFO  manager.ListenerWD - Before find elements --> By.xpath: //button[text()='Sign Out']
20:05:03.864  INFO  manager.ListenerWD - After find elements --> By.xpath: //button[text()='Sign Out']
20:05:03.864  INFO  manager.ListenerWD - List suze is --> 1
20:05:03.864  INFO  manager.ListenerWD - Before find element --> By.xpath: //button[text()='Sign Out']
20:05:04.050  INFO  manager.ListenerWD - After find element --> By.xpath: //button[text()='Sign Out']
20:05:04.185  INFO  tests.TestBase -  I need logout
20:05:04.187  INFO  manager.ListenerTNG - onTestStart ---loginSuccessModelFromFile
20:05:04.187  INFO  tests.TestBase - Tests start with user model ---User(email=noa@gmail.com, password=Nnoa12345$)
20:05:04.189  INFO  manager.ListenerWD - Before find element --> By.cssSelector: a[href='/login']
20:05:04.313  INFO  manager.ListenerWD - After find element --> By.cssSelector: a[href='/login']
20:05:04.484  INFO  manager.ListenerWD - Before find element --> By.name: email
20:05:04.614  INFO  manager.ListenerWD - After find element --> By.name: email
20:05:05.666  INFO  manager.ListenerWD - Before find element --> By.name: password
20:05:05.713  INFO  manager.ListenerWD - After find element --> By.name: password
20:05:06.250  INFO  manager.ListenerWD - Before find element --> By.cssSelector: [name='login']
20:05:06.369  INFO  manager.ListenerWD - After find element --> By.cssSelector: [name='login']
20:05:06.633  INFO  manager.ListenerWD - Before find elements --> By.xpath: //button[text()='Sign Out']
20:05:06.977  INFO  manager.ListenerWD - After find elements --> By.xpath: //button[text()='Sign Out']
20:05:06.978  INFO  manager.ListenerWD - List suze is --> 1
20:05:06.978  INFO  manager.ListenerTNG - onTestSuccessloginSuccessModelFromFile
20:05:06.981  INFO  manager.ListenerTNG - onFinish ---Gradle test
