18:48:42.533  INFO  manager.ApplicationManager - All tests star in Chrome Browser
18:48:50.332  INFO  manager.ApplicationManager - Current Url -->https://telranedu.web.app/home
18:48:50.337  INFO  manager.ListenerTNG - onStart ---Gradle test
18:48:50.384  INFO  tests.TestBase - The name of starts method is --->loginSuccess2
18:48:50.387  INFO  manager.ListenerWD - Before find elements --> By.xpath: //button[text()='Sign Out']
18:48:55.481  INFO  manager.ListenerWD - After find elements --> By.xpath: //button[text()='Sign Out']
18:48:55.482  INFO  manager.ListenerWD - List suze is --> 0
18:48:55.483  INFO  manager.ListenerTNG - onTestStart ---loginSuccess2
18:48:55.483  INFO  tests.TestBase - Login with valid data :  email: noa@gmail.com & password: Nnoa12345$
18:48:55.484  INFO  manager.ListenerWD - Before find element --> By.cssSelector: a[href='/login']
18:48:55.538  INFO  manager.ListenerWD - After find element --> By.cssSelector: a[href='/login']
18:48:55.630  INFO  manager.ListenerWD - Before find element --> By.name: email
18:48:55.678  INFO  manager.ListenerWD - After find element --> By.name: email
18:48:56.231  INFO  manager.ListenerWD - Before find element --> By.name: password
18:48:56.267  INFO  manager.ListenerWD - After find element --> By.name: password
18:48:56.530  INFO  manager.ListenerWD - Before find element --> By.cssSelector: [name='login']
18:48:56.570  INFO  manager.ListenerWD - After find element --> By.cssSelector: [name='login']
18:48:56.715  INFO  manager.ListenerWD - Before find elements --> By.xpath: //button[text()='Sign Out']
18:48:57.687  INFO  manager.ListenerWD - After find elements --> By.xpath: //button[text()='Sign Out']
18:48:57.688  INFO  manager.ListenerWD - List suze is --> 1
18:48:57.698  INFO  tests.TestBase - Tests success
18:48:57.701  INFO  manager.ListenerTNG - onTestSuccessloginSuccess2
18:48:57.704  INFO  tests.TestBase - The name of starts method is --->loginSuccess2
18:48:57.710  INFO  manager.ListenerWD - Before find elements --> By.xpath: //button[text()='Sign Out']
18:48:57.846  INFO  manager.ListenerWD - After find elements --> By.xpath: //button[text()='Sign Out']
18:48:57.849  INFO  manager.ListenerWD - List suze is --> 1
18:48:57.852  INFO  manager.ListenerWD - Before find element --> By.xpath: //button[text()='Sign Out']
18:48:58.013  INFO  manager.ListenerWD - After find element --> By.xpath: //button[text()='Sign Out']
18:48:58.123  INFO  tests.TestBase -  I need logout
18:48:58.128  INFO  manager.ListenerTNG - onTestStart ---loginSuccess2
18:48:58.130  INFO  tests.TestBase - Login with valid data :  email: sonya@gmail.com & password: Ss12345$
18:48:58.131  INFO  manager.ListenerWD - Before find element --> By.cssSelector: a[href='/login']
18:48:58.163  INFO  manager.ListenerWD - After find element --> By.cssSelector: a[href='/login']
18:48:58.367  INFO  manager.ListenerWD - Before find element --> By.name: email
18:48:58.401  INFO  manager.ListenerWD - After find element --> By.name: email
18:48:58.916  INFO  manager.ListenerWD - Before find element --> By.name: password
18:48:59.100  INFO  manager.ListenerWD - After find element --> By.name: password
18:48:59.550  INFO  manager.ListenerWD - Before find element --> By.cssSelector: [name='login']
18:48:59.595  INFO  manager.ListenerWD - After find element --> By.cssSelector: [name='login']
18:48:59.749  INFO  manager.ListenerWD - Before find elements --> By.xpath: //button[text()='Sign Out']
18:49:00.070  INFO  manager.ListenerWD - After find elements --> By.xpath: //button[text()='Sign Out']
18:49:00.070  INFO  manager.ListenerWD - List suze is --> 1
18:49:00.074  INFO  tests.TestBase - Tests success
18:49:00.078  INFO  manager.ListenerTNG - onTestSuccessloginSuccess2
18:49:00.080  INFO  tests.TestBase - The name of starts method is --->loginSuccess2
18:49:00.098  INFO  manager.ListenerWD - Before find elements --> By.xpath: //button[text()='Sign Out']
18:49:00.134  INFO  manager.ListenerWD - After find elements --> By.xpath: //button[text()='Sign Out']
18:49:00.135  INFO  manager.ListenerWD - List suze is --> 1
18:49:00.136  INFO  manager.ListenerWD - Before find element --> By.xpath: //button[text()='Sign Out']
18:49:00.315  INFO  manager.ListenerWD - After find element --> By.xpath: //button[text()='Sign Out']
18:49:00.419  INFO  tests.TestBase -  I need logout
18:49:00.420  INFO  manager.ListenerTNG - onTestStart ---loginSuccess2
18:49:00.427  INFO  tests.TestBase - Login with valid data :  email: noa@gmail.com & password: Nnoa12345$
18:49:00.433  INFO  manager.ListenerWD - Before find element --> By.cssSelector: a[href='/login']
18:49:00.545  INFO  manager.ListenerWD - After find element --> By.cssSelector: a[href='/login']
18:49:00.650  INFO  manager.ListenerWD - Before find element --> By.name: email
18:49:00.693  INFO  manager.ListenerWD - After find element --> By.name: email
18:49:01.386  INFO  manager.ListenerWD - Before find element --> By.name: password
18:49:01.425  INFO  manager.ListenerWD - After find element --> By.name: password
18:49:02.071  INFO  manager.ListenerWD - Before find element --> By.cssSelector: [name='login']
18:49:02.114  INFO  manager.ListenerWD - After find element --> By.cssSelector: [name='login']
18:49:02.303  INFO  manager.ListenerWD - Before find elements --> By.xpath: //button[text()='Sign Out']
18:49:02.652  INFO  manager.ListenerWD - After find elements --> By.xpath: //button[text()='Sign Out']
18:49:02.652  INFO  manager.ListenerWD - List suze is --> 1
18:49:02.652  INFO  tests.TestBase - Tests success
18:49:02.653  INFO  manager.ListenerTNG - onTestSuccessloginSuccess2
18:49:02.656  INFO  manager.ListenerTNG - onFinish ---Gradle test
