18:41:58.760  INFO  manager.ApplicationManager - All tests star in Chrome Browser
18:42:00.301  INFO  manager.ApplicationManager - Current Url -->https://telranedu.web.app/home
18:42:00.303  INFO  manager.ListenerTNG - onStart ---Nopackage
18:42:00.315  INFO  tests.TestBase - The name of starts method is --->addContactSuccessAllFields
18:42:00.315  INFO  manager.ListenerWD - Before find elements --> By.xpath: //button[text()='Sign Out']
18:42:05.340  INFO  manager.ListenerWD - After find elements --> By.xpath: //button[text()='Sign Out']
18:42:05.342  INFO  manager.ListenerWD - List suze is --> 0
18:42:05.345  INFO  manager.ListenerWD - Before find element --> By.cssSelector: a[href='/login']
18:42:05.373  INFO  manager.ListenerWD - After find element --> By.cssSelector: a[href='/login']
18:42:05.403  INFO  manager.ListenerWD - Before find element --> By.cssSelector: a[href='/login']
18:42:05.413  INFO  manager.ListenerWD - After find element --> By.cssSelector: a[href='/login']
18:42:05.804  INFO  manager.ListenerWD - Before find element --> By.name: email
18:42:05.819  INFO  manager.ListenerWD - After find element --> By.name: email
18:42:06.311  INFO  manager.ListenerWD - Before find element --> By.name: password
18:42:06.332  INFO  manager.ListenerWD - After find element --> By.name: password
18:42:06.448  INFO  manager.ListenerWD - Before find element --> By.cssSelector: [name='login']
18:42:06.463  INFO  manager.ListenerWD - After find element --> By.cssSelector: [name='login']
18:42:06.552  INFO  manager.ListenerTNG - onTestStart ---addContactSuccessAllFields
18:42:06.563  INFO  tests.TestBase - Tests start with data : Contact(name=Lisa1423, lastName=Simpson, email=lisa1423@mail.ru, address=NY, phone=11111111423, description=All fields)
18:42:06.563  INFO  manager.ListenerWD - Before find element --> By.cssSelector: a[href='/add']
18:42:07.600  INFO  manager.ListenerWD - After find element --> By.cssSelector: a[href='/add']
18:42:08.141  INFO  manager.ListenerWD - Before find element --> By.cssSelector: input[placeholder='Name']
18:42:08.155  INFO  manager.ListenerWD - After find element --> By.cssSelector: input[placeholder='Name']
18:42:08.286  INFO  manager.ListenerWD - Before find element --> By.cssSelector: input[placeholder='Last Name']
18:42:08.302  INFO  manager.ListenerWD - After find element --> By.cssSelector: input[placeholder='Last Name']
18:42:08.466  INFO  manager.ListenerWD - Before find element --> By.cssSelector: input[placeholder='Phone']
18:42:08.479  INFO  manager.ListenerWD - After find element --> By.cssSelector: input[placeholder='Phone']
18:42:08.687  INFO  manager.ListenerWD - Before find element --> By.cssSelector: input[placeholder='email']
18:42:08.706  INFO  manager.ListenerWD - After find element --> By.cssSelector: input[placeholder='email']
18:42:08.933  INFO  manager.ListenerWD - Before find element --> By.cssSelector: input[placeholder='Address']
18:42:08.953  INFO  manager.ListenerWD - After find element --> By.cssSelector: input[placeholder='Address']
18:42:09.699  INFO  manager.ListenerWD - Before find element --> By.cssSelector: input[placeholder='description']
18:42:09.721  INFO  manager.ListenerWD - After find element --> By.cssSelector: input[placeholder='description']
18:42:10.847  INFO  manager.ListenerWD - Before find element --> By.xpath: //b[text()='Save']
18:42:10.894  INFO  manager.ListenerWD - After find element --> By.xpath: //b[text()='Save']
18:42:10.979  INFO  manager.ListenerWD - Before find elements --> By.cssSelector: h2
18:42:11.808  INFO  manager.ListenerWD - After find elements --> By.cssSelector: h2
18:42:11.808  INFO  manager.ListenerWD - List suze is --> 47
18:42:12.955  INFO  manager.ListenerWD - Before find elements --> By.cssSelector: h3
18:42:13.072  INFO  manager.ListenerWD - After find elements --> By.cssSelector: h3
18:42:13.073  INFO  manager.ListenerWD - List suze is --> 47
18:42:13.694  INFO  manager.ListenerWD - Before find elements --> By.cssSelector: .contact-item_card__2SOIM
18:42:13.816  INFO  manager.ListenerWD - After find elements --> By.cssSelector: .contact-item_card__2SOIM
18:42:13.832  INFO  manager.ListenerWD - List suze is --> 47
18:42:14.022  INFO  manager.ListenerWD - Before find element --> By.cssSelector: .contact-item-detailed_card__50dTS
18:42:14.060  INFO  manager.ListenerWD - After find element --> By.cssSelector: .contact-item-detailed_card__50dTS
18:42:14.129  INFO  manager.ListenerWD - Before find element --> By.cssSelector: .contact-item-detailed_card__50dTS
18:42:14.153  INFO  manager.ListenerWD - After find element --> By.cssSelector: .contact-item-detailed_card__50dTS
18:42:14.201  INFO  manager.ListenerWD - Before find element --> By.cssSelector: .contact-item-detailed_card__50dTS
18:42:14.223  INFO  manager.ListenerWD - After find element --> By.cssSelector: .contact-item-detailed_card__50dTS
18:42:14.271  INFO  manager.ListenerWD - Before find element --> By.cssSelector: .contact-item-detailed_card__50dTS
18:42:14.308  INFO  manager.ListenerWD - After find element --> By.cssSelector: .contact-item-detailed_card__50dTS
18:42:14.517  INFO  manager.ListenerWD - Before find element --> By.cssSelector: .contact-item-detailed_card__50dTS
18:42:14.571  INFO  manager.ListenerWD - After find element --> By.cssSelector: .contact-item-detailed_card__50dTS
18:42:14.813  INFO  manager.ListenerWD - Before find element --> By.cssSelector: .contact-item-detailed_card__50dTS
18:42:14.826  INFO  manager.ListenerWD - After find element --> By.cssSelector: .contact-item-detailed_card__50dTS
18:42:14.992  INFO  manager.ListenerWD - Before find element --> By.cssSelector: .contact-item-detailed_card__50dTS
18:42:15.031  INFO  manager.ListenerWD - After find element --> By.cssSelector: .contact-item-detailed_card__50dTS
18:42:15.228  INFO  manager.ListenerWD - Before find element --> By.cssSelector: .contact-item-detailed_card__50dTS
18:42:15.286  INFO  manager.ListenerWD - After find element --> By.cssSelector: .contact-item-detailed_card__50dTS
18:42:15.641  INFO  manager.ListenerWD - Before find element --> By.cssSelector: .contact-item-detailed_card__50dTS
18:42:15.675  INFO  manager.ListenerWD - After find element --> By.cssSelector: .contact-item-detailed_card__50dTS
18:42:15.789  INFO  manager.ListenerWD - Before find element --> By.cssSelector: .contact-item-detailed_card__50dTS
18:42:15.797  INFO  manager.ListenerWD - After find element --> By.cssSelector: .contact-item-detailed_card__50dTS
18:42:15.870  INFO  manager.ListenerWD - Before find element --> By.cssSelector: .contact-item-detailed_card__50dTS
18:42:15.877  INFO  manager.ListenerWD - After find element --> By.cssSelector: .contact-item-detailed_card__50dTS
18:42:15.943  INFO  manager.ListenerWD - Before find element --> By.cssSelector: .contact-item-detailed_card__50dTS
18:42:15.952  INFO  manager.ListenerWD - After find element --> By.cssSelector: .contact-item-detailed_card__50dTS
18:42:15.988  INFO  manager.ListenerWD - Before find element --> By.cssSelector: .contact-item-detailed_card__50dTS
18:42:16.115  INFO  manager.ListenerWD - After find element --> By.cssSelector: .contact-item-detailed_card__50dTS
18:42:16.155  INFO  manager.ListenerWD - Before find element --> By.cssSelector: .contact-item-detailed_card__50dTS
18:42:16.162  INFO  manager.ListenerWD - After find element --> By.cssSelector: .contact-item-detailed_card__50dTS
18:42:16.198  INFO  manager.ListenerWD - Before find element --> By.cssSelector: .contact-item-detailed_card__50dTS
18:42:16.205  INFO  manager.ListenerWD - After find element --> By.cssSelector: .contact-item-detailed_card__50dTS
18:42:16.242  INFO  manager.ListenerWD - Before find element --> By.cssSelector: .contact-item-detailed_card__50dTS
18:42:16.250  INFO  manager.ListenerWD - After find element --> By.cssSelector: .contact-item-detailed_card__50dTS
18:42:16.296  INFO  manager.ListenerWD - Before find element --> By.cssSelector: .contact-item-detailed_card__50dTS
18:42:16.308  INFO  manager.ListenerWD - After find element --> By.cssSelector: .contact-item-detailed_card__50dTS
18:42:16.378  INFO  manager.ListenerWD - Before find element --> By.cssSelector: .contact-item-detailed_card__50dTS
18:42:16.413  INFO  manager.ListenerWD - After find element --> By.cssSelector: .contact-item-detailed_card__50dTS
18:42:16.449  INFO  manager.ListenerWD - Before find element --> By.cssSelector: .contact-item-detailed_card__50dTS
18:42:16.456  INFO  manager.ListenerWD - After find element --> By.cssSelector: .contact-item-detailed_card__50dTS
18:42:16.490  INFO  manager.ListenerWD - Before find element --> By.cssSelector: .contact-item-detailed_card__50dTS
18:42:16.498  INFO  manager.ListenerWD - After find element --> By.cssSelector: .contact-item-detailed_card__50dTS
18:42:16.572  INFO  manager.ListenerWD - Before find element --> By.cssSelector: .contact-item-detailed_card__50dTS
18:42:16.579  INFO  manager.ListenerWD - After find element --> By.cssSelector: .contact-item-detailed_card__50dTS
18:42:16.610  INFO  manager.ListenerWD - Before find element --> By.cssSelector: .contact-item-detailed_card__50dTS
18:42:16.618  INFO  manager.ListenerWD - After find element --> By.cssSelector: .contact-item-detailed_card__50dTS
18:42:16.661  INFO  manager.ListenerWD - Before find element --> By.cssSelector: .contact-item-detailed_card__50dTS
18:42:16.668  INFO  manager.ListenerWD - After find element --> By.cssSelector: .contact-item-detailed_card__50dTS
18:42:16.716  INFO  manager.ListenerWD - Before find element --> By.cssSelector: .contact-item-detailed_card__50dTS
18:42:16.726  INFO  manager.ListenerWD - After find element --> By.cssSelector: .contact-item-detailed_card__50dTS
18:42:16.757  INFO  manager.ListenerWD - Before find element --> By.cssSelector: .contact-item-detailed_card__50dTS
18:42:16.765  INFO  manager.ListenerWD - After find element --> By.cssSelector: .contact-item-detailed_card__50dTS
18:42:16.799  INFO  manager.ListenerWD - Before find element --> By.cssSelector: .contact-item-detailed_card__50dTS
18:42:16.808  INFO  manager.ListenerWD - After find element --> By.cssSelector: .contact-item-detailed_card__50dTS
18:42:16.849  INFO  manager.ListenerWD - Before find element --> By.cssSelector: .contact-item-detailed_card__50dTS
18:42:16.856  INFO  manager.ListenerWD - After find element --> By.cssSelector: .contact-item-detailed_card__50dTS
18:42:16.907  INFO  manager.ListenerWD - Before find element --> By.cssSelector: .contact-item-detailed_card__50dTS
18:42:16.914  INFO  manager.ListenerWD - After find element --> By.cssSelector: .contact-item-detailed_card__50dTS
18:42:16.955  INFO  manager.ListenerWD - Before find element --> By.cssSelector: .contact-item-detailed_card__50dTS
18:42:16.962  INFO  manager.ListenerWD - After find element --> By.cssSelector: .contact-item-detailed_card__50dTS
18:42:17.017  INFO  manager.ListenerWD - Before find element --> By.cssSelector: .contact-item-detailed_card__50dTS
18:42:17.032  INFO  manager.ListenerWD - After find element --> By.cssSelector: .contact-item-detailed_card__50dTS
18:42:17.064  INFO  manager.ListenerWD - Before find element --> By.cssSelector: .contact-item-detailed_card__50dTS
18:42:17.073  INFO  manager.ListenerWD - After find element --> By.cssSelector: .contact-item-detailed_card__50dTS
18:42:17.126  INFO  manager.ListenerWD - Before find element --> By.cssSelector: .contact-item-detailed_card__50dTS
18:42:17.133  INFO  manager.ListenerWD - After find element --> By.cssSelector: .contact-item-detailed_card__50dTS
18:42:17.175  INFO  manager.ListenerWD - Before find element --> By.cssSelector: .contact-item-detailed_card__50dTS
18:42:17.182  INFO  manager.ListenerWD - After find element --> By.cssSelector: .contact-item-detailed_card__50dTS
18:42:17.219  INFO  manager.ListenerWD - Before find element --> By.cssSelector: .contact-item-detailed_card__50dTS
18:42:17.232  INFO  manager.ListenerWD - After find element --> By.cssSelector: .contact-item-detailed_card__50dTS
18:42:17.270  INFO  manager.ListenerWD - Before find element --> By.cssSelector: .contact-item-detailed_card__50dTS
18:42:17.280  INFO  manager.ListenerWD - After find element --> By.cssSelector: .contact-item-detailed_card__50dTS
18:42:17.312  INFO  manager.ListenerWD - Before find element --> By.cssSelector: .contact-item-detailed_card__50dTS
18:42:17.320  INFO  manager.ListenerWD - After find element --> By.cssSelector: .contact-item-detailed_card__50dTS
18:42:17.357  INFO  manager.ListenerWD - Before find element --> By.cssSelector: .contact-item-detailed_card__50dTS
18:42:17.365  INFO  manager.ListenerWD - After find element --> By.cssSelector: .contact-item-detailed_card__50dTS
18:42:17.398  INFO  manager.ListenerWD - Before find element --> By.cssSelector: .contact-item-detailed_card__50dTS
18:42:17.406  INFO  manager.ListenerWD - After find element --> By.cssSelector: .contact-item-detailed_card__50dTS
18:42:17.439  INFO  manager.ListenerWD - Before find element --> By.cssSelector: .contact-item-detailed_card__50dTS
18:42:17.449  INFO  manager.ListenerWD - After find element --> By.cssSelector: .contact-item-detailed_card__50dTS
18:42:17.481  INFO  manager.ListenerWD - Before find element --> By.cssSelector: .contact-item-detailed_card__50dTS
18:42:17.488  INFO  manager.ListenerWD - After find element --> By.cssSelector: .contact-item-detailed_card__50dTS
18:42:17.527  INFO  manager.ListenerWD - Before find element --> By.cssSelector: .contact-item-detailed_card__50dTS
18:42:17.535  INFO  manager.ListenerWD - After find element --> By.cssSelector: .contact-item-detailed_card__50dTS
18:42:17.567  INFO  manager.ListenerWD - Before find element --> By.cssSelector: .contact-item-detailed_card__50dTS
18:42:17.575  INFO  manager.ListenerWD - After find element --> By.cssSelector: .contact-item-detailed_card__50dTS
18:42:17.610  INFO  manager.ListenerWD - Before find element --> By.cssSelector: .contact-item-detailed_card__50dTS
18:42:17.619  INFO  manager.ListenerWD - After find element --> By.cssSelector: .contact-item-detailed_card__50dTS
18:42:17.657  INFO  manager.ListenerWD - Before find element --> By.cssSelector: .contact-item-detailed_card__50dTS
18:42:17.666  INFO  manager.ListenerWD - After find element --> By.cssSelector: .contact-item-detailed_card__50dTS
18:42:17.708  INFO  manager.ListenerWD - Before find element --> By.cssSelector: .contact-item-detailed_card__50dTS
18:42:17.714  INFO  manager.ListenerWD - After find element --> By.cssSelector: .contact-item-detailed_card__50dTS
18:42:17.748  INFO  manager.ListenerWD - Before find element --> By.cssSelector: .contact-item-detailed_card__50dTS
18:42:17.756  INFO  manager.ListenerWD - After find element --> By.cssSelector: .contact-item-detailed_card__50dTS
18:42:17.789  INFO  manager.ListenerWD - Before find element --> By.cssSelector: .contact-item-detailed_card__50dTS
18:42:17.797  INFO  manager.ListenerWD - After find element --> By.cssSelector: .contact-item-detailed_card__50dTS
18:42:17.805  INFO  manager.ListenerTNG - onTestSuccessaddContactSuccessAllFields
18:42:17.808  INFO  tests.TestBase - The name of starts method is --->registrationSuccess
18:42:17.808  INFO  manager.ListenerWD - Before find elements --> By.xpath: //button[text()='Sign Out']
18:42:17.819  INFO  manager.ListenerWD - After find elements --> By.xpath: //button[text()='Sign Out']
18:42:17.819  INFO  manager.ListenerWD - List suze is --> 1
18:42:17.819  INFO  manager.ListenerWD - Before find element --> By.xpath: //button[text()='Sign Out']
18:42:17.835  INFO  manager.ListenerWD - After find element --> By.xpath: //button[text()='Sign Out']
18:42:17.892  INFO  manager.ListenerTNG - onTestStart ---registrationSuccess
18:42:17.893  INFO  manager.ListenerWD - Before find element --> By.cssSelector: a[href='/login']
18:42:17.911  INFO  manager.ListenerWD - After find element --> By.cssSelector: a[href='/login']
18:42:17.930  INFO  manager.ListenerWD - Before find element --> By.cssSelector: a[href='/login']
18:42:17.939  INFO  manager.ListenerWD - After find element --> By.cssSelector: a[href='/login']
18:42:17.992  INFO  manager.ListenerWD - Before find element --> By.name: email
18:42:17.999  INFO  manager.ListenerWD - After find element --> By.name: email
18:42:18.108  INFO  manager.ListenerWD - Before find element --> By.name: password
18:42:18.117  INFO  manager.ListenerWD - After find element --> By.name: password
18:42:18.201  INFO  manager.ListenerWD - Before find element --> By.cssSelector: [name='registration']
18:42:18.211  INFO  manager.ListenerWD - After find element --> By.cssSelector: [name='registration']
18:42:18.242  INFO  manager.ListenerWD - Before find elements --> By.xpath: //button[text()='Sign Out']
18:42:18.598  INFO  manager.ListenerWD - After find elements --> By.xpath: //button[text()='Sign Out']
18:42:18.599  INFO  manager.ListenerWD - List suze is --> 0
18:42:18.600  INFO  manager.ListenerTNG - onTestFailure ---registrationSuccess
18:42:18.604  INFO  tests.TestBase - The name of starts method is --->loginWrongEmail
18:42:18.605  INFO  manager.ListenerWD - Before find elements --> By.xpath: //button[text()='Sign Out']
18:42:18.627  INFO  manager.ListenerWD - The have a 'problem'
18:42:18.627  INFO  manager.ListenerWD - ******************
18:42:18.627  INFO  manager.ListenerWD - Method method ---> findElements
18:42:18.627  INFO  manager.ListenerWD - ******************
18:42:18.628  INFO  manager.ListenerWD - InvocationTargetException getTargetException()org.openqa.selenium.UnhandledAlertException: unexpected alert open: {Alert text : User already exist}
  (Session info: chrome=109.0.5414.119): User already exist
Build info: version: '4.7.1', revision: 'c6795baf1a3'
System info: os.name: 'Mac OS X', os.arch: 'aarch64', os.version: '12.2.1', java.version: '11.0.18'
Driver info: org.openqa.selenium.chrome.ChromeDriver
Command: [2b739b94baa9f59317283d0b87217931, findElements {using=xpath, value=//button[text()='Sign Out']}]
Capabilities {acceptInsecureCerts: false, browserName: chrome, browserVersion: 109.0.5414.119, chrome: {chromedriverVersion: 108.0.5359.71 (1e0e3868ee06..., userDataDir: /var/folders/2f/zzc4g9ts1j9...}, goog:chromeOptions: {debuggerAddress: localhost:64427}, networkConnectionEnabled: false, pageLoadStrategy: normal, platformName: MAC, proxy: Proxy(), se:cdp: ws://localhost:64427/devtoo..., se:cdpVersion: 109.0.5414.119, setWindowRect: true, strictFileInteractability: false, timeouts: {implicit: 0, pageLoad: 300000, script: 30000}, unhandledPromptBehavior: dismiss and notify, webauthn:extension:credBlob: true, webauthn:extension:largeBlob: true, webauthn:virtualAuthenticators: true}
Session ID: 2b739b94baa9f59317283d0b87217931
18:42:18.628  INFO  manager.ListenerWD - ******************
18:42:18.628  INFO  manager.ListenerWD - Object target --->ChromeDriver: chrome on MAC (2b739b94baa9f59317283d0b87217931)
18:42:18.628  INFO  manager.ListenerWD - ******************
18:42:18.628  INFO  manager.ListenerWD - Screen with error is --->src/test/screenshots/screen-718.png
18:42:19.753  INFO  manager.ListenerTNG - onTestStart ---loginWrongEmail
18:42:19.753  INFO  manager.ListenerTNG - onTestSkipped ---loginWrongEmail
18:42:19.754  INFO  manager.ListenerTNG - onFinish ---Nopackage
