11:00:03.021  INFO  manager.ApplicationManager - All tests star in Chrome Browser
11:00:06.553  INFO  manager.ApplicationManager - Current Url -->https://telranedu.web.app/home
11:00:06.599  INFO  tests.TestBase - The name of starts method is --->loginSuccess
11:00:06.604  INFO  manager.ListenerWD - Before find elements --> By.xpath: //button[text()='Sign Out']
11:00:11.642  INFO  manager.ListenerWD - After find elements --> By.xpath: //button[text()='Sign Out']
11:00:11.646  INFO  manager.ListenerWD - List suze is --> 0
11:00:11.648  INFO  tests.TestBase - Login with valid data :  email: 'noa@gmail.com' & password: 'Nnoa12345$' 
11:00:11.649  INFO  manager.ListenerWD - Before find element --> By.cssSelector: a[href='/l']
11:00:16.703  INFO  manager.ListenerWD - The have a 'problem'
11:00:16.703  INFO  manager.ListenerWD - ******************
11:00:16.703  INFO  manager.ListenerWD - Method method ---> findElement
11:00:16.703  INFO  manager.ListenerWD - ******************
11:00:16.705  INFO  manager.ListenerWD - InvocationTargetException getTargetException()org.openqa.selenium.NoSuchElementException: no such element: Unable to locate element: {"method":"css selector","selector":"a[href='/l']"}
  (Session info: chrome=109.0.5414.119)
For documentation on this error, please visit: https://selenium.dev/exceptions/#no_such_element
Build info: version: '4.7.1', revision: 'c6795baf1a3'
System info: os.name: 'Mac OS X', os.arch: 'x86_64', os.version: '10.16', java.version: '1.8.0_151'
Driver info: org.openqa.selenium.chrome.ChromeDriver
Command: [c07150e7abffe5bbb9bf851e43e18d3f, findElement {using=css selector, value=a[href='/l']}]
Capabilities {acceptInsecureCerts: false, browserName: chrome, browserVersion: 109.0.5414.119, chrome: {chromedriverVersion: 108.0.5359.71 (1e0e3868ee06..., userDataDir: /var/folders/s_/hl4vhy0959g...}, goog:chromeOptions: {debuggerAddress: localhost:60340}, networkConnectionEnabled: false, pageLoadStrategy: normal, platformName: MAC, proxy: Proxy(), se:cdp: ws://localhost:60340/devtoo..., se:cdpVersion: 109.0.5414.119, setWindowRect: true, strictFileInteractability: false, timeouts: {implicit: 0, pageLoad: 300000, script: 30000}, unhandledPromptBehavior: dismiss and notify, webauthn:extension:credBlob: true, webauthn:extension:largeBlob: true, webauthn:virtualAuthenticators: true}
Session ID: c07150e7abffe5bbb9bf851e43e18d3f
11:00:16.706  INFO  manager.ListenerWD - ******************
11:00:16.706  INFO  manager.ListenerWD - Object target --->ChromeDriver: chrome on MAC (c07150e7abffe5bbb9bf851e43e18d3f)
11:00:16.706  INFO  manager.ListenerWD - ******************
11:00:16.706  INFO  manager.ListenerWD - Screen with error is --->src/test/screenshots/screen-773.png
