21:09:14.698  INFO  manager.ApplicationManager - All tests star in Chrome Browser
21:09:16.256  INFO  manager.ApplicationManager - Current Url -->https://telranedu.web.app/home
21:09:16.275  INFO  tests.TestBase - The name of starts method is --->addContactSuccessAllFields
21:09:16.276  INFO  manager.ListenerWD - Before find elements --> By.xpath: //button[text()='Sign Out']
21:09:21.299  INFO  manager.ListenerWD - After find elements --> By.xpath: //button[text()='Sign Out']
21:09:21.301  INFO  manager.ListenerWD - List suze is --> 0
21:09:21.305  INFO  manager.ListenerWD - Before find element --> By.cssSelector: a[href='/login']
21:09:21.331  INFO  manager.ListenerWD - After find element --> By.cssSelector: a[href='/login']
21:09:21.361  INFO  manager.ListenerWD - Before find element --> By.cssSelector: a[href='/login']
21:09:21.371  INFO  manager.ListenerWD - After find element --> By.cssSelector: a[href='/login']
21:09:21.689  INFO  manager.ListenerWD - Before find element --> By.name: email
21:09:21.705  INFO  manager.ListenerWD - After find element --> By.name: email
21:09:22.144  INFO  manager.ListenerWD - Before find element --> By.name: password
21:09:22.167  INFO  manager.ListenerWD - After find element --> By.name: password
21:09:22.268  INFO  manager.ListenerWD - Before find element --> By.cssSelector: [name='login']
21:09:22.282  INFO  manager.ListenerWD - After find element --> By.cssSelector: [name='login']
21:09:22.369  INFO  tests.TestBase - Tests start with data : Contact(name=Lisa1757, lastName=Simpson, email=lisa1757@mail.ru, address=NY, phone=11111111757, description=All fields)
21:09:22.369  INFO  manager.ListenerWD - Before find element --> By.cssSelector: a[href='/add']
21:09:23.580  INFO  manager.ListenerWD - After find element --> By.cssSelector: a[href='/add']
21:09:23.869  INFO  manager.ListenerWD - Before find element --> By.cssSelector: input[placeholder='Name']
21:09:23.881  INFO  manager.ListenerWD - After find element --> By.cssSelector: input[placeholder='Name']
21:09:24.033  INFO  manager.ListenerWD - Before find element --> By.cssSelector: input[placeholder='Last Name']
21:09:24.044  INFO  manager.ListenerWD - After find element --> By.cssSelector: input[placeholder='Last Name']
21:09:24.183  INFO  manager.ListenerWD - Before find element --> By.cssSelector: input[placeholder='Phone']
21:09:24.195  INFO  manager.ListenerWD - After find element --> By.cssSelector: input[placeholder='Phone']
21:09:24.379  INFO  manager.ListenerWD - Before find element --> By.cssSelector: input[placeholder='email']
21:09:24.413  INFO  manager.ListenerWD - After find element --> By.cssSelector: input[placeholder='email']
21:09:24.609  INFO  manager.ListenerWD - Before find element --> By.cssSelector: input[placeholder='Address']
21:09:24.659  INFO  manager.ListenerWD - After find element --> By.cssSelector: input[placeholder='Address']
21:09:25.134  INFO  manager.ListenerWD - Before find element --> By.cssSelector: input[placeholder='description']
21:09:25.159  INFO  manager.ListenerWD - After find element --> By.cssSelector: input[placeholder='description']
21:09:26.373  INFO  manager.ListenerWD - Before find element --> By.xpath: //b[text()='Save']
21:09:26.436  INFO  manager.ListenerWD - After find element --> By.xpath: //b[text()='Save']
21:09:26.522  INFO  manager.ListenerWD - Before find elements --> By.cssSelector: h2
21:09:27.262  INFO  manager.ListenerWD - After find elements --> By.cssSelector: h2
21:09:27.262  INFO  manager.ListenerWD - List suze is --> 37
21:09:27.611  INFO  manager.ListenerWD - Before find elements --> By.cssSelector: h3
21:09:27.694  INFO  manager.ListenerWD - After find elements --> By.cssSelector: h3
21:09:27.694  INFO  manager.ListenerWD - List suze is --> 37
21:09:28.135  INFO  manager.ListenerWD - Before find elements --> By.cssSelector: .contact-item_card__2SOIM
21:09:28.214  INFO  manager.ListenerWD - After find elements --> By.cssSelector: .contact-item_card__2SOIM
21:09:28.214  INFO  manager.ListenerWD - List suze is --> 37
21:09:28.653  INFO  manager.ListenerWD - Before find element --> By.cssSelector: .contact-item-detailed_card__50dTS
21:09:28.665  INFO  manager.ListenerWD - After find element --> By.cssSelector: .contact-item-detailed_card__50dTS
21:09:28.785  INFO  manager.ListenerWD - Before find element --> By.cssSelector: .contact-item-detailed_card__50dTS
21:09:28.793  INFO  manager.ListenerWD - After find element --> By.cssSelector: .contact-item-detailed_card__50dTS
21:09:28.837  INFO  manager.ListenerWD - Before find element --> By.cssSelector: .contact-item-detailed_card__50dTS
21:09:28.850  INFO  manager.ListenerWD - After find element --> By.cssSelector: .contact-item-detailed_card__50dTS
21:09:28.928  INFO  manager.ListenerWD - Before find element --> By.cssSelector: .contact-item-detailed_card__50dTS
21:09:28.936  INFO  manager.ListenerWD - After find element --> By.cssSelector: .contact-item-detailed_card__50dTS
21:09:29.101  INFO  manager.ListenerWD - Before find element --> By.cssSelector: .contact-item-detailed_card__50dTS
21:09:29.109  INFO  manager.ListenerWD - After find element --> By.cssSelector: .contact-item-detailed_card__50dTS
21:09:29.251  INFO  manager.ListenerWD - Before find element --> By.cssSelector: .contact-item-detailed_card__50dTS
21:09:29.258  INFO  manager.ListenerWD - After find element --> By.cssSelector: .contact-item-detailed_card__50dTS
21:09:29.422  INFO  manager.ListenerWD - Before find element --> By.cssSelector: .contact-item-detailed_card__50dTS
21:09:29.435  INFO  manager.ListenerWD - After find element --> By.cssSelector: .contact-item-detailed_card__50dTS
21:09:29.597  INFO  manager.ListenerWD - Before find element --> By.cssSelector: .contact-item-detailed_card__50dTS
21:09:29.614  INFO  manager.ListenerWD - After find element --> By.cssSelector: .contact-item-detailed_card__50dTS
21:09:29.745  INFO  manager.ListenerWD - Before find element --> By.cssSelector: .contact-item-detailed_card__50dTS
21:09:29.752  INFO  manager.ListenerWD - After find element --> By.cssSelector: .contact-item-detailed_card__50dTS
21:09:29.965  INFO  manager.ListenerWD - Before find element --> By.cssSelector: .contact-item-detailed_card__50dTS
21:09:29.974  INFO  manager.ListenerWD - After find element --> By.cssSelector: .contact-item-detailed_card__50dTS
21:09:30.497  INFO  manager.ListenerWD - Before find element --> By.cssSelector: .contact-item-detailed_card__50dTS
21:09:30.605  INFO  manager.ListenerWD - After find element --> By.cssSelector: .contact-item-detailed_card__50dTS
21:09:30.858  INFO  manager.ListenerWD - Before find element --> By.cssSelector: .contact-item-detailed_card__50dTS
21:09:30.879  INFO  manager.ListenerWD - After find element --> By.cssSelector: .contact-item-detailed_card__50dTS
21:09:31.070  INFO  manager.ListenerWD - Before find element --> By.cssSelector: .contact-item-detailed_card__50dTS
21:09:31.098  INFO  manager.ListenerWD - After find element --> By.cssSelector: .contact-item-detailed_card__50dTS
21:09:31.270  INFO  manager.ListenerWD - Before find element --> By.cssSelector: .contact-item-detailed_card__50dTS
21:09:31.278  INFO  manager.ListenerWD - After find element --> By.cssSelector: .contact-item-detailed_card__50dTS
21:09:31.388  INFO  manager.ListenerWD - Before find element --> By.cssSelector: .contact-item-detailed_card__50dTS
21:09:31.396  INFO  manager.ListenerWD - After find element --> By.cssSelector: .contact-item-detailed_card__50dTS
21:09:31.425  INFO  manager.ListenerWD - Before find element --> By.cssSelector: .contact-item-detailed_card__50dTS
21:09:31.432  INFO  manager.ListenerWD - After find element --> By.cssSelector: .contact-item-detailed_card__50dTS
21:09:31.468  INFO  manager.ListenerWD - Before find element --> By.cssSelector: .contact-item-detailed_card__50dTS
21:09:31.474  INFO  manager.ListenerWD - After find element --> By.cssSelector: .contact-item-detailed_card__50dTS
21:09:31.515  INFO  manager.ListenerWD - Before find element --> By.cssSelector: .contact-item-detailed_card__50dTS
21:09:31.522  INFO  manager.ListenerWD - After find element --> By.cssSelector: .contact-item-detailed_card__50dTS
21:09:31.559  INFO  manager.ListenerWD - Before find element --> By.cssSelector: .contact-item-detailed_card__50dTS
21:09:31.565  INFO  manager.ListenerWD - After find element --> By.cssSelector: .contact-item-detailed_card__50dTS
21:09:31.596  INFO  manager.ListenerWD - Before find element --> By.cssSelector: .contact-item-detailed_card__50dTS
21:09:31.603  INFO  manager.ListenerWD - After find element --> By.cssSelector: .contact-item-detailed_card__50dTS
21:09:31.635  INFO  manager.ListenerWD - Before find element --> By.cssSelector: .contact-item-detailed_card__50dTS
21:09:31.642  INFO  manager.ListenerWD - After find element --> By.cssSelector: .contact-item-detailed_card__50dTS
21:09:31.675  INFO  manager.ListenerWD - Before find element --> By.cssSelector: .contact-item-detailed_card__50dTS
21:09:31.683  INFO  manager.ListenerWD - After find element --> By.cssSelector: .contact-item-detailed_card__50dTS
21:09:31.725  INFO  manager.ListenerWD - Before find element --> By.cssSelector: .contact-item-detailed_card__50dTS
21:09:31.733  INFO  manager.ListenerWD - After find element --> By.cssSelector: .contact-item-detailed_card__50dTS
21:09:31.796  INFO  manager.ListenerWD - Before find element --> By.cssSelector: .contact-item-detailed_card__50dTS
21:09:31.816  INFO  manager.ListenerWD - After find element --> By.cssSelector: .contact-item-detailed_card__50dTS
21:09:31.873  INFO  manager.ListenerWD - Before find element --> By.cssSelector: .contact-item-detailed_card__50dTS
21:09:31.889  INFO  manager.ListenerWD - After find element --> By.cssSelector: .contact-item-detailed_card__50dTS
21:09:31.920  INFO  manager.ListenerWD - Before find element --> By.cssSelector: .contact-item-detailed_card__50dTS
21:09:31.927  INFO  manager.ListenerWD - After find element --> By.cssSelector: .contact-item-detailed_card__50dTS
21:09:31.955  INFO  manager.ListenerWD - Before find element --> By.cssSelector: .contact-item-detailed_card__50dTS
21:09:31.963  INFO  manager.ListenerWD - After find element --> By.cssSelector: .contact-item-detailed_card__50dTS
21:09:31.992  INFO  manager.ListenerWD - Before find element --> By.cssSelector: .contact-item-detailed_card__50dTS
21:09:32.000  INFO  manager.ListenerWD - After find element --> By.cssSelector: .contact-item-detailed_card__50dTS
21:09:32.035  INFO  manager.ListenerWD - Before find element --> By.cssSelector: .contact-item-detailed_card__50dTS
21:09:32.042  INFO  manager.ListenerWD - After find element --> By.cssSelector: .contact-item-detailed_card__50dTS
21:09:32.077  INFO  manager.ListenerWD - Before find element --> By.cssSelector: .contact-item-detailed_card__50dTS
21:09:32.083  INFO  manager.ListenerWD - After find element --> By.cssSelector: .contact-item-detailed_card__50dTS
21:09:32.111  INFO  manager.ListenerWD - Before find element --> By.cssSelector: .contact-item-detailed_card__50dTS
21:09:32.123  INFO  manager.ListenerWD - After find element --> By.cssSelector: .contact-item-detailed_card__50dTS
21:09:32.150  INFO  manager.ListenerWD - Before find element --> By.cssSelector: .contact-item-detailed_card__50dTS
21:09:32.157  INFO  manager.ListenerWD - After find element --> By.cssSelector: .contact-item-detailed_card__50dTS
21:09:32.184  INFO  manager.ListenerWD - Before find element --> By.cssSelector: .contact-item-detailed_card__50dTS
21:09:32.190  INFO  manager.ListenerWD - After find element --> By.cssSelector: .contact-item-detailed_card__50dTS
21:09:32.225  INFO  manager.ListenerWD - Before find element --> By.cssSelector: .contact-item-detailed_card__50dTS
21:09:32.232  INFO  manager.ListenerWD - After find element --> By.cssSelector: .contact-item-detailed_card__50dTS
21:09:32.260  INFO  manager.ListenerWD - Before find element --> By.cssSelector: .contact-item-detailed_card__50dTS
21:09:32.267  INFO  manager.ListenerWD - After find element --> By.cssSelector: .contact-item-detailed_card__50dTS
21:09:32.294  INFO  manager.ListenerWD - Before find element --> By.cssSelector: .contact-item-detailed_card__50dTS
21:09:32.301  INFO  manager.ListenerWD - After find element --> By.cssSelector: .contact-item-detailed_card__50dTS
21:09:32.330  INFO  manager.ListenerWD - Before find element --> By.cssSelector: .contact-item-detailed_card__50dTS
21:09:32.339  INFO  manager.ListenerWD - After find element --> By.cssSelector: .contact-item-detailed_card__50dTS
21:09:32.348  INFO  tests.TestBase - The name of starts method is --->registrationSuccess
21:09:32.349  INFO  manager.ListenerWD - Before find elements --> By.xpath: //button[text()='Sign Out']
21:09:32.359  INFO  manager.ListenerWD - After find elements --> By.xpath: //button[text()='Sign Out']
21:09:32.359  INFO  manager.ListenerWD - List suze is --> 1
21:09:32.359  INFO  manager.ListenerWD - Before find element --> By.xpath: //button[text()='Sign Out']
21:09:32.369  INFO  manager.ListenerWD - After find element --> By.xpath: //button[text()='Sign Out']
21:09:32.428  INFO  manager.ListenerWD - Before find element --> By.cssSelector: a[href='/login']
21:09:32.439  INFO  manager.ListenerWD - After find element --> By.cssSelector: a[href='/login']
21:09:32.452  INFO  manager.ListenerWD - Before find element --> By.cssSelector: a[href='/login']
21:09:32.459  INFO  manager.ListenerWD - After find element --> By.cssSelector: a[href='/login']
21:09:32.486  INFO  manager.ListenerWD - Before find element --> By.name: email
21:09:32.492  INFO  manager.ListenerWD - After find element --> By.name: email
21:09:32.664  INFO  manager.ListenerWD - Before find element --> By.name: password
21:09:32.684  INFO  manager.ListenerWD - After find element --> By.name: password
21:09:32.767  INFO  manager.ListenerWD - Before find element --> By.cssSelector: [name='registration']
21:09:32.780  INFO  manager.ListenerWD - After find element --> By.cssSelector: [name='registration']
21:09:32.808  INFO  manager.ListenerWD - Before find elements --> By.xpath: //button[text()='Sign Out']
21:09:33.199  INFO  manager.ListenerWD - After find elements --> By.xpath: //button[text()='Sign Out']
21:09:33.199  INFO  manager.ListenerWD - List suze is --> 0
