19:05:55.158  INFO  manager.ApplicationManager - All tests star in Chrome Browser
19:05:59.849  INFO  manager.ApplicationManager - Current Url -->https://telranedu.web.app/home
19:05:59.856  INFO  manager.ListenerTNG - onStart ---Gradle test
19:05:59.934  INFO  tests.TestBase - The name of starts method is --->loginSuccessModel
19:05:59.936  INFO  manager.ListenerWD - Before find elements --> By.xpath: //button[text()='Sign Out']
19:06:04.953  INFO  manager.ListenerWD - After find elements --> By.xpath: //button[text()='Sign Out']
19:06:04.953  INFO  manager.ListenerWD - List suze is --> 0
19:06:04.955  INFO  manager.ListenerTNG - onTestStart ---loginSuccessModel
19:06:04.955  INFO  tests.TestBase - Tests start with user model ---User(email=noa@gmail.com, password=Nnoa12345$)
19:06:04.956  INFO  manager.ListenerWD - Before find element --> By.cssSelector: a[href='/login']
19:06:05.011  INFO  manager.ListenerWD - After find element --> By.cssSelector: a[href='/login']
19:06:05.222  INFO  manager.ListenerWD - Before find element --> By.name: email
19:06:05.400  INFO  manager.ListenerWD - After find element --> By.name: email
19:06:06.032  INFO  manager.ListenerWD - Before find element --> By.name: password
19:06:06.087  INFO  manager.ListenerWD - After find element --> By.name: password
19:06:06.641  INFO  manager.ListenerWD - Before find element --> By.cssSelector: [name='login']
19:06:06.699  INFO  manager.ListenerWD - After find element --> By.cssSelector: [name='login']
19:06:06.912  INFO  manager.ListenerWD - Before find elements --> By.xpath: //button[text()='Sign Out']
19:06:07.886  INFO  manager.ListenerWD - After find elements --> By.xpath: //button[text()='Sign Out']
19:06:07.888  INFO  manager.ListenerWD - List suze is --> 1
19:06:07.899  INFO  manager.ListenerTNG - onTestSuccessloginSuccessModel
19:06:07.905  INFO  tests.TestBase - The name of starts method is --->loginSuccessModel
19:06:07.910  INFO  manager.ListenerWD - Before find elements --> By.xpath: //button[text()='Sign Out']
19:06:07.988  INFO  manager.ListenerWD - After find elements --> By.xpath: //button[text()='Sign Out']
19:06:07.988  INFO  manager.ListenerWD - List suze is --> 1
19:06:07.989  INFO  manager.ListenerWD - Before find element --> By.xpath: //button[text()='Sign Out']
19:06:08.116  INFO  manager.ListenerWD - After find element --> By.xpath: //button[text()='Sign Out']
19:06:08.185  INFO  tests.TestBase -  I need logout
19:06:08.188  INFO  manager.ListenerTNG - onTestStart ---loginSuccessModel
19:06:08.194  INFO  tests.TestBase - Tests start with user model ---User(email=sonya@gmail.com, password=Ss12345$)
19:06:08.197  INFO  manager.ListenerWD - Before find element --> By.cssSelector: a[href='/login']
19:06:08.312  INFO  manager.ListenerWD - After find element --> By.cssSelector: a[href='/login']
19:06:08.407  INFO  manager.ListenerWD - Before find element --> By.name: email
19:06:08.438  INFO  manager.ListenerWD - After find element --> By.name: email
19:06:09.042  INFO  manager.ListenerWD - Before find element --> By.name: password
19:06:09.074  INFO  manager.ListenerWD - After find element --> By.name: password
19:06:09.297  INFO  manager.ListenerWD - Before find element --> By.cssSelector: [name='login']
19:06:09.349  INFO  manager.ListenerWD - After find element --> By.cssSelector: [name='login']
19:06:09.525  INFO  manager.ListenerWD - Before find elements --> By.xpath: //button[text()='Sign Out']
19:06:09.832  INFO  manager.ListenerWD - After find elements --> By.xpath: //button[text()='Sign Out']
19:06:09.836  INFO  manager.ListenerWD - List suze is --> 1
19:06:09.836  INFO  manager.ListenerTNG - onTestSuccessloginSuccessModel
19:06:09.838  INFO  tests.TestBase - The name of starts method is --->loginSuccessModel
19:06:09.839  INFO  manager.ListenerWD - Before find elements --> By.xpath: //button[text()='Sign Out']
19:06:09.892  INFO  manager.ListenerWD - After find elements --> By.xpath: //button[text()='Sign Out']
19:06:09.894  INFO  manager.ListenerWD - List suze is --> 1
19:06:09.899  INFO  manager.ListenerWD - Before find element --> By.xpath: //button[text()='Sign Out']
19:06:09.960  INFO  manager.ListenerWD - After find element --> By.xpath: //button[text()='Sign Out']
19:06:10.115  INFO  tests.TestBase -  I need logout
19:06:10.116  INFO  manager.ListenerTNG - onTestStart ---loginSuccessModel
19:06:10.117  INFO  tests.TestBase - Tests start with user model ---User(email=noa@gmail.com, password=Nnoa12345$)
19:06:10.117  INFO  manager.ListenerWD - Before find element --> By.cssSelector: a[href='/login']
19:06:10.210  INFO  manager.ListenerWD - After find element --> By.cssSelector: a[href='/login']
19:06:10.319  INFO  manager.ListenerWD - Before find element --> By.name: email
19:06:10.357  INFO  manager.ListenerWD - After find element --> By.name: email
19:06:11.035  INFO  manager.ListenerWD - Before find element --> By.name: password
19:06:11.082  INFO  manager.ListenerWD - After find element --> By.name: password
19:06:11.754  INFO  manager.ListenerWD - Before find element --> By.cssSelector: [name='login']
19:06:11.809  INFO  manager.ListenerWD - After find element --> By.cssSelector: [name='login']
19:06:12.150  INFO  manager.ListenerWD - Before find elements --> By.xpath: //button[text()='Sign Out']
19:06:12.446  INFO  manager.ListenerWD - After find elements --> By.xpath: //button[text()='Sign Out']
19:06:12.446  INFO  manager.ListenerWD - List suze is --> 1
19:06:12.450  INFO  manager.ListenerTNG - onTestSuccessloginSuccessModel
19:06:12.454  INFO  manager.ListenerTNG - onFinish ---Gradle test
