00:18:00.498  INFO  manager.ApplicationManager - All tests star in Chrome Browser
00:18:02.213  INFO  manager.ApplicationManager - Current Url -->https://telranedu.web.app/home
00:18:02.222  INFO  manager.ListenerTNG - onStart ---Gradle test
00:18:02.253  INFO  tests.TestBase - The name of starts method is --->addContactSuccessAllFields
00:18:02.255  INFO  manager.ListenerWD - Before find elements --> By.xpath: //button[text()='Sign Out']
00:18:07.304  INFO  manager.ListenerWD - After find elements --> By.xpath: //button[text()='Sign Out']
00:18:07.304  INFO  manager.ListenerWD - List suze is --> 0
00:18:07.328  INFO  manager.ListenerWD - Before find element --> By.cssSelector: a[href='/login']
00:18:07.393  INFO  manager.ListenerWD - After find element --> By.cssSelector: a[href='/login']
00:18:07.431  INFO  manager.ListenerWD - Before find element --> By.cssSelector: a[href='/login']
00:18:07.466  INFO  manager.ListenerWD - After find element --> By.cssSelector: a[href='/login']
00:18:07.785  INFO  manager.ListenerWD - Before find element --> By.name: email
00:18:07.846  INFO  manager.ListenerWD - After find element --> By.name: email
00:18:08.237  INFO  manager.ListenerWD - Before find element --> By.name: password
00:18:08.288  INFO  manager.ListenerWD - After find element --> By.name: password
00:18:08.402  INFO  manager.ListenerWD - Before find element --> By.cssSelector: [name='login']
00:18:08.477  INFO  manager.ListenerWD - After find element --> By.cssSelector: [name='login']
00:18:08.570  INFO  manager.ListenerTNG - onTestStart ---addContactSuccessAllFields
00:18:08.574  INFO  tests.TestBase - Tests start with data : Contact(name=Lisa1458, lastName=Simpson, email=lisa1458@mail.ru, address=NY, phone=11111111458, description=All fields)
00:18:08.575  INFO  manager.ListenerWD - Before find element --> By.cssSelector: a[href='/add']
00:18:09.687  INFO  manager.ListenerWD - After find element --> By.cssSelector: a[href='/add']
00:18:10.059  INFO  manager.ListenerWD - Before find element --> By.cssSelector: input[placeholder='Name']
00:18:10.106  INFO  manager.ListenerWD - After find element --> By.cssSelector: input[placeholder='Name']
00:18:10.251  INFO  manager.ListenerWD - Before find element --> By.cssSelector: input[placeholder='Last Name']
00:18:10.280  INFO  manager.ListenerWD - After find element --> By.cssSelector: input[placeholder='Last Name']
00:18:10.437  INFO  manager.ListenerWD - Before find element --> By.cssSelector: input[placeholder='Phone']
00:18:10.485  INFO  manager.ListenerWD - After find element --> By.cssSelector: input[placeholder='Phone']
00:18:10.678  INFO  manager.ListenerWD - Before find element --> By.cssSelector: input[placeholder='email']
00:18:10.728  INFO  manager.ListenerWD - After find element --> By.cssSelector: input[placeholder='email']
00:18:10.967  INFO  manager.ListenerWD - Before find element --> By.cssSelector: input[placeholder='Address']
00:18:11.048  INFO  manager.ListenerWD - After find element --> By.cssSelector: input[placeholder='Address']
00:18:12.123  INFO  manager.ListenerWD - Before find element --> By.cssSelector: input[placeholder='description']
00:18:12.156  INFO  manager.ListenerWD - After find element --> By.cssSelector: input[placeholder='description']
00:18:12.387  INFO  manager.ListenerWD - Before find element --> By.xpath: //b[text()='Save']
00:18:12.523  INFO  manager.ListenerWD - After find element --> By.xpath: //b[text()='Save']
00:18:12.635  INFO  manager.ListenerWD - Before find elements --> By.cssSelector: h2
00:18:13.599  INFO  manager.ListenerWD - After find elements --> By.cssSelector: h2
00:18:13.601  INFO  manager.ListenerWD - List suze is --> 24
00:18:14.025  INFO  manager.ListenerWD - Before find elements --> By.cssSelector: h3
00:18:14.192  INFO  manager.ListenerWD - After find elements --> By.cssSelector: h3
00:18:14.192  INFO  manager.ListenerWD - List suze is --> 24
00:18:14.574  INFO  manager.ListenerWD - Before find elements --> By.cssSelector: .contact-item_card__2SOIM
00:18:14.761  INFO  manager.ListenerWD - After find elements --> By.cssSelector: .contact-item_card__2SOIM
00:18:14.762  INFO  manager.ListenerWD - List suze is --> 24
00:18:15.080  INFO  manager.ListenerWD - Before find element --> By.cssSelector: .contact-item-detailed_card__50dTS
00:18:15.106  INFO  manager.ListenerWD - After find element --> By.cssSelector: .contact-item-detailed_card__50dTS
00:18:15.427  INFO  manager.ListenerWD - Before find element --> By.cssSelector: .contact-item-detailed_card__50dTS
00:18:15.461  INFO  manager.ListenerWD - After find element --> By.cssSelector: .contact-item-detailed_card__50dTS
00:18:15.627  INFO  manager.ListenerWD - Before find element --> By.cssSelector: .contact-item-detailed_card__50dTS
00:18:15.651  INFO  manager.ListenerWD - After find element --> By.cssSelector: .contact-item-detailed_card__50dTS
00:18:15.698  INFO  manager.ListenerWD - Before find element --> By.cssSelector: .contact-item-detailed_card__50dTS
00:18:15.738  INFO  manager.ListenerWD - After find element --> By.cssSelector: .contact-item-detailed_card__50dTS
00:18:15.786  INFO  manager.ListenerWD - Before find element --> By.cssSelector: .contact-item-detailed_card__50dTS
00:18:15.817  INFO  manager.ListenerWD - After find element --> By.cssSelector: .contact-item-detailed_card__50dTS
00:18:15.885  INFO  manager.ListenerWD - Before find element --> By.cssSelector: .contact-item-detailed_card__50dTS
00:18:15.897  INFO  manager.ListenerWD - After find element --> By.cssSelector: .contact-item-detailed_card__50dTS
00:18:15.961  INFO  manager.ListenerWD - Before find element --> By.cssSelector: .contact-item-detailed_card__50dTS
00:18:16.000  INFO  manager.ListenerWD - After find element --> By.cssSelector: .contact-item-detailed_card__50dTS
00:18:16.258  INFO  manager.ListenerWD - Before find element --> By.cssSelector: .contact-item-detailed_card__50dTS
00:18:16.317  INFO  manager.ListenerWD - After find element --> By.cssSelector: .contact-item-detailed_card__50dTS
00:18:16.648  INFO  manager.ListenerWD - Before find element --> By.cssSelector: .contact-item-detailed_card__50dTS
00:18:16.703  INFO  manager.ListenerWD - After find element --> By.cssSelector: .contact-item-detailed_card__50dTS
00:18:16.936  INFO  manager.ListenerWD - Before find element --> By.cssSelector: .contact-item-detailed_card__50dTS
00:18:16.946  INFO  manager.ListenerWD - After find element --> By.cssSelector: .contact-item-detailed_card__50dTS
00:18:17.014  INFO  manager.ListenerWD - Before find element --> By.cssSelector: .contact-item-detailed_card__50dTS
00:18:17.067  INFO  manager.ListenerWD - After find element --> By.cssSelector: .contact-item-detailed_card__50dTS
00:18:17.140  INFO  manager.ListenerWD - Before find element --> By.cssSelector: .contact-item-detailed_card__50dTS
00:18:17.166  INFO  manager.ListenerWD - After find element --> By.cssSelector: .contact-item-detailed_card__50dTS
00:18:17.275  INFO  manager.ListenerWD - Before find element --> By.cssSelector: .contact-item-detailed_card__50dTS
00:18:17.287  INFO  manager.ListenerWD - After find element --> By.cssSelector: .contact-item-detailed_card__50dTS
00:18:17.320  INFO  manager.ListenerWD - Before find element --> By.cssSelector: .contact-item-detailed_card__50dTS
00:18:17.332  INFO  manager.ListenerWD - After find element --> By.cssSelector: .contact-item-detailed_card__50dTS
00:18:17.400  INFO  manager.ListenerWD - Before find element --> By.cssSelector: .contact-item-detailed_card__50dTS
00:18:17.415  INFO  manager.ListenerWD - After find element --> By.cssSelector: .contact-item-detailed_card__50dTS
00:18:17.463  INFO  manager.ListenerWD - Before find element --> By.cssSelector: .contact-item-detailed_card__50dTS
00:18:17.475  INFO  manager.ListenerWD - After find element --> By.cssSelector: .contact-item-detailed_card__50dTS
00:18:17.521  INFO  manager.ListenerWD - Before find element --> By.cssSelector: .contact-item-detailed_card__50dTS
00:18:17.536  INFO  manager.ListenerWD - After find element --> By.cssSelector: .contact-item-detailed_card__50dTS
00:18:17.621  INFO  manager.ListenerWD - Before find element --> By.cssSelector: .contact-item-detailed_card__50dTS
00:18:17.633  INFO  manager.ListenerWD - After find element --> By.cssSelector: .contact-item-detailed_card__50dTS
00:18:17.668  INFO  manager.ListenerWD - Before find element --> By.cssSelector: .contact-item-detailed_card__50dTS
00:18:17.688  INFO  manager.ListenerWD - After find element --> By.cssSelector: .contact-item-detailed_card__50dTS
00:18:17.724  INFO  manager.ListenerWD - Before find element --> By.cssSelector: .contact-item-detailed_card__50dTS
00:18:17.734  INFO  manager.ListenerWD - After find element --> By.cssSelector: .contact-item-detailed_card__50dTS
00:18:17.773  INFO  manager.ListenerWD - Before find element --> By.cssSelector: .contact-item-detailed_card__50dTS
00:18:17.785  INFO  manager.ListenerWD - After find element --> By.cssSelector: .contact-item-detailed_card__50dTS
00:18:17.814  INFO  manager.ListenerWD - Before find element --> By.cssSelector: .contact-item-detailed_card__50dTS
00:18:17.837  INFO  manager.ListenerWD - After find element --> By.cssSelector: .contact-item-detailed_card__50dTS
00:18:17.867  INFO  manager.ListenerWD - Before find element --> By.cssSelector: .contact-item-detailed_card__50dTS
00:18:17.879  INFO  manager.ListenerWD - After find element --> By.cssSelector: .contact-item-detailed_card__50dTS
00:18:17.914  INFO  manager.ListenerWD - Before find element --> By.cssSelector: .contact-item-detailed_card__50dTS
00:18:17.926  INFO  manager.ListenerWD - After find element --> By.cssSelector: .contact-item-detailed_card__50dTS
00:18:17.941  INFO  manager.ListenerTNG - onTestSuccessaddContactSuccessAllFields
00:18:17.945  INFO  tests.TestBase - The name of starts method is --->addContactSuccessRequiredFields
00:18:17.946  INFO  manager.ListenerWD - Before find elements --> By.xpath: //button[text()='Sign Out']
00:18:18.174  INFO  manager.ListenerWD - After find elements --> By.xpath: //button[text()='Sign Out']
00:18:18.183  INFO  manager.ListenerWD - List suze is --> 1
00:18:18.197  INFO  manager.ListenerTNG - onTestStart ---addContactSuccessRequiredFields
00:18:18.201  INFO  manager.ListenerWD - Before find element --> By.cssSelector: a[href='/add']
00:18:18.335  INFO  manager.ListenerWD - After find element --> By.cssSelector: a[href='/add']
00:18:18.408  INFO  manager.ListenerWD - Before find element --> By.cssSelector: input[placeholder='Name']
00:18:18.453  INFO  manager.ListenerWD - After find element --> By.cssSelector: input[placeholder='Name']
00:18:18.582  INFO  manager.ListenerWD - Before find element --> By.cssSelector: input[placeholder='Last Name']
00:18:18.620  INFO  manager.ListenerWD - After find element --> By.cssSelector: input[placeholder='Last Name']
00:18:18.689  INFO  manager.ListenerWD - Before find element --> By.cssSelector: input[placeholder='Phone']
00:18:18.703  INFO  manager.ListenerWD - After find element --> By.cssSelector: input[placeholder='Phone']
00:18:18.768  INFO  manager.ListenerWD - Before find element --> By.cssSelector: input[placeholder='email']
00:18:18.778  INFO  manager.ListenerWD - After find element --> By.cssSelector: input[placeholder='email']
00:18:18.868  INFO  manager.ListenerWD - Before find element --> By.cssSelector: input[placeholder='Address']
00:18:18.911  INFO  manager.ListenerWD - After find element --> By.cssSelector: input[placeholder='Address']
00:18:18.977  INFO  manager.ListenerWD - Before find element --> By.cssSelector: input[placeholder='description']
00:18:18.990  INFO  manager.ListenerWD - After find element --> By.cssSelector: input[placeholder='description']
00:18:19.039  INFO  manager.ListenerWD - Before find element --> By.xpath: //b[text()='Save']
00:18:19.048  INFO  manager.ListenerWD - After find element --> By.xpath: //b[text()='Save']
00:18:19.076  INFO  manager.ListenerWD - Before find elements --> By.cssSelector: h2
00:18:19.617  INFO  manager.ListenerWD - After find elements --> By.cssSelector: h2
00:18:19.617  INFO  manager.ListenerWD - List suze is --> 25
00:18:19.879  INFO  manager.ListenerWD - Before find elements --> By.cssSelector: h3
00:18:19.974  INFO  manager.ListenerWD - After find elements --> By.cssSelector: h3
00:18:19.975  INFO  manager.ListenerWD - List suze is --> 25
00:18:20.293  INFO  manager.ListenerTNG - onTestSuccessaddContactSuccessRequiredFields
00:18:20.303  INFO  tests.TestBase - The name of starts method is --->addNewContactWrongAddress
00:18:20.305  INFO  manager.ListenerWD - Before find elements --> By.xpath: //button[text()='Sign Out']
00:18:20.355  INFO  manager.ListenerWD - After find elements --> By.xpath: //button[text()='Sign Out']
00:18:20.355  INFO  manager.ListenerWD - List suze is --> 1
00:18:20.355  INFO  manager.ListenerTNG - onTestStart ---addNewContactWrongAddress
00:18:20.356  INFO  manager.ListenerWD - Before find element --> By.cssSelector: a[href='/add']
00:18:20.369  INFO  manager.ListenerWD - After find element --> By.cssSelector: a[href='/add']
00:18:20.386  INFO  manager.ListenerWD - Before find element --> By.cssSelector: input[placeholder='Name']
00:18:20.414  INFO  manager.ListenerWD - After find element --> By.cssSelector: input[placeholder='Name']
00:18:20.476  INFO  manager.ListenerWD - Before find element --> By.cssSelector: input[placeholder='Last Name']
00:18:20.486  INFO  manager.ListenerWD - After find element --> By.cssSelector: input[placeholder='Last Name']
00:18:20.557  INFO  manager.ListenerWD - Before find element --> By.cssSelector: input[placeholder='Phone']
00:18:20.570  INFO  manager.ListenerWD - After find element --> By.cssSelector: input[placeholder='Phone']
00:18:20.640  INFO  manager.ListenerWD - Before find element --> By.cssSelector: input[placeholder='email']
00:18:20.648  INFO  manager.ListenerWD - After find element --> By.cssSelector: input[placeholder='email']
00:18:20.718  INFO  manager.ListenerWD - Before find element --> By.cssSelector: input[placeholder='Address']
00:18:20.729  INFO  manager.ListenerWD - After find element --> By.cssSelector: input[placeholder='Address']
00:18:20.796  INFO  manager.ListenerWD - Before find element --> By.cssSelector: input[placeholder='description']
00:18:20.808  INFO  manager.ListenerWD - After find element --> By.cssSelector: input[placeholder='description']
00:18:20.876  INFO  manager.ListenerWD - Before find element --> By.xpath: //b[text()='Save']
00:18:20.893  INFO  manager.ListenerWD - After find element --> By.xpath: //b[text()='Save']
00:18:20.916  INFO  manager.ListenerWD - Before find elements --> By.cssSelector: a.active[href='/add']
00:18:20.932  INFO  manager.ListenerWD - After find elements --> By.cssSelector: a.active[href='/add']
00:18:20.933  INFO  manager.ListenerWD - List suze is --> 1
00:18:20.933  INFO  manager.ListenerTNG - onTestSuccessaddNewContactWrongAddress
00:18:20.935  INFO  tests.TestBase - The name of starts method is --->addNewContactWrongEmail
00:18:20.936  INFO  manager.ListenerWD - Before find elements --> By.xpath: //button[text()='Sign Out']
00:18:20.946  INFO  manager.ListenerWD - After find elements --> By.xpath: //button[text()='Sign Out']
00:18:20.946  INFO  manager.ListenerWD - List suze is --> 1
00:18:20.946  INFO  manager.ListenerTNG - onTestStart ---addNewContactWrongEmail
00:18:20.947  INFO  manager.ListenerWD - Before find element --> By.cssSelector: a[href='/add']
00:18:20.954  INFO  manager.ListenerWD - After find element --> By.cssSelector: a[href='/add']
00:18:20.974  INFO  manager.ListenerWD - Before find element --> By.cssSelector: input[placeholder='Name']
00:18:20.983  INFO  manager.ListenerWD - After find element --> By.cssSelector: input[placeholder='Name']
00:18:21.123  INFO  manager.ListenerWD - Before find element --> By.cssSelector: input[placeholder='Last Name']
00:18:21.137  INFO  manager.ListenerWD - After find element --> By.cssSelector: input[placeholder='Last Name']
00:18:21.201  INFO  manager.ListenerWD - Before find element --> By.cssSelector: input[placeholder='Phone']
00:18:21.230  INFO  manager.ListenerWD - After find element --> By.cssSelector: input[placeholder='Phone']
00:18:21.292  INFO  manager.ListenerWD - Before find element --> By.cssSelector: input[placeholder='email']
00:18:21.321  INFO  manager.ListenerWD - After find element --> By.cssSelector: input[placeholder='email']
00:18:21.382  INFO  manager.ListenerWD - Before find element --> By.cssSelector: input[placeholder='Address']
00:18:21.405  INFO  manager.ListenerWD - After find element --> By.cssSelector: input[placeholder='Address']
00:18:21.455  INFO  manager.ListenerWD - Before find element --> By.cssSelector: input[placeholder='description']
00:18:21.467  INFO  manager.ListenerWD - After find element --> By.cssSelector: input[placeholder='description']
00:18:21.523  INFO  manager.ListenerWD - Before find element --> By.xpath: //b[text()='Save']
00:18:21.535  INFO  manager.ListenerWD - After find element --> By.xpath: //b[text()='Save']
00:18:21.552  INFO  manager.ListenerWD - Before find elements --> By.cssSelector: a.active[href='/add']
00:18:21.563  INFO  manager.ListenerWD - After find elements --> By.cssSelector: a.active[href='/add']
00:18:21.563  INFO  manager.ListenerWD - List suze is --> 1
00:18:21.610  INFO  manager.ListenerWD - The have a 'problem'
00:18:21.610  INFO  manager.ListenerWD - ******************
00:18:21.611  INFO  manager.ListenerWD - Method method ---> alert
00:18:21.611  INFO  manager.ListenerWD - ******************
00:18:21.612  INFO  manager.ListenerWD - InvocationTargetException getTargetException()org.openqa.selenium.NoAlertPresentException: no such alert
  (Session info: chrome=109.0.5414.119)
Build info: version: '4.7.1', revision: 'c6795baf1a3'
System info: os.name: 'Mac OS X', os.arch: 'x86_64', os.version: '12.2.1', java.version: '1.8.0_361'
Driver info: org.openqa.selenium.chrome.ChromeDriver
Command: [b8b78b470612b910ccc4ca28b9ec0f5f, getAlertText {}]
Capabilities {acceptInsecureCerts: false, browserName: chrome, browserVersion: 109.0.5414.119, chrome: {chromedriverVersion: 108.0.5359.71 (1e0e3868ee06..., userDataDir: /var/folders/2f/zzc4g9ts1j9...}, goog:chromeOptions: {debuggerAddress: localhost:58400}, networkConnectionEnabled: false, pageLoadStrategy: normal, platformName: MAC, proxy: Proxy(), se:cdp: ws://localhost:58400/devtoo..., se:cdpVersion: 109.0.5414.119, setWindowRect: true, strictFileInteractability: false, timeouts: {implicit: 0, pageLoad: 300000, script: 30000}, unhandledPromptBehavior: dismiss and notify, webauthn:extension:credBlob: true, webauthn:extension:largeBlob: true, webauthn:virtualAuthenticators: true}
Session ID: b8b78b470612b910ccc4ca28b9ec0f5f
00:18:21.613  INFO  manager.ListenerWD - ******************
00:18:21.613  INFO  manager.ListenerWD - Object target --->org.openqa.selenium.remote.RemoteWebDriver$RemoteTargetLocator@3f96f020
00:18:21.613  INFO  manager.ListenerWD - ******************
00:18:22.169  INFO  manager.ListenerTNG - onTestSuccessaddNewContactWrongEmail
00:18:22.172  INFO  tests.TestBase - The name of starts method is --->addNewContactWrongLastName
00:18:22.173  INFO  manager.ListenerWD - Before find elements --> By.xpath: //button[text()='Sign Out']
00:18:22.189  INFO  manager.ListenerWD - After find elements --> By.xpath: //button[text()='Sign Out']
00:18:22.192  INFO  manager.ListenerWD - List suze is --> 1
00:18:22.194  INFO  manager.ListenerTNG - onTestStart ---addNewContactWrongLastName
00:18:22.195  INFO  manager.ListenerWD - Before find element --> By.cssSelector: a[href='/add']
00:18:22.211  INFO  manager.ListenerWD - After find element --> By.cssSelector: a[href='/add']
00:18:22.230  INFO  manager.ListenerWD - Before find element --> By.cssSelector: input[placeholder='Name']
00:18:22.237  INFO  manager.ListenerWD - After find element --> By.cssSelector: input[placeholder='Name']
00:18:22.290  INFO  manager.ListenerWD - Before find element --> By.cssSelector: input[placeholder='Last Name']
00:18:22.300  INFO  manager.ListenerWD - After find element --> By.cssSelector: input[placeholder='Last Name']
00:18:22.364  INFO  manager.ListenerWD - Before find element --> By.cssSelector: input[placeholder='Phone']
00:18:22.378  INFO  manager.ListenerWD - After find element --> By.cssSelector: input[placeholder='Phone']
00:18:22.428  INFO  manager.ListenerWD - Before find element --> By.cssSelector: input[placeholder='email']
00:18:22.440  INFO  manager.ListenerWD - After find element --> By.cssSelector: input[placeholder='email']
00:18:22.497  INFO  manager.ListenerWD - Before find element --> By.cssSelector: input[placeholder='Address']
00:18:22.508  INFO  manager.ListenerWD - After find element --> By.cssSelector: input[placeholder='Address']
00:18:22.650  INFO  manager.ListenerWD - Before find element --> By.cssSelector: input[placeholder='description']
00:18:22.659  INFO  manager.ListenerWD - After find element --> By.cssSelector: input[placeholder='description']
00:18:22.725  INFO  manager.ListenerWD - Before find element --> By.xpath: //b[text()='Save']
00:18:22.735  INFO  manager.ListenerWD - After find element --> By.xpath: //b[text()='Save']
00:18:22.751  INFO  manager.ListenerWD - Before find elements --> By.cssSelector: a.active[href='/add']
00:18:22.761  INFO  manager.ListenerWD - After find elements --> By.cssSelector: a.active[href='/add']
00:18:22.761  INFO  manager.ListenerWD - List suze is --> 1
00:18:22.762  INFO  manager.ListenerTNG - onTestSuccessaddNewContactWrongLastName
00:18:22.763  INFO  tests.TestBase - The name of starts method is --->addNewContactWrongName
00:18:22.764  INFO  manager.ListenerWD - Before find elements --> By.xpath: //button[text()='Sign Out']
00:18:22.773  INFO  manager.ListenerWD - After find elements --> By.xpath: //button[text()='Sign Out']
00:18:22.775  INFO  manager.ListenerWD - List suze is --> 1
00:18:22.775  INFO  manager.ListenerTNG - onTestStart ---addNewContactWrongName
00:18:22.776  INFO  manager.ListenerWD - Before find element --> By.cssSelector: a[href='/add']
00:18:22.789  INFO  manager.ListenerWD - After find element --> By.cssSelector: a[href='/add']
00:18:22.812  INFO  manager.ListenerWD - Before find element --> By.cssSelector: input[placeholder='Name']
00:18:22.826  INFO  manager.ListenerWD - After find element --> By.cssSelector: input[placeholder='Name']
00:18:22.907  INFO  manager.ListenerWD - Before find element --> By.cssSelector: input[placeholder='Last Name']
00:18:22.922  INFO  manager.ListenerWD - After find element --> By.cssSelector: input[placeholder='Last Name']
00:18:22.983  INFO  manager.ListenerWD - Before find element --> By.cssSelector: input[placeholder='Phone']
00:18:22.991  INFO  manager.ListenerWD - After find element --> By.cssSelector: input[placeholder='Phone']
00:18:23.045  INFO  manager.ListenerWD - Before find element --> By.cssSelector: input[placeholder='email']
00:18:23.054  INFO  manager.ListenerWD - After find element --> By.cssSelector: input[placeholder='email']
00:18:23.114  INFO  manager.ListenerWD - Before find element --> By.cssSelector: input[placeholder='Address']
00:18:23.124  INFO  manager.ListenerWD - After find element --> By.cssSelector: input[placeholder='Address']
00:18:23.175  INFO  manager.ListenerWD - Before find element --> By.cssSelector: input[placeholder='description']
00:18:23.184  INFO  manager.ListenerWD - After find element --> By.cssSelector: input[placeholder='description']
00:18:23.238  INFO  manager.ListenerWD - Before find element --> By.xpath: //b[text()='Save']
00:18:23.267  INFO  manager.ListenerWD - After find element --> By.xpath: //b[text()='Save']
00:18:23.300  INFO  manager.ListenerWD - Before find elements --> By.cssSelector: a.active[href='/add']
00:18:23.309  INFO  manager.ListenerWD - After find elements --> By.cssSelector: a.active[href='/add']
00:18:23.309  INFO  manager.ListenerWD - List suze is --> 1
00:18:23.310  INFO  manager.ListenerTNG - onTestSuccessaddNewContactWrongName
00:18:23.310  INFO  tests.TestBase - The name of starts method is --->addNewContactWrongPhone
00:18:23.312  INFO  manager.ListenerWD - Before find elements --> By.xpath: //button[text()='Sign Out']
00:18:23.327  INFO  manager.ListenerWD - After find elements --> By.xpath: //button[text()='Sign Out']
00:18:23.328  INFO  manager.ListenerWD - List suze is --> 1
00:18:23.329  INFO  manager.ListenerTNG - onTestStart ---addNewContactWrongPhone
00:18:23.329  INFO  manager.ListenerWD - Before find element --> By.cssSelector: a[href='/add']
00:18:23.344  INFO  manager.ListenerWD - After find element --> By.cssSelector: a[href='/add']
00:18:23.398  INFO  manager.ListenerWD - Before find element --> By.cssSelector: input[placeholder='Name']
00:18:23.408  INFO  manager.ListenerWD - After find element --> By.cssSelector: input[placeholder='Name']
00:18:23.459  INFO  manager.ListenerWD - Before find element --> By.cssSelector: input[placeholder='Last Name']
00:18:23.483  INFO  manager.ListenerWD - After find element --> By.cssSelector: input[placeholder='Last Name']
00:18:23.542  INFO  manager.ListenerWD - Before find element --> By.cssSelector: input[placeholder='Phone']
00:18:23.550  INFO  manager.ListenerWD - After find element --> By.cssSelector: input[placeholder='Phone']
00:18:23.605  INFO  manager.ListenerWD - Before find element --> By.cssSelector: input[placeholder='email']
00:18:23.617  INFO  manager.ListenerWD - After find element --> By.cssSelector: input[placeholder='email']
00:18:23.693  INFO  manager.ListenerWD - Before find element --> By.cssSelector: input[placeholder='Address']
00:18:23.713  INFO  manager.ListenerWD - After find element --> By.cssSelector: input[placeholder='Address']
00:18:23.789  INFO  manager.ListenerWD - Before find element --> By.cssSelector: input[placeholder='description']
00:18:23.797  INFO  manager.ListenerWD - After find element --> By.cssSelector: input[placeholder='description']
00:18:23.867  INFO  manager.ListenerWD - Before find element --> By.xpath: //b[text()='Save']
00:18:23.876  INFO  manager.ListenerWD - After find element --> By.xpath: //b[text()='Save']
00:18:23.930  INFO  manager.ListenerWD - Before find elements --> By.cssSelector: a.active[href='/add']
00:18:23.941  INFO  manager.ListenerWD - After find elements --> By.cssSelector: a.active[href='/add']
00:18:23.942  INFO  manager.ListenerWD - List suze is --> 1
00:18:23.951  INFO  manager.ListenerWD - The have a 'problem'
00:18:23.951  INFO  manager.ListenerWD - ******************
00:18:23.951  INFO  manager.ListenerWD - Method method ---> alert
00:18:23.952  INFO  manager.ListenerWD - ******************
00:18:23.952  INFO  manager.ListenerWD - InvocationTargetException getTargetException()org.openqa.selenium.NoAlertPresentException: no such alert
  (Session info: chrome=109.0.5414.119)
Build info: version: '4.7.1', revision: 'c6795baf1a3'
System info: os.name: 'Mac OS X', os.arch: 'x86_64', os.version: '12.2.1', java.version: '1.8.0_361'
Driver info: org.openqa.selenium.chrome.ChromeDriver
Command: [b8b78b470612b910ccc4ca28b9ec0f5f, getAlertText {}]
Capabilities {acceptInsecureCerts: false, browserName: chrome, browserVersion: 109.0.5414.119, chrome: {chromedriverVersion: 108.0.5359.71 (1e0e3868ee06..., userDataDir: /var/folders/2f/zzc4g9ts1j9...}, goog:chromeOptions: {debuggerAddress: localhost:58400}, networkConnectionEnabled: false, pageLoadStrategy: normal, platformName: MAC, proxy: Proxy(), se:cdp: ws://localhost:58400/devtoo..., se:cdpVersion: 109.0.5414.119, setWindowRect: true, strictFileInteractability: false, timeouts: {implicit: 0, pageLoad: 300000, script: 30000}, unhandledPromptBehavior: dismiss and notify, webauthn:extension:credBlob: true, webauthn:extension:largeBlob: true, webauthn:virtualAuthenticators: true}
Session ID: b8b78b470612b910ccc4ca28b9ec0f5f
00:18:23.953  INFO  manager.ListenerWD - ******************
00:18:23.954  INFO  manager.ListenerWD - Object target --->org.openqa.selenium.remote.RemoteWebDriver$RemoteTargetLocator@2199e845
00:18:23.954  INFO  manager.ListenerWD - ******************
00:18:24.510  INFO  manager.ListenerTNG - onTestSuccessaddNewContactWrongPhone
00:18:24.529  INFO  tests.TestBase - The name of starts method is --->loginSuccess
00:18:24.530  INFO  manager.ListenerWD - Before find elements --> By.xpath: //button[text()='Sign Out']
00:18:24.543  INFO  manager.ListenerWD - After find elements --> By.xpath: //button[text()='Sign Out']
00:18:24.543  INFO  manager.ListenerWD - List suze is --> 1
00:18:24.543  INFO  manager.ListenerWD - Before find element --> By.xpath: //button[text()='Sign Out']
00:18:24.554  INFO  manager.ListenerWD - After find element --> By.xpath: //button[text()='Sign Out']
00:18:24.595  INFO  tests.TestBase -  I need logout
00:18:24.596  INFO  manager.ListenerTNG - onTestStart ---loginSuccess
00:18:24.597  INFO  tests.TestBase - Login with valid data :  email: noa@gmail.com & password: Nnoa12345$
00:18:24.597  INFO  manager.ListenerWD - Before find element --> By.cssSelector: a[href='/login']
00:18:24.612  INFO  manager.ListenerWD - After find element --> By.cssSelector: a[href='/login']
00:18:24.629  INFO  manager.ListenerWD - Before find element --> By.cssSelector: a[href='/login']
00:18:24.637  INFO  manager.ListenerWD - After find element --> By.cssSelector: a[href='/login']
00:18:24.692  INFO  manager.ListenerWD - Before find element --> By.name: email
00:18:24.706  INFO  manager.ListenerWD - After find element --> By.name: email
00:18:24.784  INFO  manager.ListenerWD - Before find element --> By.name: password
00:18:24.793  INFO  manager.ListenerWD - After find element --> By.name: password
00:18:24.869  INFO  manager.ListenerWD - Before find element --> By.cssSelector: [name='login']
00:18:24.895  INFO  manager.ListenerWD - After find element --> By.cssSelector: [name='login']
00:18:24.918  INFO  manager.ListenerWD - Before find elements --> By.xpath: //button[text()='Sign Out']
00:18:25.267  INFO  manager.ListenerWD - After find elements --> By.xpath: //button[text()='Sign Out']
00:18:25.267  INFO  manager.ListenerWD - List suze is --> 1
00:18:25.267  INFO  tests.TestBase - Tests success
00:18:25.267  INFO  manager.ListenerTNG - onTestSuccessloginSuccess
00:18:25.269  INFO  tests.TestBase - The name of starts method is --->loginSuccess
00:18:25.270  INFO  manager.ListenerWD - Before find elements --> By.xpath: //button[text()='Sign Out']
00:18:25.281  INFO  manager.ListenerWD - After find elements --> By.xpath: //button[text()='Sign Out']
00:18:25.282  INFO  manager.ListenerWD - List suze is --> 1
00:18:25.282  INFO  manager.ListenerWD - Before find element --> By.xpath: //button[text()='Sign Out']
00:18:25.291  INFO  manager.ListenerWD - After find element --> By.xpath: //button[text()='Sign Out']
00:18:25.317  INFO  tests.TestBase -  I need logout
00:18:25.318  INFO  manager.ListenerTNG - onTestStart ---loginSuccess
00:18:25.318  INFO  tests.TestBase - Login with valid data :  email: sonya@gmail.com & password: Ss12345$
00:18:25.318  INFO  manager.ListenerWD - Before find element --> By.cssSelector: a[href='/login']
00:18:25.328  INFO  manager.ListenerWD - After find element --> By.cssSelector: a[href='/login']
00:18:25.339  INFO  manager.ListenerWD - Before find element --> By.cssSelector: a[href='/login']
00:18:25.346  INFO  manager.ListenerWD - After find element --> By.cssSelector: a[href='/login']
00:18:25.368  INFO  manager.ListenerWD - Before find element --> By.name: email
00:18:25.379  INFO  manager.ListenerWD - After find element --> By.name: email
00:18:25.458  INFO  manager.ListenerWD - Before find element --> By.name: password
00:18:25.468  INFO  manager.ListenerWD - After find element --> By.name: password
00:18:25.543  INFO  manager.ListenerWD - Before find element --> By.cssSelector: [name='login']
00:18:25.560  INFO  manager.ListenerWD - After find element --> By.cssSelector: [name='login']
00:18:25.580  INFO  manager.ListenerWD - Before find elements --> By.xpath: //button[text()='Sign Out']
00:18:25.895  INFO  manager.ListenerWD - After find elements --> By.xpath: //button[text()='Sign Out']
00:18:25.896  INFO  manager.ListenerWD - List suze is --> 1
00:18:25.896  INFO  tests.TestBase - Tests success
00:18:25.897  INFO  manager.ListenerTNG - onTestSuccessloginSuccess
00:18:25.898  INFO  tests.TestBase - The name of starts method is --->loginSuccess
00:18:25.898  INFO  manager.ListenerWD - Before find elements --> By.xpath: //button[text()='Sign Out']
00:18:25.928  INFO  manager.ListenerWD - After find elements --> By.xpath: //button[text()='Sign Out']
00:18:25.928  INFO  manager.ListenerWD - List suze is --> 1
00:18:25.928  INFO  manager.ListenerWD - Before find element --> By.xpath: //button[text()='Sign Out']
00:18:25.972  INFO  manager.ListenerWD - After find element --> By.xpath: //button[text()='Sign Out']
00:18:26.000  INFO  tests.TestBase -  I need logout
00:18:26.002  INFO  manager.ListenerTNG - onTestStart ---loginSuccess
00:18:26.002  INFO  tests.TestBase - Login with valid data :  email: noa@gmail.com & password: Nnoa12345$
00:18:26.002  INFO  manager.ListenerWD - Before find element --> By.cssSelector: a[href='/login']
00:18:26.013  INFO  manager.ListenerWD - After find element --> By.cssSelector: a[href='/login']
00:18:26.024  INFO  manager.ListenerWD - Before find element --> By.cssSelector: a[href='/login']
00:18:26.034  INFO  manager.ListenerWD - After find element --> By.cssSelector: a[href='/login']
00:18:26.056  INFO  manager.ListenerWD - Before find element --> By.name: email
00:18:26.063  INFO  manager.ListenerWD - After find element --> By.name: email
00:18:26.175  INFO  manager.ListenerWD - Before find element --> By.name: password
00:18:26.184  INFO  manager.ListenerWD - After find element --> By.name: password
00:18:26.268  INFO  manager.ListenerWD - Before find element --> By.cssSelector: [name='login']
00:18:26.284  INFO  manager.ListenerWD - After find element --> By.cssSelector: [name='login']
00:18:26.317  INFO  manager.ListenerWD - Before find elements --> By.xpath: //button[text()='Sign Out']
00:18:26.625  INFO  manager.ListenerWD - After find elements --> By.xpath: //button[text()='Sign Out']
00:18:26.625  INFO  manager.ListenerWD - List suze is --> 1
00:18:26.625  INFO  tests.TestBase - Tests success
00:18:26.626  INFO  manager.ListenerTNG - onTestSuccessloginSuccess
00:18:26.631  INFO  tests.TestBase - The name of starts method is --->loginSuccess2
00:18:26.632  INFO  manager.ListenerWD - Before find elements --> By.xpath: //button[text()='Sign Out']
00:18:26.657  INFO  manager.ListenerWD - After find elements --> By.xpath: //button[text()='Sign Out']
00:18:26.658  INFO  manager.ListenerWD - List suze is --> 1
00:18:26.658  INFO  manager.ListenerWD - Before find element --> By.xpath: //button[text()='Sign Out']
00:18:26.676  INFO  manager.ListenerWD - After find element --> By.xpath: //button[text()='Sign Out']
00:18:26.702  INFO  tests.TestBase -  I need logout
00:18:26.703  INFO  manager.ListenerTNG - onTestStart ---loginSuccess2
00:18:26.703  INFO  tests.TestBase - Login with valid data :  email: noa@gmail.com & password: Nnoa12345$
00:18:26.703  INFO  manager.ListenerWD - Before find element --> By.cssSelector: a[href='/login']
00:18:26.715  INFO  manager.ListenerWD - After find element --> By.cssSelector: a[href='/login']
00:18:26.722  INFO  manager.ListenerWD - Before find element --> By.cssSelector: a[href='/login']
00:18:26.730  INFO  manager.ListenerWD - After find element --> By.cssSelector: a[href='/login']
00:18:26.752  INFO  manager.ListenerWD - Before find element --> By.name: email
00:18:26.760  INFO  manager.ListenerWD - After find element --> By.name: email
00:18:26.847  INFO  manager.ListenerWD - Before find element --> By.name: password
00:18:26.854  INFO  manager.ListenerWD - After find element --> By.name: password
00:18:26.924  INFO  manager.ListenerWD - Before find element --> By.cssSelector: [name='login']
00:18:26.934  INFO  manager.ListenerWD - After find element --> By.cssSelector: [name='login']
00:18:26.955  INFO  manager.ListenerWD - Before find elements --> By.xpath: //button[text()='Sign Out']
00:18:27.273  INFO  manager.ListenerWD - After find elements --> By.xpath: //button[text()='Sign Out']
00:18:27.274  INFO  manager.ListenerWD - List suze is --> 1
00:18:27.274  INFO  tests.TestBase - Tests success
00:18:27.274  INFO  manager.ListenerTNG - onTestSuccessloginSuccess2
00:18:27.275  INFO  tests.TestBase - The name of starts method is --->loginSuccess2
00:18:27.277  INFO  manager.ListenerWD - Before find elements --> By.xpath: //button[text()='Sign Out']
00:18:27.292  INFO  manager.ListenerWD - After find elements --> By.xpath: //button[text()='Sign Out']
00:18:27.292  INFO  manager.ListenerWD - List suze is --> 1
00:18:27.292  INFO  manager.ListenerWD - Before find element --> By.xpath: //button[text()='Sign Out']
00:18:27.309  INFO  manager.ListenerWD - After find element --> By.xpath: //button[text()='Sign Out']
00:18:27.337  INFO  tests.TestBase -  I need logout
00:18:27.337  INFO  manager.ListenerTNG - onTestStart ---loginSuccess2
00:18:27.338  INFO  tests.TestBase - Login with valid data :  email: sonya@gmail.com & password: Ss12345$
00:18:27.338  INFO  manager.ListenerWD - Before find element --> By.cssSelector: a[href='/login']
00:18:27.360  INFO  manager.ListenerWD - After find element --> By.cssSelector: a[href='/login']
00:18:27.368  INFO  manager.ListenerWD - Before find element --> By.cssSelector: a[href='/login']
00:18:27.375  INFO  manager.ListenerWD - After find element --> By.cssSelector: a[href='/login']
00:18:27.396  INFO  manager.ListenerWD - Before find element --> By.name: email
00:18:27.405  INFO  manager.ListenerWD - After find element --> By.name: email
00:18:27.484  INFO  manager.ListenerWD - Before find element --> By.name: password
00:18:27.493  INFO  manager.ListenerWD - After find element --> By.name: password
00:18:27.630  INFO  manager.ListenerWD - Before find element --> By.cssSelector: [name='login']
00:18:27.644  INFO  manager.ListenerWD - After find element --> By.cssSelector: [name='login']
00:18:27.665  INFO  manager.ListenerWD - Before find elements --> By.xpath: //button[text()='Sign Out']
00:18:28.001  INFO  manager.ListenerWD - After find elements --> By.xpath: //button[text()='Sign Out']
00:18:28.002  INFO  manager.ListenerWD - List suze is --> 1
00:18:28.002  INFO  tests.TestBase - Tests success
00:18:28.002  INFO  manager.ListenerTNG - onTestSuccessloginSuccess2
00:18:28.002  INFO  tests.TestBase - The name of starts method is --->loginSuccess2
00:18:28.003  INFO  manager.ListenerWD - Before find elements --> By.xpath: //button[text()='Sign Out']
00:18:28.011  INFO  manager.ListenerWD - After find elements --> By.xpath: //button[text()='Sign Out']
00:18:28.012  INFO  manager.ListenerWD - List suze is --> 1
00:18:28.012  INFO  manager.ListenerWD - Before find element --> By.xpath: //button[text()='Sign Out']
00:18:28.019  INFO  manager.ListenerWD - After find element --> By.xpath: //button[text()='Sign Out']
00:18:28.051  INFO  tests.TestBase -  I need logout
00:18:28.051  INFO  manager.ListenerTNG - onTestStart ---loginSuccess2
00:18:28.052  INFO  tests.TestBase - Login with valid data :  email: noa@gmail.com & password: Nnoa12345$
00:18:28.052  INFO  manager.ListenerWD - Before find element --> By.cssSelector: a[href='/login']
00:18:28.058  INFO  manager.ListenerWD - After find element --> By.cssSelector: a[href='/login']
00:18:28.067  INFO  manager.ListenerWD - Before find element --> By.cssSelector: a[href='/login']
00:18:28.075  INFO  manager.ListenerWD - After find element --> By.cssSelector: a[href='/login']
00:18:28.098  INFO  manager.ListenerWD - Before find element --> By.name: email
00:18:28.107  INFO  manager.ListenerWD - After find element --> By.name: email
00:18:28.181  INFO  manager.ListenerWD - Before find element --> By.name: password
00:18:28.189  INFO  manager.ListenerWD - After find element --> By.name: password
00:18:28.267  INFO  manager.ListenerWD - Before find element --> By.cssSelector: [name='login']
00:18:28.276  INFO  manager.ListenerWD - After find element --> By.cssSelector: [name='login']
00:18:28.299  INFO  manager.ListenerWD - Before find elements --> By.xpath: //button[text()='Sign Out']
00:18:28.643  INFO  manager.ListenerWD - After find elements --> By.xpath: //button[text()='Sign Out']
00:18:28.644  INFO  manager.ListenerWD - List suze is --> 1
00:18:28.644  INFO  tests.TestBase - Tests success
00:18:28.645  INFO  manager.ListenerTNG - onTestSuccessloginSuccess2
00:18:28.647  INFO  tests.TestBase - The name of starts method is --->loginSuccessModel
00:18:28.647  INFO  manager.ListenerWD - Before find elements --> By.xpath: //button[text()='Sign Out']
00:18:28.657  INFO  manager.ListenerWD - After find elements --> By.xpath: //button[text()='Sign Out']
00:18:28.657  INFO  manager.ListenerWD - List suze is --> 1
00:18:28.657  INFO  manager.ListenerWD - Before find element --> By.xpath: //button[text()='Sign Out']
00:18:28.665  INFO  manager.ListenerWD - After find element --> By.xpath: //button[text()='Sign Out']
00:18:28.702  INFO  tests.TestBase -  I need logout
00:18:28.703  INFO  manager.ListenerTNG - onTestStart ---loginSuccessModel
00:18:28.703  INFO  tests.TestBase - Tests start with user model ---User(email=noa@gmail.com, password=Nnoa12345$)
00:18:28.703  INFO  manager.ListenerWD - Before find element --> By.cssSelector: a[href='/login']
00:18:28.712  INFO  manager.ListenerWD - After find element --> By.cssSelector: a[href='/login']
00:18:28.722  INFO  manager.ListenerWD - Before find element --> By.cssSelector: a[href='/login']
00:18:28.730  INFO  manager.ListenerWD - After find element --> By.cssSelector: a[href='/login']
00:18:28.751  INFO  manager.ListenerWD - Before find element --> By.name: email
00:18:28.760  INFO  manager.ListenerWD - After find element --> By.name: email
00:18:28.838  INFO  manager.ListenerWD - Before find element --> By.name: password
00:18:28.847  INFO  manager.ListenerWD - After find element --> By.name: password
00:18:28.923  INFO  manager.ListenerWD - Before find element --> By.cssSelector: [name='login']
00:18:28.929  INFO  manager.ListenerWD - After find element --> By.cssSelector: [name='login']
00:18:28.950  INFO  manager.ListenerWD - Before find elements --> By.xpath: //button[text()='Sign Out']
00:18:29.261  INFO  manager.ListenerWD - After find elements --> By.xpath: //button[text()='Sign Out']
00:18:29.261  INFO  manager.ListenerWD - List suze is --> 1
00:18:29.261  INFO  manager.ListenerTNG - onTestSuccessloginSuccessModel
00:18:29.263  INFO  tests.TestBase - The name of starts method is --->loginSuccessModel
00:18:29.264  INFO  manager.ListenerWD - Before find elements --> By.xpath: //button[text()='Sign Out']
00:18:29.273  INFO  manager.ListenerWD - After find elements --> By.xpath: //button[text()='Sign Out']
00:18:29.273  INFO  manager.ListenerWD - List suze is --> 1
00:18:29.273  INFO  manager.ListenerWD - Before find element --> By.xpath: //button[text()='Sign Out']
00:18:29.286  INFO  manager.ListenerWD - After find element --> By.xpath: //button[text()='Sign Out']
00:18:29.392  INFO  tests.TestBase -  I need logout
00:18:29.392  INFO  manager.ListenerTNG - onTestStart ---loginSuccessModel
00:18:29.392  INFO  tests.TestBase - Tests start with user model ---User(email=sonya@gmail.com, password=Ss12345$)
00:18:29.392  INFO  manager.ListenerWD - Before find element --> By.cssSelector: a[href='/login']
00:18:29.402  INFO  manager.ListenerWD - After find element --> By.cssSelector: a[href='/login']
00:18:29.411  INFO  manager.ListenerWD - Before find element --> By.cssSelector: a[href='/login']
00:18:29.420  INFO  manager.ListenerWD - After find element --> By.cssSelector: a[href='/login']
00:18:29.443  INFO  manager.ListenerWD - Before find element --> By.name: email
00:18:29.452  INFO  manager.ListenerWD - After find element --> By.name: email
00:18:29.537  INFO  manager.ListenerWD - Before find element --> By.name: password
00:18:29.548  INFO  manager.ListenerWD - After find element --> By.name: password
00:18:29.792  INFO  manager.ListenerWD - Before find element --> By.cssSelector: [name='login']
00:18:29.800  INFO  manager.ListenerWD - After find element --> By.cssSelector: [name='login']
00:18:29.823  INFO  manager.ListenerWD - Before find elements --> By.xpath: //button[text()='Sign Out']
00:18:30.162  INFO  manager.ListenerWD - After find elements --> By.xpath: //button[text()='Sign Out']
00:18:30.162  INFO  manager.ListenerWD - List suze is --> 1
00:18:30.163  INFO  manager.ListenerTNG - onTestSuccessloginSuccessModel
00:18:30.169  INFO  tests.TestBase - The name of starts method is --->loginSuccessModel
00:18:30.170  INFO  manager.ListenerWD - Before find elements --> By.xpath: //button[text()='Sign Out']
00:18:30.180  INFO  manager.ListenerWD - After find elements --> By.xpath: //button[text()='Sign Out']
00:18:30.180  INFO  manager.ListenerWD - List suze is --> 1
00:18:30.180  INFO  manager.ListenerWD - Before find element --> By.xpath: //button[text()='Sign Out']
00:18:30.187  INFO  manager.ListenerWD - After find element --> By.xpath: //button[text()='Sign Out']
00:18:30.215  INFO  tests.TestBase -  I need logout
00:18:30.215  INFO  manager.ListenerTNG - onTestStart ---loginSuccessModel
00:18:30.216  INFO  tests.TestBase - Tests start with user model ---User(email=noa@gmail.com, password=Nnoa12345$)
00:18:30.216  INFO  manager.ListenerWD - Before find element --> By.cssSelector: a[href='/login']
00:18:30.226  INFO  manager.ListenerWD - After find element --> By.cssSelector: a[href='/login']
00:18:30.271  INFO  manager.ListenerWD - Before find element --> By.cssSelector: a[href='/login']
00:18:30.278  INFO  manager.ListenerWD - After find element --> By.cssSelector: a[href='/login']
00:18:30.299  INFO  manager.ListenerWD - Before find element --> By.name: email
00:18:30.306  INFO  manager.ListenerWD - After find element --> By.name: email
00:18:30.381  INFO  manager.ListenerWD - Before find element --> By.name: password
00:18:30.390  INFO  manager.ListenerWD - After find element --> By.name: password
00:18:30.459  INFO  manager.ListenerWD - Before find element --> By.cssSelector: [name='login']
00:18:30.468  INFO  manager.ListenerWD - After find element --> By.cssSelector: [name='login']
00:18:30.512  INFO  manager.ListenerWD - Before find elements --> By.xpath: //button[text()='Sign Out']
00:18:30.828  INFO  manager.ListenerWD - After find elements --> By.xpath: //button[text()='Sign Out']
00:18:30.828  INFO  manager.ListenerWD - List suze is --> 1
00:18:30.830  INFO  manager.ListenerTNG - onTestSuccessloginSuccessModel
00:18:30.833  INFO  tests.TestBase - The name of starts method is --->loginSuccessModelFromFile
00:18:30.834  INFO  manager.ListenerWD - Before find elements --> By.xpath: //button[text()='Sign Out']
00:18:30.861  INFO  manager.ListenerWD - After find elements --> By.xpath: //button[text()='Sign Out']
00:18:30.862  INFO  manager.ListenerWD - List suze is --> 1
00:18:30.863  INFO  manager.ListenerWD - Before find element --> By.xpath: //button[text()='Sign Out']
00:18:30.877  INFO  manager.ListenerWD - After find element --> By.xpath: //button[text()='Sign Out']
00:18:30.913  INFO  tests.TestBase -  I need logout
00:18:30.915  INFO  manager.ListenerTNG - onTestStart ---loginSuccessModelFromFile
00:18:30.916  INFO  tests.TestBase - Tests start with user model ---User(email=noa@gmail.com, password=Nnoa12345$)
00:18:30.916  INFO  manager.ListenerWD - Before find element --> By.cssSelector: a[href='/login']
00:18:30.933  INFO  manager.ListenerWD - After find element --> By.cssSelector: a[href='/login']
00:18:30.951  INFO  manager.ListenerWD - Before find element --> By.cssSelector: a[href='/login']
00:18:30.976  INFO  manager.ListenerWD - After find element --> By.cssSelector: a[href='/login']
00:18:31.020  INFO  manager.ListenerWD - Before find element --> By.name: email
00:18:31.066  INFO  manager.ListenerWD - After find element --> By.name: email
00:18:31.164  INFO  manager.ListenerWD - Before find element --> By.name: password
00:18:31.171  INFO  manager.ListenerWD - After find element --> By.name: password
00:18:31.246  INFO  manager.ListenerWD - Before find element --> By.cssSelector: [name='login']
00:18:31.254  INFO  manager.ListenerWD - After find element --> By.cssSelector: [name='login']
00:18:31.280  INFO  manager.ListenerWD - Before find elements --> By.xpath: //button[text()='Sign Out']
00:18:31.598  INFO  manager.ListenerWD - After find elements --> By.xpath: //button[text()='Sign Out']
00:18:31.599  INFO  manager.ListenerWD - List suze is --> 1
00:18:31.602  INFO  manager.ListenerTNG - onTestSuccessloginSuccessModelFromFile
00:18:31.605  INFO  tests.TestBase - The name of starts method is --->loginSuccessModelFromFile
00:18:31.605  INFO  manager.ListenerWD - Before find elements --> By.xpath: //button[text()='Sign Out']
00:18:31.613  INFO  manager.ListenerWD - After find elements --> By.xpath: //button[text()='Sign Out']
00:18:31.614  INFO  manager.ListenerWD - List suze is --> 1
00:18:31.614  INFO  manager.ListenerWD - Before find element --> By.xpath: //button[text()='Sign Out']
00:18:31.622  INFO  manager.ListenerWD - After find element --> By.xpath: //button[text()='Sign Out']
00:18:31.649  INFO  tests.TestBase -  I need logout
00:18:31.649  INFO  manager.ListenerTNG - onTestStart ---loginSuccessModelFromFile
00:18:31.649  INFO  tests.TestBase - Tests start with user model ---User(email=sonya@gmail.com, password=Ss12345$)
00:18:31.650  INFO  manager.ListenerWD - Before find element --> By.cssSelector: a[href='/login']
00:18:31.658  INFO  manager.ListenerWD - After find element --> By.cssSelector: a[href='/login']
00:18:31.669  INFO  manager.ListenerWD - Before find element --> By.cssSelector: a[href='/login']
00:18:31.677  INFO  manager.ListenerWD - After find element --> By.cssSelector: a[href='/login']
00:18:31.699  INFO  manager.ListenerWD - Before find element --> By.name: email
00:18:31.707  INFO  manager.ListenerWD - After find element --> By.name: email
00:18:31.787  INFO  manager.ListenerWD - Before find element --> By.name: password
00:18:31.795  INFO  manager.ListenerWD - After find element --> By.name: password
00:18:31.879  INFO  manager.ListenerWD - Before find element --> By.cssSelector: [name='login']
00:18:31.902  INFO  manager.ListenerWD - After find element --> By.cssSelector: [name='login']
00:18:31.929  INFO  manager.ListenerWD - Before find elements --> By.xpath: //button[text()='Sign Out']
00:18:32.238  INFO  manager.ListenerWD - After find elements --> By.xpath: //button[text()='Sign Out']
00:18:32.238  INFO  manager.ListenerWD - List suze is --> 1
00:18:32.240  INFO  manager.ListenerTNG - onTestSuccessloginSuccessModelFromFile
00:18:32.241  INFO  tests.TestBase - The name of starts method is --->loginSuccessModelFromFile
00:18:32.242  INFO  manager.ListenerWD - Before find elements --> By.xpath: //button[text()='Sign Out']
00:18:32.257  INFO  manager.ListenerWD - After find elements --> By.xpath: //button[text()='Sign Out']
00:18:32.257  INFO  manager.ListenerWD - List suze is --> 1
00:18:32.257  INFO  manager.ListenerWD - Before find element --> By.xpath: //button[text()='Sign Out']
00:18:32.270  INFO  manager.ListenerWD - After find element --> By.xpath: //button[text()='Sign Out']
00:18:32.302  INFO  tests.TestBase -  I need logout
00:18:32.303  INFO  manager.ListenerTNG - onTestStart ---loginSuccessModelFromFile
00:18:32.304  INFO  tests.TestBase - Tests start with user model ---User(email=noa@gmail.com, password=Nnoa12345$)
00:18:32.304  INFO  manager.ListenerWD - Before find element --> By.cssSelector: a[href='/login']
00:18:32.318  INFO  manager.ListenerWD - After find element --> By.cssSelector: a[href='/login']
00:18:32.333  INFO  manager.ListenerWD - Before find element --> By.cssSelector: a[href='/login']
00:18:32.352  INFO  manager.ListenerWD - After find element --> By.cssSelector: a[href='/login']
00:18:32.377  INFO  manager.ListenerWD - Before find element --> By.name: email
00:18:32.384  INFO  manager.ListenerWD - After find element --> By.name: email
00:18:32.466  INFO  manager.ListenerWD - Before find element --> By.name: password
00:18:32.474  INFO  manager.ListenerWD - After find element --> By.name: password
00:18:32.556  INFO  manager.ListenerWD - Before find element --> By.cssSelector: [name='login']
00:18:32.572  INFO  manager.ListenerWD - After find element --> By.cssSelector: [name='login']
00:18:32.598  INFO  manager.ListenerWD - Before find elements --> By.xpath: //button[text()='Sign Out']
00:18:32.900  INFO  manager.ListenerWD - After find elements --> By.xpath: //button[text()='Sign Out']
00:18:32.900  INFO  manager.ListenerWD - List suze is --> 1
00:18:32.902  INFO  manager.ListenerTNG - onTestSuccessloginSuccessModelFromFile
00:18:32.904  INFO  tests.TestBase - The name of starts method is --->loginSuccessNew
00:18:32.905  INFO  manager.ListenerWD - Before find elements --> By.xpath: //button[text()='Sign Out']
00:18:32.925  INFO  manager.ListenerWD - After find elements --> By.xpath: //button[text()='Sign Out']
00:18:32.931  INFO  manager.ListenerWD - List suze is --> 1
00:18:32.932  INFO  manager.ListenerWD - Before find element --> By.xpath: //button[text()='Sign Out']
00:18:32.949  INFO  manager.ListenerWD - After find element --> By.xpath: //button[text()='Sign Out']
00:18:32.973  INFO  tests.TestBase -  I need logout
00:18:32.975  INFO  manager.ListenerTNG - onTestStart ---loginSuccessNew
00:18:32.976  INFO  manager.ListenerWD - Before find element --> By.cssSelector: a[href='/login']
00:18:32.986  INFO  manager.ListenerWD - After find element --> By.cssSelector: a[href='/login']
00:18:32.994  INFO  manager.ListenerWD - Before find element --> By.cssSelector: a[href='/login']
00:18:33.001  INFO  manager.ListenerWD - After find element --> By.cssSelector: a[href='/login']
00:18:33.035  INFO  manager.ListenerWD - Before find element --> By.name: email
00:18:33.041  INFO  manager.ListenerWD - After find element --> By.name: email
00:18:33.117  INFO  manager.ListenerWD - Before find element --> By.name: password
00:18:33.125  INFO  manager.ListenerWD - After find element --> By.name: password
00:18:33.203  INFO  manager.ListenerWD - Before find element --> By.cssSelector: [name='login']
00:18:33.210  INFO  manager.ListenerWD - After find element --> By.cssSelector: [name='login']
00:18:33.232  INFO  manager.ListenerWD - Before find elements --> By.xpath: //button[text()='Sign Out']
00:18:33.538  INFO  manager.ListenerWD - After find elements --> By.xpath: //button[text()='Sign Out']
00:18:33.538  INFO  manager.ListenerWD - List suze is --> 1
00:18:33.539  INFO  manager.ListenerTNG - onTestSuccessloginSuccessNew
00:18:33.541  INFO  tests.TestBase - The name of starts method is --->loginSuccessNew
00:18:33.541  INFO  manager.ListenerWD - Before find elements --> By.xpath: //button[text()='Sign Out']
00:18:33.549  INFO  manager.ListenerWD - After find elements --> By.xpath: //button[text()='Sign Out']
00:18:33.550  INFO  manager.ListenerWD - List suze is --> 1
00:18:33.550  INFO  manager.ListenerWD - Before find element --> By.xpath: //button[text()='Sign Out']
00:18:33.557  INFO  manager.ListenerWD - After find element --> By.xpath: //button[text()='Sign Out']
00:18:33.582  INFO  tests.TestBase -  I need logout
00:18:33.583  INFO  manager.ListenerTNG - onTestStart ---loginSuccessNew
00:18:33.583  INFO  manager.ListenerWD - Before find element --> By.cssSelector: a[href='/login']
00:18:33.600  INFO  manager.ListenerWD - After find element --> By.cssSelector: a[href='/login']
00:18:33.609  INFO  manager.ListenerWD - Before find element --> By.cssSelector: a[href='/login']
00:18:33.616  INFO  manager.ListenerWD - After find element --> By.cssSelector: a[href='/login']
00:18:33.638  INFO  manager.ListenerWD - Before find element --> By.name: email
00:18:33.646  INFO  manager.ListenerWD - After find element --> By.name: email
00:18:33.723  INFO  manager.ListenerWD - Before find element --> By.name: password
00:18:33.731  INFO  manager.ListenerWD - After find element --> By.name: password
00:18:33.809  INFO  manager.ListenerWD - Before find element --> By.cssSelector: [name='login']
00:18:33.824  INFO  manager.ListenerWD - After find element --> By.cssSelector: [name='login']
00:18:33.879  INFO  manager.ListenerWD - Before find elements --> By.xpath: //button[text()='Sign Out']
00:18:34.181  INFO  manager.ListenerWD - After find elements --> By.xpath: //button[text()='Sign Out']
00:18:34.182  INFO  manager.ListenerWD - List suze is --> 1
00:18:34.182  INFO  manager.ListenerTNG - onTestSuccessloginSuccessNew
00:18:34.183  INFO  tests.TestBase - The name of starts method is --->loginUnregisterUser
00:18:34.183  INFO  manager.ListenerWD - Before find elements --> By.xpath: //button[text()='Sign Out']
00:18:34.192  INFO  manager.ListenerWD - After find elements --> By.xpath: //button[text()='Sign Out']
00:18:34.192  INFO  manager.ListenerWD - List suze is --> 1
00:18:34.192  INFO  manager.ListenerWD - Before find element --> By.xpath: //button[text()='Sign Out']
00:18:34.200  INFO  manager.ListenerWD - After find element --> By.xpath: //button[text()='Sign Out']
00:18:34.226  INFO  tests.TestBase -  I need logout
00:18:34.226  INFO  manager.ListenerTNG - onTestStart ---loginUnregisterUser
00:18:34.227  INFO  manager.ListenerWD - Before find element --> By.cssSelector: a[href='/login']
00:18:34.240  INFO  manager.ListenerWD - After find element --> By.cssSelector: a[href='/login']
00:18:34.248  INFO  manager.ListenerWD - Before find element --> By.cssSelector: a[href='/login']
00:18:34.255  INFO  manager.ListenerWD - After find element --> By.cssSelector: a[href='/login']
00:18:34.277  INFO  manager.ListenerWD - Before find element --> By.name: email
00:18:34.285  INFO  manager.ListenerWD - After find element --> By.name: email
00:18:34.368  INFO  manager.ListenerWD - Before find element --> By.name: password
00:18:34.375  INFO  manager.ListenerWD - After find element --> By.name: password
00:18:34.454  INFO  manager.ListenerWD - Before find element --> By.cssSelector: [name='login']
00:18:34.462  INFO  manager.ListenerWD - After find element --> By.cssSelector: [name='login']
00:18:34.484  INFO  manager.ListenerWD - Before find elements --> By.xpath: //button[text()='Sign Out']
00:18:34.996  INFO  manager.ListenerWD - After find elements --> By.xpath: //button[text()='Sign Out']
00:18:34.996  INFO  manager.ListenerWD - List suze is --> 0
00:18:35.029  INFO  manager.ListenerTNG - onTestSuccessloginUnregisterUser
00:18:35.031  INFO  tests.TestBase - The name of starts method is --->loginWrongEmail
00:18:35.032  INFO  manager.ListenerWD - Before find elements --> By.xpath: //button[text()='Sign Out']
00:18:40.114  INFO  manager.ListenerWD - After find elements --> By.xpath: //button[text()='Sign Out']
00:18:40.115  INFO  manager.ListenerWD - List suze is --> 0
00:18:40.116  INFO  manager.ListenerTNG - onTestStart ---loginWrongEmail
00:18:40.116  INFO  manager.ListenerWD - Before find element --> By.cssSelector: a[href='/login']
00:18:40.129  INFO  manager.ListenerWD - After find element --> By.cssSelector: a[href='/login']
00:18:40.137  INFO  manager.ListenerWD - Before find element --> By.cssSelector: a[href='/login']
00:18:40.145  INFO  manager.ListenerWD - After find element --> By.cssSelector: a[href='/login']
00:18:40.180  INFO  manager.ListenerWD - Before find element --> By.name: email
00:18:40.188  INFO  manager.ListenerWD - After find element --> By.name: email
00:18:40.268  INFO  manager.ListenerWD - Before find element --> By.name: password
00:18:40.281  INFO  manager.ListenerWD - After find element --> By.name: password
00:18:40.362  INFO  manager.ListenerWD - Before find element --> By.cssSelector: [name='login']
00:18:40.370  INFO  manager.ListenerWD - After find element --> By.cssSelector: [name='login']
00:18:40.392  INFO  manager.ListenerWD - Before find elements --> By.xpath: //button[text()='Sign Out']
00:18:40.957  INFO  manager.ListenerWD - After find elements --> By.xpath: //button[text()='Sign Out']
00:18:40.957  INFO  manager.ListenerWD - List suze is --> 0
00:18:40.978  INFO  tests.TestBase - Error message is : 'Wrong email or password' 
00:18:40.979  INFO  manager.ListenerTNG - onTestSuccessloginWrongEmail
00:18:40.980  INFO  tests.TestBase - The name of starts method is --->loginWrongPassword
00:18:40.980  INFO  manager.ListenerWD - Before find elements --> By.xpath: //button[text()='Sign Out']
00:18:46.030  INFO  manager.ListenerWD - After find elements --> By.xpath: //button[text()='Sign Out']
00:18:46.030  INFO  manager.ListenerWD - List suze is --> 0
00:18:46.031  INFO  manager.ListenerTNG - onTestStart ---loginWrongPassword
00:18:46.031  INFO  manager.ListenerWD - Before find element --> By.cssSelector: a[href='/login']
00:18:46.049  INFO  manager.ListenerWD - After find element --> By.cssSelector: a[href='/login']
00:18:46.058  INFO  manager.ListenerWD - Before find element --> By.cssSelector: a[href='/login']
00:18:46.065  INFO  manager.ListenerWD - After find element --> By.cssSelector: a[href='/login']
00:18:46.094  INFO  manager.ListenerWD - Before find element --> By.name: email
00:18:46.100  INFO  manager.ListenerWD - After find element --> By.name: email
00:18:46.174  INFO  manager.ListenerWD - Before find element --> By.name: password
00:18:46.181  INFO  manager.ListenerWD - After find element --> By.name: password
00:18:46.257  INFO  manager.ListenerWD - Before find element --> By.cssSelector: [name='login']
00:18:46.267  INFO  manager.ListenerWD - After find element --> By.cssSelector: [name='login']
00:18:46.291  INFO  manager.ListenerWD - Before find elements --> By.xpath: //button[text()='Sign Out']
00:18:46.862  INFO  manager.ListenerWD - After find elements --> By.xpath: //button[text()='Sign Out']
00:18:46.862  INFO  manager.ListenerWD - List suze is --> 0
00:18:46.878  INFO  manager.ListenerTNG - onTestSuccessloginWrongPassword
00:18:46.880  INFO  tests.TestBase - The name of starts method is --->registrationSuccess
00:18:46.881  INFO  manager.ListenerWD - Before find elements --> By.xpath: //button[text()='Sign Out']
00:18:51.905  INFO  manager.ListenerWD - After find elements --> By.xpath: //button[text()='Sign Out']
00:18:51.906  INFO  manager.ListenerWD - List suze is --> 0
00:18:51.911  INFO  manager.ListenerTNG - onTestStart ---registrationSuccess
00:18:51.912  INFO  manager.ListenerWD - Before find element --> By.cssSelector: a[href='/login']
00:18:51.929  INFO  manager.ListenerWD - After find element --> By.cssSelector: a[href='/login']
00:18:51.938  INFO  manager.ListenerWD - Before find element --> By.cssSelector: a[href='/login']
00:18:51.950  INFO  manager.ListenerWD - After find element --> By.cssSelector: a[href='/login']
00:18:51.968  INFO  manager.ListenerWD - Before find element --> By.name: email
00:18:51.982  INFO  manager.ListenerWD - After find element --> By.name: email
00:18:52.058  INFO  manager.ListenerWD - Before find element --> By.name: password
00:18:52.066  INFO  manager.ListenerWD - After find element --> By.name: password
00:18:52.149  INFO  manager.ListenerWD - Before find element --> By.cssSelector: [name='registration']
00:18:52.162  INFO  manager.ListenerWD - After find element --> By.cssSelector: [name='registration']
00:18:52.216  INFO  manager.ListenerWD - Before find elements --> By.xpath: //button[text()='Sign Out']
00:18:52.730  INFO  manager.ListenerWD - After find elements --> By.xpath: //button[text()='Sign Out']
00:18:52.730  INFO  manager.ListenerWD - List suze is --> 1
00:18:52.730  INFO  manager.ListenerTNG - onTestSuccessregistrationSuccess
00:18:52.731  INFO  tests.TestBase - The name of starts method is --->registrationUserAlreadyExists
00:18:52.732  INFO  manager.ListenerWD - Before find elements --> By.xpath: //button[text()='Sign Out']
00:18:52.739  INFO  manager.ListenerWD - After find elements --> By.xpath: //button[text()='Sign Out']
00:18:52.739  INFO  manager.ListenerWD - List suze is --> 1
00:18:52.739  INFO  manager.ListenerWD - Before find element --> By.xpath: //button[text()='Sign Out']
00:18:52.747  INFO  manager.ListenerWD - After find element --> By.xpath: //button[text()='Sign Out']
00:18:52.773  INFO  manager.ListenerTNG - onTestStart ---registrationUserAlreadyExists
00:18:52.773  INFO  manager.ListenerWD - Before find element --> By.cssSelector: a[href='/login']
00:18:52.790  INFO  manager.ListenerWD - After find element --> By.cssSelector: a[href='/login']
00:18:52.799  INFO  manager.ListenerWD - Before find element --> By.cssSelector: a[href='/login']
00:18:52.807  INFO  manager.ListenerWD - After find element --> By.cssSelector: a[href='/login']
00:18:52.831  INFO  manager.ListenerWD - Before find element --> By.name: email
00:18:52.839  INFO  manager.ListenerWD - After find element --> By.name: email
00:18:52.916  INFO  manager.ListenerWD - Before find element --> By.name: password
00:18:52.924  INFO  manager.ListenerWD - After find element --> By.name: password
00:18:53.002  INFO  manager.ListenerWD - Before find element --> By.cssSelector: [name='registration']
00:18:53.020  INFO  manager.ListenerWD - After find element --> By.cssSelector: [name='registration']
00:18:53.086  INFO  manager.ListenerWD - Before find elements --> By.xpath: //button[text()='Sign Out']
00:18:53.312  INFO  manager.ListenerWD - After find elements --> By.xpath: //button[text()='Sign Out']
00:18:53.312  INFO  manager.ListenerWD - List suze is --> 0
00:18:53.344  INFO  manager.ListenerTNG - onTestSuccessregistrationUserAlreadyExists
00:18:53.345  INFO  tests.TestBase - The name of starts method is --->registrationWrongEmail
00:18:53.345  INFO  manager.ListenerWD - Before find elements --> By.xpath: //button[text()='Sign Out']
00:18:58.378  INFO  manager.ListenerWD - After find elements --> By.xpath: //button[text()='Sign Out']
00:18:58.378  INFO  manager.ListenerWD - List suze is --> 0
00:18:58.379  INFO  manager.ListenerTNG - onTestStart ---registrationWrongEmail
00:18:58.380  INFO  manager.ListenerWD - Before find element --> By.cssSelector: a[href='/login']
00:18:58.398  INFO  manager.ListenerWD - After find element --> By.cssSelector: a[href='/login']
00:18:58.411  INFO  manager.ListenerWD - Before find element --> By.cssSelector: a[href='/login']
00:18:58.419  INFO  manager.ListenerWD - After find element --> By.cssSelector: a[href='/login']
00:18:58.436  INFO  manager.ListenerWD - Before find element --> By.name: email
00:18:58.445  INFO  manager.ListenerWD - After find element --> By.name: email
00:18:58.519  INFO  manager.ListenerWD - Before find element --> By.name: password
00:18:58.533  INFO  manager.ListenerWD - After find element --> By.name: password
00:18:58.640  INFO  manager.ListenerWD - Before find element --> By.cssSelector: [name='registration']
00:18:58.659  INFO  manager.ListenerWD - After find element --> By.cssSelector: [name='registration']
00:18:58.701  INFO  manager.ListenerWD - The have a 'problem'
00:18:58.701  INFO  manager.ListenerWD - ******************
00:18:58.701  INFO  manager.ListenerWD - Method method ---> alert
00:18:58.701  INFO  manager.ListenerWD - ******************
00:18:58.702  INFO  manager.ListenerWD - InvocationTargetException getTargetException()org.openqa.selenium.NoAlertPresentException: no such alert
  (Session info: chrome=109.0.5414.119)
Build info: version: '4.7.1', revision: 'c6795baf1a3'
System info: os.name: 'Mac OS X', os.arch: 'x86_64', os.version: '12.2.1', java.version: '1.8.0_361'
Driver info: org.openqa.selenium.chrome.ChromeDriver
Command: [b8b78b470612b910ccc4ca28b9ec0f5f, getAlertText {}]
Capabilities {acceptInsecureCerts: false, browserName: chrome, browserVersion: 109.0.5414.119, chrome: {chromedriverVersion: 108.0.5359.71 (1e0e3868ee06..., userDataDir: /var/folders/2f/zzc4g9ts1j9...}, goog:chromeOptions: {debuggerAddress: localhost:58400}, networkConnectionEnabled: false, pageLoadStrategy: normal, platformName: MAC, proxy: Proxy(), se:cdp: ws://localhost:58400/devtoo..., se:cdpVersion: 109.0.5414.119, setWindowRect: true, strictFileInteractability: false, timeouts: {implicit: 0, pageLoad: 300000, script: 30000}, unhandledPromptBehavior: dismiss and notify, webauthn:extension:credBlob: true, webauthn:extension:largeBlob: true, webauthn:virtualAuthenticators: true}
Session ID: b8b78b470612b910ccc4ca28b9ec0f5f
00:18:58.702  INFO  manager.ListenerWD - ******************
00:18:58.702  INFO  manager.ListenerWD - Object target --->org.openqa.selenium.remote.RemoteWebDriver$RemoteTargetLocator@6de5ad56
00:18:58.702  INFO  manager.ListenerWD - ******************
00:18:59.233  INFO  manager.ListenerTNG - onTestSuccessregistrationWrongEmail
00:18:59.235  INFO  tests.TestBase - The name of starts method is --->registrationWrongPassword
00:18:59.235  INFO  manager.ListenerWD - Before find elements --> By.xpath: //button[text()='Sign Out']
00:19:04.252  INFO  manager.ListenerWD - After find elements --> By.xpath: //button[text()='Sign Out']
00:19:04.252  INFO  manager.ListenerWD - List suze is --> 0
00:19:04.253  INFO  manager.ListenerTNG - onTestStart ---registrationWrongPassword
00:19:04.254  INFO  manager.ListenerWD - Before find element --> By.cssSelector: a[href='/login']
00:19:04.265  INFO  manager.ListenerWD - After find element --> By.cssSelector: a[href='/login']
00:19:04.276  INFO  manager.ListenerWD - Before find element --> By.cssSelector: a[href='/login']
00:19:04.284  INFO  manager.ListenerWD - After find element --> By.cssSelector: a[href='/login']
00:19:04.299  INFO  manager.ListenerWD - Before find element --> By.name: email
00:19:04.323  INFO  manager.ListenerWD - After find element --> By.name: email
00:19:04.401  INFO  manager.ListenerWD - Before find element --> By.name: password
00:19:04.409  INFO  manager.ListenerWD - After find element --> By.name: password
00:19:04.517  INFO  manager.ListenerWD - Before find element --> By.cssSelector: [name='registration']
00:19:04.524  INFO  manager.ListenerWD - After find element --> By.cssSelector: [name='registration']
00:19:04.552  INFO  manager.ListenerWD - The have a 'problem'
00:19:04.552  INFO  manager.ListenerWD - ******************
00:19:04.552  INFO  manager.ListenerWD - Method method ---> alert
00:19:04.552  INFO  manager.ListenerWD - ******************
00:19:04.552  INFO  manager.ListenerWD - InvocationTargetException getTargetException()org.openqa.selenium.NoAlertPresentException: no such alert
  (Session info: chrome=109.0.5414.119)
Build info: version: '4.7.1', revision: 'c6795baf1a3'
System info: os.name: 'Mac OS X', os.arch: 'x86_64', os.version: '12.2.1', java.version: '1.8.0_361'
Driver info: org.openqa.selenium.chrome.ChromeDriver
Command: [b8b78b470612b910ccc4ca28b9ec0f5f, getAlertText {}]
Capabilities {acceptInsecureCerts: false, browserName: chrome, browserVersion: 109.0.5414.119, chrome: {chromedriverVersion: 108.0.5359.71 (1e0e3868ee06..., userDataDir: /var/folders/2f/zzc4g9ts1j9...}, goog:chromeOptions: {debuggerAddress: localhost:58400}, networkConnectionEnabled: false, pageLoadStrategy: normal, platformName: MAC, proxy: Proxy(), se:cdp: ws://localhost:58400/devtoo..., se:cdpVersion: 109.0.5414.119, setWindowRect: true, strictFileInteractability: false, timeouts: {implicit: 0, pageLoad: 300000, script: 30000}, unhandledPromptBehavior: dismiss and notify, webauthn:extension:credBlob: true, webauthn:extension:largeBlob: true, webauthn:virtualAuthenticators: true}
Session ID: b8b78b470612b910ccc4ca28b9ec0f5f
00:19:04.552  INFO  manager.ListenerWD - ******************
00:19:04.552  INFO  manager.ListenerWD - Object target --->org.openqa.selenium.remote.RemoteWebDriver$RemoteTargetLocator@33568e26
00:19:04.552  INFO  manager.ListenerWD - ******************
00:19:05.083  INFO  manager.ListenerTNG - onTestSuccessregistrationWrongPassword
00:19:05.095  INFO  manager.ListenerTNG - onFinish ---Gradle test
